{"/app/api/index.js":{"path":"/app/api/index.js","statementMap":{"0":{"start":{"line":3,"column":29},"end":{"line":3,"column":84}},"1":{"start":{"line":5,"column":0},"end":{"line":7,"column":3}},"2":{"start":{"line":8,"column":0},"end":{"line":8,"column":28}},"3":{"start":{"line":10,"column":15},"end":{"line":10,"column":57}},"4":{"start":{"line":12,"column":18},"end":{"line":12,"column":64}},"5":{"start":{"line":14,"column":19},"end":{"line":14,"column":81}},"6":{"start":{"line":16,"column":24},"end":{"line":16,"column":91}},"7":{"start":{"line":18,"column":21},"end":{"line":18,"column":85}},"8":{"start":{"line":20,"column":19},"end":{"line":20,"column":81}},"9":{"start":{"line":22,"column":10},"end":{"line":22,"column":36}},"10":{"start":{"line":23,"column":0},"end":{"line":23,"column":39}},"11":{"start":{"line":24,"column":0},"end":{"line":26,"column":4}},"12":{"start":{"line":27,"column":11},"end":{"line":27,"column":35}},"13":{"start":{"line":28,"column":0},"end":{"line":28,"column":47}},"14":{"start":{"line":29,"column":0},"end":{"line":29,"column":57}},"15":{"start":{"line":30,"column":0},"end":{"line":30,"column":51}},"16":{"start":{"line":31,"column":0},"end":{"line":31,"column":47}},"17":{"start":{"line":32,"column":0},"end":{"line":36,"column":3}},"18":{"start":{"line":33,"column":2},"end":{"line":35,"column":5}},"19":{"start":{"line":37,"column":0},"end":{"line":39,"column":3}},"20":{"start":{"line":38,"column":2},"end":{"line":38,"column":57}},"21":{"start":{"line":40,"column":15},"end":{"line":40,"column":18}},"22":{"start":{"line":41,"column":0},"end":{"line":41,"column":30}}},"fnMap":{"0":{"name":"(anonymous_0)","decl":{"start":{"line":32,"column":13},"end":{"line":32,"column":14}},"loc":{"start":{"line":32,"column":33},"end":{"line":36,"column":1}},"line":32},"1":{"name":"(anonymous_1)","decl":{"start":{"line":37,"column":17},"end":{"line":37,"column":18}},"loc":{"start":{"line":37,"column":29},"end":{"line":39,"column":1}},"line":37}},"branchMap":{"0":{"loc":{"start":{"line":27,"column":11},"end":{"line":27,"column":35}},"type":"binary-expr","locations":[{"start":{"line":27,"column":11},"end":{"line":27,"column":27}},{"start":{"line":27,"column":31},"end":{"line":27,"column":35}}],"line":27}},"s":{"0":1,"1":1,"2":1,"3":1,"4":1,"5":1,"6":1,"7":1,"8":1,"9":1,"10":1,"11":1,"12":1,"13":1,"14":1,"15":1,"16":1,"17":1,"18":0,"19":1,"20":1,"21":1,"22":1},"f":{"0":0,"1":1},"b":{"0":[1,1]},"inputSourceMap":{"version":3,"sources":["index.js"],"names":["app","use","bodyParser","json","urlencoded","extended","port","process","env","PORT","OrderRoutes","OrderItensRoutes","ProductRoutes","TableRoutes","get","req","res","status","send","message","listen","console","log"],"mappings":";;;;;;;;;AAAA;;AACA;;AACA;;AACA;;AACA;;AACA;;AAEA,IAAMA,GAAG,GAAG,0BAAZ;AACAA,GAAG,CAACC,GAAJ,CAAQC,uBAAWC,IAAX,EAAR;AACAH,GAAG,CAACC,GAAJ,CAAQC,uBAAWE,UAAX,CAAsB;AAAEC,EAAAA,QAAQ,EAAE;AAAZ,CAAtB,CAAR;AAEA,IAAMC,IAAI,GAAGC,OAAO,CAACC,GAAR,CAAYC,IAAZ,IAAoB,IAAjC;AAEAT,GAAG,CAACC,GAAJ,CAAQ,YAAR,EAAsBS,uBAAtB;AACAV,GAAG,CAACC,GAAJ,CAAQ,iBAAR,EAA2BU,4BAA3B;AACAX,GAAG,CAACC,GAAJ,CAAQ,cAAR,EAAwBW,yBAAxB;AACAZ,GAAG,CAACC,GAAJ,CAAQ,YAAR,EAAsBY,uBAAtB;AAEAb,GAAG,CAACc,GAAJ,CAAQ,GAAR,EAAa,UAACC,GAAD,EAAMC,GAAN;AAAA,SAAcA,GAAG,CAACC,MAAJ,CAAW,GAAX,EAAgBC,IAAhB,CAAqB;AAC9CC,IAAAA,OAAO,EAAE;AADqC,GAArB,CAAd;AAAA,CAAb;AAIAnB,GAAG,CAACoB,MAAJ,CAAWd,IAAX,EAAiB,YAAM;AACrBe,EAAAA,OAAO,CAACC,GAAR,qCAAyChB,IAAzC;AACD,CAFD;eAIeN,G","sourceRoot":"/app/api","sourcesContent":["import express from 'express';\nimport bodyParser from 'body-parser';\nimport OrderRoutes from './server/routes/OrderRoutes';\nimport OrderItensRoutes from './server/routes/OrderItensRoutes';\nimport ProductRoutes from './server/routes/ProductRoutes';\nimport TableRoutes from './server/routes/TableRoutes';\n\nconst app = express();\napp.use(bodyParser.json());\napp.use(bodyParser.urlencoded({ extended: false }));\n\nconst port = process.env.PORT || 3000;\n\napp.use('/api/order', OrderRoutes);\napp.use('/api/orderitens', OrderItensRoutes);\napp.use('/api/product', ProductRoutes);\napp.use('/api/table', TableRoutes);\n\napp.get('*', (req, res) => res.status(200).send({\n  message: 'Esta é a API do God Save the Queen - BAR.'\n}));\n\napp.listen(port, () => {\n  console.log(`Server is running on PORT ${port}`)\n});\n\nexport default app;"]},"_coverageSchema":"1a1c01bbd47fc00a2c39e90264f33305004495a9","hash":"bfbf86c9d5eef1a5c8f5c9fd0670043376a42f49","contentHash":"7898ed4b402b07b5a7a18e9a61b12a885c4f03313ccecb1bd6eb92aa4502160f"},"/app/api/server/routes/OrderRoutes.js":{"path":"/app/api/server/routes/OrderRoutes.js","statementMap":{"0":{"start":{"line":3,"column":29},"end":{"line":3,"column":84}},"1":{"start":{"line":5,"column":0},"end":{"line":7,"column":3}},"2":{"start":{"line":8,"column":0},"end":{"line":8,"column":28}},"3":{"start":{"line":10,"column":15},"end":{"line":10,"column":33}},"4":{"start":{"line":12,"column":23},"end":{"line":12,"column":88}},"5":{"start":{"line":14,"column":13},"end":{"line":14,"column":35}},"6":{"start":{"line":15,"column":0},"end":{"line":15,"column":57}},"7":{"start":{"line":16,"column":0},"end":{"line":16,"column":68}},"8":{"start":{"line":17,"column":0},"end":{"line":17,"column":68}},"9":{"start":{"line":18,"column":0},"end":{"line":18,"column":66}},"10":{"start":{"line":19,"column":0},"end":{"line":19,"column":55}},"11":{"start":{"line":20,"column":0},"end":{"line":20,"column":65}},"12":{"start":{"line":21,"column":0},"end":{"line":21,"column":57}},"13":{"start":{"line":22,"column":0},"end":{"line":22,"column":61}},"14":{"start":{"line":23,"column":0},"end":{"line":23,"column":70}},"15":{"start":{"line":24,"column":0},"end":{"line":24,"column":66}},"16":{"start":{"line":25,"column":0},"end":{"line":25,"column":76}},"17":{"start":{"line":26,"column":15},"end":{"line":26,"column":21}},"18":{"start":{"line":27,"column":0},"end":{"line":27,"column":30}}},"fnMap":{},"branchMap":{},"s":{"0":1,"1":1,"2":1,"3":1,"4":1,"5":1,"6":1,"7":1,"8":1,"9":1,"10":1,"11":1,"12":1,"13":1,"14":1,"15":1,"16":1,"17":1,"18":1},"f":{},"b":{},"inputSourceMap":{"version":3,"sources":["OrderRoutes.js"],"names":["router","get","OrderController","getAllOrder","getAllOrdersItens","getOrderItens","getOrderItem","post","addOrder","addOrderItens","getOrder","put","updatedOrder","updateOrderItem","deleteOrder","deleteOrderItem"],"mappings":";;;;;;;;;AAAA;;AACA;;AAEA,IAAMA,MAAM,GAAG,sBAAf;AACAA,MAAM,CAACC,GAAP,CAAW,GAAX,EAAgBC,4BAAgBC,WAAhC;AACAH,MAAM,CAACC,GAAP,CAAW,QAAX,EAAqBC,4BAAgBE,iBAArC;AACAJ,MAAM,CAACC,GAAP,CAAW,YAAX,EAAyBC,4BAAgBG,aAAzC;AACAL,MAAM,CAACC,GAAP,CAAW,WAAX,EAAwBC,4BAAgBI,YAAxC;AACAN,MAAM,CAACO,IAAP,CAAY,GAAZ,EAAiBL,4BAAgBM,QAAjC;AACAR,MAAM,CAACO,IAAP,CAAY,QAAZ,EAAsBL,4BAAgBO,aAAtC;AACAT,MAAM,CAACC,GAAP,CAAW,MAAX,EAAmBC,4BAAgBQ,QAAnC;AACAV,MAAM,CAACW,GAAP,CAAW,MAAX,EAAmBT,4BAAgBU,YAAnC;AACAZ,MAAM,CAACW,GAAP,CAAW,YAAX,EAAyBT,4BAAgBW,eAAzC;AACAb,MAAM,UAAN,CAAc,MAAd,EAAsBE,4BAAgBY,WAAtC;AACAd,MAAM,UAAN,CAAc,YAAd,EAA4BE,4BAAgBa,eAA5C;eAEef,M","sourceRoot":"/app/api/server/routes","sourcesContent":["import { Router } from 'express';\nimport OrderController from '../controllers/Ordercontroller';\n\nconst router = Router()\nrouter.get('/', OrderController.getAllOrder);\nrouter.get('/itens', OrderController.getAllOrdersItens);\nrouter.get('/itens/:id', OrderController.getOrderItens);\nrouter.get('/item/:id', OrderController.getOrderItem);\nrouter.post('/', OrderController.addOrder);\nrouter.post('/itens', OrderController.addOrderItens);\nrouter.get('/:id', OrderController.getOrder);\nrouter.put('/:id', OrderController.updatedOrder);\nrouter.put('/itens/:id', OrderController.updateOrderItem);\nrouter.delete('/:id', OrderController.deleteOrder);\nrouter.delete('/itens/:id', OrderController.deleteOrderItem);\n\nexport default router;"]},"_coverageSchema":"1a1c01bbd47fc00a2c39e90264f33305004495a9","hash":"2200f9b032994693bc34879bc81ab5e4ed39d4b5","contentHash":"473e1925b9722864992b7f5a1335ae7d1912effeaa87ecd0ab88375188a93a8e"},"/app/api/server/controllers/Ordercontroller.js":{"path":"/app/api/server/controllers/Ordercontroller.js","statementMap":{"0":{"start":{"line":3,"column":29},"end":{"line":3,"column":84}},"1":{"start":{"line":5,"column":0},"end":{"line":7,"column":3}},"2":{"start":{"line":8,"column":0},"end":{"line":8,"column":28}},"3":{"start":{"line":10,"column":19},"end":{"line":10,"column":80}},"4":{"start":{"line":12,"column":25},"end":{"line":12,"column":99}},"5":{"start":{"line":14,"column":23},"end":{"line":14,"column":95}},"6":{"start":{"line":16,"column":20},"end":{"line":16,"column":89}},"7":{"start":{"line":18,"column":20},"end":{"line":18,"column":79}},"8":{"start":{"line":20,"column":13},"end":{"line":20,"column":62}},"9":{"start":{"line":22,"column":11},"end":{"line":22,"column":34}},"10":{"start":{"line":26,"column":0},"end":{"line":627,"column":3}},"11":{"start":{"line":28,"column":4},"end":{"line":28,"column":60}},"12":{"start":{"line":31,"column":2},"end":{"line":625,"column":6}},"13":{"start":{"line":34,"column":25},"end":{"line":69,"column":9}},"14":{"start":{"line":38,"column":8},"end":{"line":68,"column":36}},"15":{"start":{"line":39,"column":10},"end":{"line":67,"column":11}},"16":{"start":{"line":40,"column":12},"end":{"line":66,"column":13}},"17":{"start":{"line":42,"column":16},"end":{"line":42,"column":34}},"18":{"start":{"line":43,"column":16},"end":{"line":43,"column":34}},"19":{"start":{"line":44,"column":16},"end":{"line":44,"column":62}},"20":{"start":{"line":47,"column":16},"end":{"line":47,"column":41}},"21":{"start":{"line":49,"column":16},"end":{"line":53,"column":17}},"22":{"start":{"line":50,"column":18},"end":{"line":50,"column":68}},"23":{"start":{"line":52,"column":18},"end":{"line":52,"column":57}},"24":{"start":{"line":55,"column":16},"end":{"line":55,"column":65}},"25":{"start":{"line":58,"column":16},"end":{"line":58,"column":34}},"26":{"start":{"line":59,"column":16},"end":{"line":59,"column":51}},"27":{"start":{"line":60,"column":16},"end":{"line":60,"column":48}},"28":{"start":{"line":61,"column":16},"end":{"line":61,"column":65}},"29":{"start":{"line":65,"column":16},"end":{"line":65,"column":39}},"30":{"start":{"line":72,"column":8},"end":{"line":72,"column":51}},"31":{"start":{"line":75,"column":6},"end":{"line":75,"column":25}},"32":{"start":{"line":80,"column":22},"end":{"line":119,"column":9}},"33":{"start":{"line":84,"column":8},"end":{"line":118,"column":38}},"34":{"start":{"line":85,"column":10},"end":{"line":117,"column":11}},"35":{"start":{"line":86,"column":12},"end":{"line":116,"column":13}},"36":{"start":{"line":88,"column":16},"end":{"line":91,"column":17}},"37":{"start":{"line":89,"column":18},"end":{"line":89,"column":37}},"38":{"start":{"line":90,"column":18},"end":{"line":90,"column":24}},"39":{"start":{"line":93,"column":16},"end":{"line":93,"column":70}},"40":{"start":{"line":94,"column":16},"end":{"line":94,"column":66}},"41":{"start":{"line":97,"column":16},"end":{"line":97,"column":36}},"42":{"start":{"line":98,"column":16},"end":{"line":98,"column":35}},"43":{"start":{"line":99,"column":16},"end":{"line":99,"column":35}},"44":{"start":{"line":100,"column":16},"end":{"line":100,"column":67}},"45":{"start":{"line":103,"column":16},"end":{"line":103,"column":46}},"46":{"start":{"line":104,"column":16},"end":{"line":104,"column":67}},"47":{"start":{"line":105,"column":16},"end":{"line":105,"column":66}},"48":{"start":{"line":108,"column":16},"end":{"line":108,"column":36}},"49":{"start":{"line":109,"column":16},"end":{"line":109,"column":53}},"50":{"start":{"line":110,"column":16},"end":{"line":110,"column":57}},"51":{"start":{"line":111,"column":16},"end":{"line":111,"column":66}},"52":{"start":{"line":115,"column":16},"end":{"line":115,"column":40}},"53":{"start":{"line":122,"column":8},"end":{"line":122,"column":48}},"54":{"start":{"line":125,"column":6},"end":{"line":125,"column":22}},"55":{"start":{"line":130,"column":26},"end":{"line":177,"column":9}},"56":{"start":{"line":134,"column":8},"end":{"line":176,"column":38}},"57":{"start":{"line":135,"column":10},"end":{"line":175,"column":11}},"58":{"start":{"line":136,"column":12},"end":{"line":174,"column":13}},"59":{"start":{"line":138,"column":16},"end":{"line":138,"column":40}},"60":{"start":{"line":139,"column":16},"end":{"line":139,"column":35}},"61":{"start":{"line":141,"column":16},"end":{"line":144,"column":17}},"62":{"start":{"line":142,"column":18},"end":{"line":142,"column":37}},"63":{"start":{"line":143,"column":18},"end":{"line":143,"column":24}},"64":{"start":{"line":146,"column":16},"end":{"line":146,"column":73}},"65":{"start":{"line":147,"column":16},"end":{"line":147,"column":66}},"66":{"start":{"line":150,"column":16},"end":{"line":150,"column":35}},"67":{"start":{"line":151,"column":16},"end":{"line":151,"column":35}},"68":{"start":{"line":152,"column":16},"end":{"line":152,"column":78}},"69":{"start":{"line":155,"column":16},"end":{"line":155,"column":45}},"70":{"start":{"line":157,"column":16},"end":{"line":161,"column":17}},"71":{"start":{"line":158,"column":18},"end":{"line":158,"column":83}},"72":{"start":{"line":160,"column":18},"end":{"line":160,"column":69}},"73":{"start":{"line":163,"column":16},"end":{"line":163,"column":66}},"74":{"start":{"line":166,"column":16},"end":{"line":166,"column":36}},"75":{"start":{"line":167,"column":16},"end":{"line":167,"column":53}},"76":{"start":{"line":168,"column":16},"end":{"line":168,"column":49}},"77":{"start":{"line":169,"column":16},"end":{"line":169,"column":66}},"78":{"start":{"line":173,"column":16},"end":{"line":173,"column":40}},"79":{"start":{"line":180,"column":8},"end":{"line":180,"column":52}},"80":{"start":{"line":183,"column":6},"end":{"line":183,"column":26}},"81":{"start":{"line":188,"column":22},"end":{"line":234,"column":9}},"82":{"start":{"line":192,"column":8},"end":{"line":233,"column":38}},"83":{"start":{"line":193,"column":10},"end":{"line":232,"column":11}},"84":{"start":{"line":194,"column":12},"end":{"line":231,"column":13}},"85":{"start":{"line":196,"column":16},"end":{"line":196,"column":35}},"86":{"start":{"line":198,"column":16},"end":{"line":201,"column":17}},"87":{"start":{"line":199,"column":18},"end":{"line":199,"column":37}},"88":{"start":{"line":200,"column":18},"end":{"line":200,"column":24}},"89":{"start":{"line":203,"column":16},"end":{"line":203,"column":73}},"90":{"start":{"line":204,"column":16},"end":{"line":204,"column":66}},"91":{"start":{"line":207,"column":16},"end":{"line":207,"column":35}},"92":{"start":{"line":208,"column":16},"end":{"line":208,"column":35}},"93":{"start":{"line":209,"column":16},"end":{"line":209,"column":61}},"94":{"start":{"line":212,"column":16},"end":{"line":212,"column":42}},"95":{"start":{"line":214,"column":16},"end":{"line":218,"column":17}},"96":{"start":{"line":215,"column":18},"end":{"line":215,"column":82}},"97":{"start":{"line":217,"column":18},"end":{"line":217,"column":64}},"98":{"start":{"line":220,"column":16},"end":{"line":220,"column":66}},"99":{"start":{"line":223,"column":16},"end":{"line":223,"column":36}},"100":{"start":{"line":224,"column":16},"end":{"line":224,"column":53}},"101":{"start":{"line":225,"column":16},"end":{"line":225,"column":49}},"102":{"start":{"line":226,"column":16},"end":{"line":226,"column":66}},"103":{"start":{"line":230,"column":16},"end":{"line":230,"column":40}},"104":{"start":{"line":237,"column":8},"end":{"line":237,"column":48}},"105":{"start":{"line":240,"column":6},"end":{"line":240,"column":22}},"106":{"start":{"line":245,"column":25},"end":{"line":291,"column":9}},"107":{"start":{"line":249,"column":8},"end":{"line":290,"column":38}},"108":{"start":{"line":250,"column":10},"end":{"line":289,"column":11}},"109":{"start":{"line":251,"column":12},"end":{"line":288,"column":13}},"110":{"start":{"line":253,"column":16},"end":{"line":253,"column":35}},"111":{"start":{"line":255,"column":16},"end":{"line":258,"column":17}},"112":{"start":{"line":256,"column":18},"end":{"line":256,"column":37}},"113":{"start":{"line":257,"column":18},"end":{"line":257,"column":24}},"114":{"start":{"line":260,"column":16},"end":{"line":260,"column":69}},"115":{"start":{"line":261,"column":16},"end":{"line":261,"column":66}},"116":{"start":{"line":264,"column":16},"end":{"line":264,"column":35}},"117":{"start":{"line":265,"column":16},"end":{"line":265,"column":35}},"118":{"start":{"line":266,"column":16},"end":{"line":266,"column":64}},"119":{"start":{"line":269,"column":16},"end":{"line":269,"column":47}},"120":{"start":{"line":271,"column":16},"end":{"line":275,"column":17}},"121":{"start":{"line":272,"column":18},"end":{"line":272,"column":56}},"122":{"start":{"line":274,"column":18},"end":{"line":274,"column":90}},"123":{"start":{"line":277,"column":16},"end":{"line":277,"column":66}},"124":{"start":{"line":280,"column":16},"end":{"line":280,"column":36}},"125":{"start":{"line":281,"column":16},"end":{"line":281,"column":53}},"126":{"start":{"line":282,"column":16},"end":{"line":282,"column":49}},"127":{"start":{"line":283,"column":16},"end":{"line":283,"column":66}},"128":{"start":{"line":287,"column":16},"end":{"line":287,"column":40}},"129":{"start":{"line":294,"column":8},"end":{"line":294,"column":51}},"130":{"start":{"line":297,"column":6},"end":{"line":297,"column":25}},"131":{"start":{"line":302,"column":27},"end":{"line":348,"column":9}},"132":{"start":{"line":306,"column":8},"end":{"line":347,"column":38}},"133":{"start":{"line":307,"column":10},"end":{"line":346,"column":11}},"134":{"start":{"line":308,"column":12},"end":{"line":345,"column":13}},"135":{"start":{"line":310,"column":16},"end":{"line":310,"column":35}},"136":{"start":{"line":312,"column":16},"end":{"line":315,"column":17}},"137":{"start":{"line":313,"column":18},"end":{"line":313,"column":37}},"138":{"start":{"line":314,"column":18},"end":{"line":314,"column":24}},"139":{"start":{"line":317,"column":16},"end":{"line":317,"column":73}},"140":{"start":{"line":318,"column":16},"end":{"line":318,"column":66}},"141":{"start":{"line":321,"column":16},"end":{"line":321,"column":35}},"142":{"start":{"line":322,"column":16},"end":{"line":322,"column":35}},"143":{"start":{"line":323,"column":16},"end":{"line":323,"column":66}},"144":{"start":{"line":326,"column":16},"end":{"line":326,"column":42}},"145":{"start":{"line":328,"column":16},"end":{"line":332,"column":17}},"146":{"start":{"line":329,"column":18},"end":{"line":329,"column":82}},"147":{"start":{"line":331,"column":18},"end":{"line":331,"column":70}},"148":{"start":{"line":334,"column":16},"end":{"line":334,"column":66}},"149":{"start":{"line":337,"column":16},"end":{"line":337,"column":36}},"150":{"start":{"line":338,"column":16},"end":{"line":338,"column":53}},"151":{"start":{"line":339,"column":16},"end":{"line":339,"column":49}},"152":{"start":{"line":340,"column":16},"end":{"line":340,"column":66}},"153":{"start":{"line":344,"column":16},"end":{"line":344,"column":40}},"154":{"start":{"line":351,"column":8},"end":{"line":351,"column":53}},"155":{"start":{"line":354,"column":6},"end":{"line":354,"column":27}},"156":{"start":{"line":359,"column":31},"end":{"line":394,"column":9}},"157":{"start":{"line":363,"column":8},"end":{"line":393,"column":37}},"158":{"start":{"line":364,"column":10},"end":{"line":392,"column":11}},"159":{"start":{"line":365,"column":12},"end":{"line":391,"column":13}},"160":{"start":{"line":367,"column":16},"end":{"line":367,"column":35}},"161":{"start":{"line":368,"column":16},"end":{"line":368,"column":35}},"162":{"start":{"line":369,"column":16},"end":{"line":369,"column":68}},"163":{"start":{"line":372,"column":16},"end":{"line":372,"column":48}},"164":{"start":{"line":374,"column":16},"end":{"line":378,"column":17}},"165":{"start":{"line":375,"column":18},"end":{"line":375,"column":80}},"166":{"start":{"line":377,"column":18},"end":{"line":377,"column":63}},"167":{"start":{"line":380,"column":16},"end":{"line":380,"column":66}},"168":{"start":{"line":383,"column":16},"end":{"line":383,"column":35}},"169":{"start":{"line":384,"column":16},"end":{"line":384,"column":53}},"170":{"start":{"line":385,"column":16},"end":{"line":385,"column":49}},"171":{"start":{"line":386,"column":16},"end":{"line":386,"column":66}},"172":{"start":{"line":390,"column":16},"end":{"line":390,"column":40}},"173":{"start":{"line":397,"column":8},"end":{"line":397,"column":57}},"174":{"start":{"line":400,"column":6},"end":{"line":400,"column":31}},"175":{"start":{"line":405,"column":26},"end":{"line":451,"column":9}},"176":{"start":{"line":409,"column":8},"end":{"line":450,"column":38}},"177":{"start":{"line":410,"column":10},"end":{"line":449,"column":11}},"178":{"start":{"line":411,"column":12},"end":{"line":448,"column":13}},"179":{"start":{"line":413,"column":16},"end":{"line":413,"column":35}},"180":{"start":{"line":415,"column":16},"end":{"line":418,"column":17}},"181":{"start":{"line":416,"column":18},"end":{"line":416,"column":37}},"182":{"start":{"line":417,"column":18},"end":{"line":417,"column":24}},"183":{"start":{"line":420,"column":16},"end":{"line":420,"column":73}},"184":{"start":{"line":421,"column":16},"end":{"line":421,"column":66}},"185":{"start":{"line":424,"column":16},"end":{"line":424,"column":35}},"186":{"start":{"line":425,"column":16},"end":{"line":425,"column":35}},"187":{"start":{"line":426,"column":16},"end":{"line":426,"column":65}},"188":{"start":{"line":429,"column":16},"end":{"line":429,"column":46}},"189":{"start":{"line":431,"column":16},"end":{"line":435,"column":17}},"190":{"start":{"line":432,"column":18},"end":{"line":432,"column":82}},"191":{"start":{"line":434,"column":18},"end":{"line":434,"column":68}},"192":{"start":{"line":437,"column":16},"end":{"line":437,"column":66}},"193":{"start":{"line":440,"column":16},"end":{"line":440,"column":36}},"194":{"start":{"line":441,"column":16},"end":{"line":441,"column":53}},"195":{"start":{"line":442,"column":16},"end":{"line":442,"column":49}},"196":{"start":{"line":443,"column":16},"end":{"line":443,"column":66}},"197":{"start":{"line":447,"column":16},"end":{"line":447,"column":40}},"198":{"start":{"line":454,"column":8},"end":{"line":454,"column":52}},"199":{"start":{"line":457,"column":6},"end":{"line":457,"column":26}},"200":{"start":{"line":462,"column":27},"end":{"line":501,"column":9}},"201":{"start":{"line":466,"column":8},"end":{"line":500,"column":38}},"202":{"start":{"line":467,"column":10},"end":{"line":499,"column":11}},"203":{"start":{"line":468,"column":12},"end":{"line":498,"column":13}},"204":{"start":{"line":470,"column":16},"end":{"line":473,"column":17}},"205":{"start":{"line":471,"column":18},"end":{"line":471,"column":37}},"206":{"start":{"line":472,"column":18},"end":{"line":472,"column":24}},"207":{"start":{"line":475,"column":16},"end":{"line":475,"column":70}},"208":{"start":{"line":476,"column":16},"end":{"line":476,"column":66}},"209":{"start":{"line":479,"column":16},"end":{"line":479,"column":40}},"210":{"start":{"line":480,"column":16},"end":{"line":480,"column":35}},"211":{"start":{"line":481,"column":16},"end":{"line":481,"column":35}},"212":{"start":{"line":482,"column":16},"end":{"line":482,"column":76}},"213":{"start":{"line":485,"column":16},"end":{"line":485,"column":50}},"214":{"start":{"line":486,"column":16},"end":{"line":486,"column":76}},"215":{"start":{"line":487,"column":16},"end":{"line":487,"column":66}},"216":{"start":{"line":490,"column":16},"end":{"line":490,"column":36}},"217":{"start":{"line":491,"column":16},"end":{"line":491,"column":53}},"218":{"start":{"line":492,"column":16},"end":{"line":492,"column":57}},"219":{"start":{"line":493,"column":16},"end":{"line":493,"column":66}},"220":{"start":{"line":497,"column":16},"end":{"line":497,"column":40}},"221":{"start":{"line":504,"column":8},"end":{"line":504,"column":53}},"222":{"start":{"line":507,"column":6},"end":{"line":507,"column":27}},"223":{"start":{"line":512,"column":29},"end":{"line":560,"column":9}},"224":{"start":{"line":517,"column":8},"end":{"line":559,"column":39}},"225":{"start":{"line":518,"column":10},"end":{"line":558,"column":11}},"226":{"start":{"line":519,"column":12},"end":{"line":557,"column":13}},"227":{"start":{"line":521,"column":16},"end":{"line":521,"column":44}},"228":{"start":{"line":522,"column":16},"end":{"line":522,"column":35}},"229":{"start":{"line":524,"column":16},"end":{"line":527,"column":17}},"230":{"start":{"line":525,"column":18},"end":{"line":525,"column":38}},"231":{"start":{"line":526,"column":18},"end":{"line":526,"column":24}},"232":{"start":{"line":529,"column":16},"end":{"line":529,"column":73}},"233":{"start":{"line":530,"column":16},"end":{"line":530,"column":67}},"234":{"start":{"line":533,"column":16},"end":{"line":533,"column":36}},"235":{"start":{"line":534,"column":16},"end":{"line":534,"column":36}},"236":{"start":{"line":535,"column":16},"end":{"line":535,"column":86}},"237":{"start":{"line":538,"column":16},"end":{"line":538,"column":52}},"238":{"start":{"line":540,"column":16},"end":{"line":544,"column":17}},"239":{"start":{"line":541,"column":18},"end":{"line":541,"column":83}},"240":{"start":{"line":543,"column":18},"end":{"line":543,"column":80}},"241":{"start":{"line":546,"column":16},"end":{"line":546,"column":67}},"242":{"start":{"line":549,"column":16},"end":{"line":549,"column":37}},"243":{"start":{"line":550,"column":16},"end":{"line":550,"column":55}},"244":{"start":{"line":551,"column":16},"end":{"line":551,"column":50}},"245":{"start":{"line":552,"column":16},"end":{"line":552,"column":67}},"246":{"start":{"line":556,"column":16},"end":{"line":556,"column":41}},"247":{"start":{"line":563,"column":8},"end":{"line":563,"column":55}},"248":{"start":{"line":566,"column":6},"end":{"line":566,"column":29}},"249":{"start":{"line":571,"column":29},"end":{"line":617,"column":9}},"250":{"start":{"line":575,"column":8},"end":{"line":616,"column":39}},"251":{"start":{"line":576,"column":10},"end":{"line":615,"column":11}},"252":{"start":{"line":577,"column":12},"end":{"line":614,"column":13}},"253":{"start":{"line":579,"column":16},"end":{"line":579,"column":35}},"254":{"start":{"line":581,"column":16},"end":{"line":584,"column":17}},"255":{"start":{"line":582,"column":18},"end":{"line":582,"column":38}},"256":{"start":{"line":583,"column":18},"end":{"line":583,"column":24}},"257":{"start":{"line":586,"column":16},"end":{"line":586,"column":69}},"258":{"start":{"line":587,"column":16},"end":{"line":587,"column":67}},"259":{"start":{"line":590,"column":16},"end":{"line":590,"column":36}},"260":{"start":{"line":591,"column":16},"end":{"line":591,"column":36}},"261":{"start":{"line":592,"column":16},"end":{"line":592,"column":68}},"262":{"start":{"line":595,"column":16},"end":{"line":595,"column":52}},"263":{"start":{"line":597,"column":16},"end":{"line":601,"column":17}},"264":{"start":{"line":598,"column":18},"end":{"line":598,"column":61}},"265":{"start":{"line":600,"column":18},"end":{"line":600,"column":95}},"266":{"start":{"line":603,"column":16},"end":{"line":603,"column":67}},"267":{"start":{"line":606,"column":16},"end":{"line":606,"column":37}},"268":{"start":{"line":607,"column":16},"end":{"line":607,"column":55}},"269":{"start":{"line":608,"column":16},"end":{"line":608,"column":50}},"270":{"start":{"line":609,"column":16},"end":{"line":609,"column":67}},"271":{"start":{"line":613,"column":16},"end":{"line":613,"column":41}},"272":{"start":{"line":620,"column":8},"end":{"line":620,"column":55}},"273":{"start":{"line":623,"column":6},"end":{"line":623,"column":29}},"274":{"start":{"line":626,"column":2},"end":{"line":626,"column":25}},"275":{"start":{"line":629,"column":15},"end":{"line":629,"column":30}},"276":{"start":{"line":630,"column":0},"end":{"line":630,"column":30}}},"fnMap":{"0":{"name":"(anonymous_0)","decl":{"start":{"line":26,"column":0},"end":{"line":26,"column":1}},"loc":{"start":{"line":26,"column":12},"end":{"line":627,"column":1}},"line":26},"1":{"name":"OrderController","decl":{"start":{"line":27,"column":11},"end":{"line":27,"column":26}},"loc":{"start":{"line":27,"column":29},"end":{"line":29,"column":3}},"line":27},"2":{"name":"(anonymous_2)","decl":{"start":{"line":33,"column":11},"end":{"line":33,"column":12}},"loc":{"start":{"line":33,"column":23},"end":{"line":76,"column":5}},"line":33},"3":{"name":"_callee","decl":{"start":{"line":36,"column":44},"end":{"line":36,"column":51}},"loc":{"start":{"line":36,"column":62},"end":{"line":69,"column":7}},"line":36},"4":{"name":"_callee$","decl":{"start":{"line":38,"column":53},"end":{"line":38,"column":61}},"loc":{"start":{"line":38,"column":72},"end":{"line":68,"column":9}},"line":38},"5":{"name":"getAllOrder","decl":{"start":{"line":71,"column":15},"end":{"line":71,"column":26}},"loc":{"start":{"line":71,"column":36},"end":{"line":73,"column":7}},"line":71},"6":{"name":"(anonymous_6)","decl":{"start":{"line":79,"column":11},"end":{"line":79,"column":12}},"loc":{"start":{"line":79,"column":23},"end":{"line":126,"column":5}},"line":79},"7":{"name":"_callee2","decl":{"start":{"line":82,"column":44},"end":{"line":82,"column":52}},"loc":{"start":{"line":82,"column":63},"end":{"line":119,"column":7}},"line":82},"8":{"name":"_callee2$","decl":{"start":{"line":84,"column":53},"end":{"line":84,"column":62}},"loc":{"start":{"line":84,"column":74},"end":{"line":118,"column":9}},"line":84},"9":{"name":"addOrder","decl":{"start":{"line":121,"column":15},"end":{"line":121,"column":23}},"loc":{"start":{"line":121,"column":34},"end":{"line":123,"column":7}},"line":121},"10":{"name":"(anonymous_10)","decl":{"start":{"line":129,"column":11},"end":{"line":129,"column":12}},"loc":{"start":{"line":129,"column":23},"end":{"line":184,"column":5}},"line":129},"11":{"name":"_callee3","decl":{"start":{"line":132,"column":44},"end":{"line":132,"column":52}},"loc":{"start":{"line":132,"column":63},"end":{"line":177,"column":7}},"line":132},"12":{"name":"_callee3$","decl":{"start":{"line":134,"column":53},"end":{"line":134,"column":62}},"loc":{"start":{"line":134,"column":74},"end":{"line":176,"column":9}},"line":134},"13":{"name":"updatedOrder","decl":{"start":{"line":179,"column":15},"end":{"line":179,"column":27}},"loc":{"start":{"line":179,"column":38},"end":{"line":181,"column":7}},"line":179},"14":{"name":"(anonymous_14)","decl":{"start":{"line":187,"column":11},"end":{"line":187,"column":12}},"loc":{"start":{"line":187,"column":23},"end":{"line":241,"column":5}},"line":187},"15":{"name":"_callee4","decl":{"start":{"line":190,"column":44},"end":{"line":190,"column":52}},"loc":{"start":{"line":190,"column":63},"end":{"line":234,"column":7}},"line":190},"16":{"name":"_callee4$","decl":{"start":{"line":192,"column":53},"end":{"line":192,"column":62}},"loc":{"start":{"line":192,"column":74},"end":{"line":233,"column":9}},"line":192},"17":{"name":"getOrder","decl":{"start":{"line":236,"column":15},"end":{"line":236,"column":23}},"loc":{"start":{"line":236,"column":34},"end":{"line":238,"column":7}},"line":236},"18":{"name":"(anonymous_18)","decl":{"start":{"line":244,"column":11},"end":{"line":244,"column":12}},"loc":{"start":{"line":244,"column":23},"end":{"line":298,"column":5}},"line":244},"19":{"name":"_callee5","decl":{"start":{"line":247,"column":44},"end":{"line":247,"column":52}},"loc":{"start":{"line":247,"column":63},"end":{"line":291,"column":7}},"line":247},"20":{"name":"_callee5$","decl":{"start":{"line":249,"column":53},"end":{"line":249,"column":62}},"loc":{"start":{"line":249,"column":74},"end":{"line":290,"column":9}},"line":249},"21":{"name":"deleteOrder","decl":{"start":{"line":293,"column":15},"end":{"line":293,"column":26}},"loc":{"start":{"line":293,"column":38},"end":{"line":295,"column":7}},"line":293},"22":{"name":"(anonymous_22)","decl":{"start":{"line":301,"column":11},"end":{"line":301,"column":12}},"loc":{"start":{"line":301,"column":23},"end":{"line":355,"column":5}},"line":301},"23":{"name":"_callee6","decl":{"start":{"line":304,"column":44},"end":{"line":304,"column":52}},"loc":{"start":{"line":304,"column":63},"end":{"line":348,"column":7}},"line":304},"24":{"name":"_callee6$","decl":{"start":{"line":306,"column":53},"end":{"line":306,"column":62}},"loc":{"start":{"line":306,"column":74},"end":{"line":347,"column":9}},"line":306},"25":{"name":"getOrderItens","decl":{"start":{"line":350,"column":15},"end":{"line":350,"column":28}},"loc":{"start":{"line":350,"column":41},"end":{"line":352,"column":7}},"line":350},"26":{"name":"(anonymous_26)","decl":{"start":{"line":358,"column":11},"end":{"line":358,"column":12}},"loc":{"start":{"line":358,"column":23},"end":{"line":401,"column":5}},"line":358},"27":{"name":"_callee7","decl":{"start":{"line":361,"column":44},"end":{"line":361,"column":52}},"loc":{"start":{"line":361,"column":63},"end":{"line":394,"column":7}},"line":361},"28":{"name":"_callee7$","decl":{"start":{"line":363,"column":53},"end":{"line":363,"column":62}},"loc":{"start":{"line":363,"column":74},"end":{"line":393,"column":9}},"line":363},"29":{"name":"getAllOrdersItens","decl":{"start":{"line":396,"column":15},"end":{"line":396,"column":32}},"loc":{"start":{"line":396,"column":45},"end":{"line":398,"column":7}},"line":396},"30":{"name":"(anonymous_30)","decl":{"start":{"line":404,"column":11},"end":{"line":404,"column":12}},"loc":{"start":{"line":404,"column":23},"end":{"line":458,"column":5}},"line":404},"31":{"name":"_callee8","decl":{"start":{"line":407,"column":44},"end":{"line":407,"column":52}},"loc":{"start":{"line":407,"column":63},"end":{"line":451,"column":7}},"line":407},"32":{"name":"_callee8$","decl":{"start":{"line":409,"column":53},"end":{"line":409,"column":62}},"loc":{"start":{"line":409,"column":74},"end":{"line":450,"column":9}},"line":409},"33":{"name":"getOrderItem","decl":{"start":{"line":453,"column":15},"end":{"line":453,"column":27}},"loc":{"start":{"line":453,"column":40},"end":{"line":455,"column":7}},"line":453},"34":{"name":"(anonymous_34)","decl":{"start":{"line":461,"column":11},"end":{"line":461,"column":12}},"loc":{"start":{"line":461,"column":23},"end":{"line":508,"column":5}},"line":461},"35":{"name":"_callee9","decl":{"start":{"line":464,"column":44},"end":{"line":464,"column":52}},"loc":{"start":{"line":464,"column":63},"end":{"line":501,"column":7}},"line":464},"36":{"name":"_callee9$","decl":{"start":{"line":466,"column":53},"end":{"line":466,"column":62}},"loc":{"start":{"line":466,"column":74},"end":{"line":500,"column":9}},"line":466},"37":{"name":"addOrderItens","decl":{"start":{"line":503,"column":15},"end":{"line":503,"column":28}},"loc":{"start":{"line":503,"column":41},"end":{"line":505,"column":7}},"line":503},"38":{"name":"(anonymous_38)","decl":{"start":{"line":511,"column":11},"end":{"line":511,"column":12}},"loc":{"start":{"line":511,"column":23},"end":{"line":567,"column":5}},"line":511},"39":{"name":"_callee10","decl":{"start":{"line":514,"column":44},"end":{"line":514,"column":53}},"loc":{"start":{"line":514,"column":64},"end":{"line":560,"column":7}},"line":514},"40":{"name":"_callee10$","decl":{"start":{"line":517,"column":53},"end":{"line":517,"column":63}},"loc":{"start":{"line":517,"column":76},"end":{"line":559,"column":9}},"line":517},"41":{"name":"updateOrderItem","decl":{"start":{"line":562,"column":15},"end":{"line":562,"column":30}},"loc":{"start":{"line":562,"column":43},"end":{"line":564,"column":7}},"line":562},"42":{"name":"(anonymous_42)","decl":{"start":{"line":570,"column":11},"end":{"line":570,"column":12}},"loc":{"start":{"line":570,"column":23},"end":{"line":624,"column":5}},"line":570},"43":{"name":"_callee11","decl":{"start":{"line":573,"column":44},"end":{"line":573,"column":53}},"loc":{"start":{"line":573,"column":64},"end":{"line":617,"column":7}},"line":573},"44":{"name":"_callee11$","decl":{"start":{"line":575,"column":53},"end":{"line":575,"column":63}},"loc":{"start":{"line":575,"column":76},"end":{"line":616,"column":9}},"line":575},"45":{"name":"deleteOrderItem","decl":{"start":{"line":619,"column":15},"end":{"line":619,"column":30}},"loc":{"start":{"line":619,"column":43},"end":{"line":621,"column":7}},"line":619}},"branchMap":{"0":{"loc":{"start":{"line":40,"column":12},"end":{"line":66,"column":13}},"type":"switch","locations":[{"start":{"line":41,"column":14},"end":{"line":44,"column":62}},{"start":{"line":46,"column":14},"end":{"line":55,"column":65}},{"start":{"line":57,"column":14},"end":{"line":61,"column":65}},{"start":{"line":63,"column":14},"end":{"line":63,"column":22}},{"start":{"line":64,"column":14},"end":{"line":65,"column":39}}],"line":40},"1":{"loc":{"start":{"line":49,"column":16},"end":{"line":53,"column":17}},"type":"if","locations":[{"start":{"line":49,"column":16},"end":{"line":53,"column":17}},{"start":{"line":49,"column":16},"end":{"line":53,"column":17}}],"line":49},"2":{"loc":{"start":{"line":86,"column":12},"end":{"line":116,"column":13}},"type":"switch","locations":[{"start":{"line":87,"column":14},"end":{"line":94,"column":66}},{"start":{"line":96,"column":14},"end":{"line":100,"column":67}},{"start":{"line":102,"column":14},"end":{"line":105,"column":66}},{"start":{"line":107,"column":14},"end":{"line":111,"column":66}},{"start":{"line":113,"column":14},"end":{"line":113,"column":22}},{"start":{"line":114,"column":14},"end":{"line":115,"column":40}}],"line":86},"3":{"loc":{"start":{"line":88,"column":16},"end":{"line":91,"column":17}},"type":"if","locations":[{"start":{"line":88,"column":16},"end":{"line":91,"column":17}},{"start":{"line":88,"column":16},"end":{"line":91,"column":17}}],"line":88},"4":{"loc":{"start":{"line":88,"column":22},"end":{"line":88,"column":64}},"type":"binary-expr","locations":[{"start":{"line":88,"column":22},"end":{"line":88,"column":39}},{"start":{"line":88,"column":43},"end":{"line":88,"column":64}}],"line":88},"5":{"loc":{"start":{"line":136,"column":12},"end":{"line":174,"column":13}},"type":"switch","locations":[{"start":{"line":137,"column":14},"end":{"line":147,"column":66}},{"start":{"line":149,"column":14},"end":{"line":152,"column":78}},{"start":{"line":154,"column":14},"end":{"line":163,"column":66}},{"start":{"line":165,"column":14},"end":{"line":169,"column":66}},{"start":{"line":171,"column":14},"end":{"line":171,"column":22}},{"start":{"line":172,"column":14},"end":{"line":173,"column":40}}],"line":136},"6":{"loc":{"start":{"line":141,"column":16},"end":{"line":144,"column":17}},"type":"if","locations":[{"start":{"line":141,"column":16},"end":{"line":144,"column":17}},{"start":{"line":141,"column":16},"end":{"line":144,"column":17}}],"line":141},"7":{"loc":{"start":{"line":157,"column":16},"end":{"line":161,"column":17}},"type":"if","locations":[{"start":{"line":157,"column":16},"end":{"line":161,"column":17}},{"start":{"line":157,"column":16},"end":{"line":161,"column":17}}],"line":157},"8":{"loc":{"start":{"line":194,"column":12},"end":{"line":231,"column":13}},"type":"switch","locations":[{"start":{"line":195,"column":14},"end":{"line":204,"column":66}},{"start":{"line":206,"column":14},"end":{"line":209,"column":61}},{"start":{"line":211,"column":14},"end":{"line":220,"column":66}},{"start":{"line":222,"column":14},"end":{"line":226,"column":66}},{"start":{"line":228,"column":14},"end":{"line":228,"column":22}},{"start":{"line":229,"column":14},"end":{"line":230,"column":40}}],"line":194},"9":{"loc":{"start":{"line":198,"column":16},"end":{"line":201,"column":17}},"type":"if","locations":[{"start":{"line":198,"column":16},"end":{"line":201,"column":17}},{"start":{"line":198,"column":16},"end":{"line":201,"column":17}}],"line":198},"10":{"loc":{"start":{"line":214,"column":16},"end":{"line":218,"column":17}},"type":"if","locations":[{"start":{"line":214,"column":16},"end":{"line":218,"column":17}},{"start":{"line":214,"column":16},"end":{"line":218,"column":17}}],"line":214},"11":{"loc":{"start":{"line":251,"column":12},"end":{"line":288,"column":13}},"type":"switch","locations":[{"start":{"line":252,"column":14},"end":{"line":261,"column":66}},{"start":{"line":263,"column":14},"end":{"line":266,"column":64}},{"start":{"line":268,"column":14},"end":{"line":277,"column":66}},{"start":{"line":279,"column":14},"end":{"line":283,"column":66}},{"start":{"line":285,"column":14},"end":{"line":285,"column":22}},{"start":{"line":286,"column":14},"end":{"line":287,"column":40}}],"line":251},"12":{"loc":{"start":{"line":255,"column":16},"end":{"line":258,"column":17}},"type":"if","locations":[{"start":{"line":255,"column":16},"end":{"line":258,"column":17}},{"start":{"line":255,"column":16},"end":{"line":258,"column":17}}],"line":255},"13":{"loc":{"start":{"line":271,"column":16},"end":{"line":275,"column":17}},"type":"if","locations":[{"start":{"line":271,"column":16},"end":{"line":275,"column":17}},{"start":{"line":271,"column":16},"end":{"line":275,"column":17}}],"line":271},"14":{"loc":{"start":{"line":308,"column":12},"end":{"line":345,"column":13}},"type":"switch","locations":[{"start":{"line":309,"column":14},"end":{"line":318,"column":66}},{"start":{"line":320,"column":14},"end":{"line":323,"column":66}},{"start":{"line":325,"column":14},"end":{"line":334,"column":66}},{"start":{"line":336,"column":14},"end":{"line":340,"column":66}},{"start":{"line":342,"column":14},"end":{"line":342,"column":22}},{"start":{"line":343,"column":14},"end":{"line":344,"column":40}}],"line":308},"15":{"loc":{"start":{"line":312,"column":16},"end":{"line":315,"column":17}},"type":"if","locations":[{"start":{"line":312,"column":16},"end":{"line":315,"column":17}},{"start":{"line":312,"column":16},"end":{"line":315,"column":17}}],"line":312},"16":{"loc":{"start":{"line":328,"column":16},"end":{"line":332,"column":17}},"type":"if","locations":[{"start":{"line":328,"column":16},"end":{"line":332,"column":17}},{"start":{"line":328,"column":16},"end":{"line":332,"column":17}}],"line":328},"17":{"loc":{"start":{"line":365,"column":12},"end":{"line":391,"column":13}},"type":"switch","locations":[{"start":{"line":366,"column":14},"end":{"line":369,"column":68}},{"start":{"line":371,"column":14},"end":{"line":380,"column":66}},{"start":{"line":382,"column":14},"end":{"line":386,"column":66}},{"start":{"line":388,"column":14},"end":{"line":388,"column":22}},{"start":{"line":389,"column":14},"end":{"line":390,"column":40}}],"line":365},"18":{"loc":{"start":{"line":374,"column":16},"end":{"line":378,"column":17}},"type":"if","locations":[{"start":{"line":374,"column":16},"end":{"line":378,"column":17}},{"start":{"line":374,"column":16},"end":{"line":378,"column":17}}],"line":374},"19":{"loc":{"start":{"line":411,"column":12},"end":{"line":448,"column":13}},"type":"switch","locations":[{"start":{"line":412,"column":14},"end":{"line":421,"column":66}},{"start":{"line":423,"column":14},"end":{"line":426,"column":65}},{"start":{"line":428,"column":14},"end":{"line":437,"column":66}},{"start":{"line":439,"column":14},"end":{"line":443,"column":66}},{"start":{"line":445,"column":14},"end":{"line":445,"column":22}},{"start":{"line":446,"column":14},"end":{"line":447,"column":40}}],"line":411},"20":{"loc":{"start":{"line":415,"column":16},"end":{"line":418,"column":17}},"type":"if","locations":[{"start":{"line":415,"column":16},"end":{"line":418,"column":17}},{"start":{"line":415,"column":16},"end":{"line":418,"column":17}}],"line":415},"21":{"loc":{"start":{"line":431,"column":16},"end":{"line":435,"column":17}},"type":"if","locations":[{"start":{"line":431,"column":16},"end":{"line":435,"column":17}},{"start":{"line":431,"column":16},"end":{"line":435,"column":17}}],"line":431},"22":{"loc":{"start":{"line":468,"column":12},"end":{"line":498,"column":13}},"type":"switch","locations":[{"start":{"line":469,"column":14},"end":{"line":476,"column":66}},{"start":{"line":478,"column":14},"end":{"line":482,"column":76}},{"start":{"line":484,"column":14},"end":{"line":487,"column":66}},{"start":{"line":489,"column":14},"end":{"line":493,"column":66}},{"start":{"line":495,"column":14},"end":{"line":495,"column":22}},{"start":{"line":496,"column":14},"end":{"line":497,"column":40}}],"line":468},"23":{"loc":{"start":{"line":470,"column":16},"end":{"line":473,"column":17}},"type":"if","locations":[{"start":{"line":470,"column":16},"end":{"line":473,"column":17}},{"start":{"line":470,"column":16},"end":{"line":473,"column":17}}],"line":470},"24":{"loc":{"start":{"line":470,"column":22},"end":{"line":470,"column":86}},"type":"binary-expr","locations":[{"start":{"line":470,"column":22},"end":{"line":470,"column":41}},{"start":{"line":470,"column":45},"end":{"line":470,"column":62}},{"start":{"line":470,"column":66},"end":{"line":470,"column":86}}],"line":470},"25":{"loc":{"start":{"line":519,"column":12},"end":{"line":557,"column":13}},"type":"switch","locations":[{"start":{"line":520,"column":14},"end":{"line":530,"column":67}},{"start":{"line":532,"column":14},"end":{"line":535,"column":86}},{"start":{"line":537,"column":14},"end":{"line":546,"column":67}},{"start":{"line":548,"column":14},"end":{"line":552,"column":67}},{"start":{"line":554,"column":14},"end":{"line":554,"column":22}},{"start":{"line":555,"column":14},"end":{"line":556,"column":41}}],"line":519},"26":{"loc":{"start":{"line":524,"column":16},"end":{"line":527,"column":17}},"type":"if","locations":[{"start":{"line":524,"column":16},"end":{"line":527,"column":17}},{"start":{"line":524,"column":16},"end":{"line":527,"column":17}}],"line":524},"27":{"loc":{"start":{"line":540,"column":16},"end":{"line":544,"column":17}},"type":"if","locations":[{"start":{"line":540,"column":16},"end":{"line":544,"column":17}},{"start":{"line":540,"column":16},"end":{"line":544,"column":17}}],"line":540},"28":{"loc":{"start":{"line":577,"column":12},"end":{"line":614,"column":13}},"type":"switch","locations":[{"start":{"line":578,"column":14},"end":{"line":587,"column":67}},{"start":{"line":589,"column":14},"end":{"line":592,"column":68}},{"start":{"line":594,"column":14},"end":{"line":603,"column":67}},{"start":{"line":605,"column":14},"end":{"line":609,"column":67}},{"start":{"line":611,"column":14},"end":{"line":611,"column":22}},{"start":{"line":612,"column":14},"end":{"line":613,"column":41}}],"line":577},"29":{"loc":{"start":{"line":581,"column":16},"end":{"line":584,"column":17}},"type":"if","locations":[{"start":{"line":581,"column":16},"end":{"line":584,"column":17}},{"start":{"line":581,"column":16},"end":{"line":584,"column":17}}],"line":581},"30":{"loc":{"start":{"line":597,"column":16},"end":{"line":601,"column":17}},"type":"if","locations":[{"start":{"line":597,"column":16},"end":{"line":601,"column":17}},{"start":{"line":597,"column":16},"end":{"line":601,"column":17}}],"line":597}},"s":{"0":1,"1":1,"2":1,"3":1,"4":1,"5":1,"6":1,"7":1,"8":1,"9":1,"10":1,"11":0,"12":1,"13":1,"14":2,"15":6,"16":6,"17":2,"18":2,"19":2,"20":2,"21":2,"22":2,"23":0,"24":2,"25":0,"26":0,"27":0,"28":0,"29":2,"30":2,"31":1,"32":1,"33":4,"34":11,"35":14,"36":4,"37":3,"38":3,"39":1,"40":1,"41":3,"42":3,"43":3,"44":3,"45":3,"46":3,"47":3,"48":0,"49":0,"50":0,"51":0,"52":4,"53":4,"54":1,"55":1,"56":3,"57":8,"58":10,"59":3,"60":3,"61":3,"62":2,"63":2,"64":1,"65":1,"66":2,"67":2,"68":2,"69":2,"70":2,"71":1,"72":1,"73":2,"74":0,"75":0,"76":0,"77":0,"78":3,"79":3,"80":1,"81":1,"82":3,"83":8,"84":10,"85":3,"86":3,"87":2,"88":2,"89":1,"90":1,"91":2,"92":2,"93":2,"94":2,"95":2,"96":1,"97":1,"98":2,"99":0,"100":0,"101":0,"102":0,"103":3,"104":3,"105":1,"106":1,"107":3,"108":8,"109":10,"110":3,"111":3,"112":2,"113":2,"114":1,"115":1,"116":2,"117":2,"118":2,"119":2,"120":2,"121":1,"122":1,"123":2,"124":0,"125":0,"126":0,"127":0,"128":3,"129":3,"130":1,"131":1,"132":0,"133":0,"134":0,"135":0,"136":0,"137":0,"138":0,"139":0,"140":0,"141":0,"142":0,"143":0,"144":0,"145":0,"146":0,"147":0,"148":0,"149":0,"150":0,"151":0,"152":0,"153":0,"154":0,"155":1,"156":1,"157":1,"158":3,"159":3,"160":1,"161":1,"162":1,"163":1,"164":1,"165":0,"166":1,"167":1,"168":0,"169":0,"170":0,"171":0,"172":1,"173":1,"174":1,"175":1,"176":0,"177":0,"178":0,"179":0,"180":0,"181":0,"182":0,"183":0,"184":0,"185":0,"186":0,"187":0,"188":0,"189":0,"190":0,"191":0,"192":0,"193":0,"194":0,"195":0,"196":0,"197":0,"198":0,"199":1,"200":1,"201":2,"202":5,"203":6,"204":2,"205":1,"206":1,"207":1,"208":1,"209":1,"210":1,"211":1,"212":1,"213":1,"214":1,"215":1,"216":0,"217":0,"218":0,"219":0,"220":2,"221":2,"222":1,"223":1,"224":0,"225":0,"226":0,"227":0,"228":0,"229":0,"230":0,"231":0,"232":0,"233":0,"234":0,"235":0,"236":0,"237":0,"238":0,"239":0,"240":0,"241":0,"242":0,"243":0,"244":0,"245":0,"246":0,"247":0,"248":1,"249":1,"250":0,"251":0,"252":0,"253":0,"254":0,"255":0,"256":0,"257":0,"258":0,"259":0,"260":0,"261":0,"262":0,"263":0,"264":0,"265":0,"266":0,"267":0,"268":0,"269":0,"270":0,"271":0,"272":0,"273":1,"274":1,"275":1,"276":1},"f":{"0":1,"1":0,"2":1,"3":2,"4":6,"5":2,"6":1,"7":4,"8":11,"9":4,"10":1,"11":3,"12":8,"13":3,"14":1,"15":3,"16":8,"17":3,"18":1,"19":3,"20":8,"21":3,"22":1,"23":0,"24":0,"25":0,"26":1,"27":1,"28":3,"29":1,"30":1,"31":0,"32":0,"33":0,"34":1,"35":2,"36":5,"37":2,"38":1,"39":0,"40":0,"41":0,"42":1,"43":0,"44":0,"45":0},"b":{"0":[2,2,0,0,2],"1":[2,0],"2":[4,3,3,0,0,4],"3":[3,1],"4":[4,3],"5":[3,2,2,0,0,3],"6":[2,1],"7":[1,1],"8":[3,2,2,0,0,3],"9":[2,1],"10":[1,1],"11":[3,2,2,0,0,3],"12":[2,1],"13":[1,1],"14":[0,0,0,0,0,0],"15":[0,0],"16":[0,0],"17":[1,1,0,0,1],"18":[0,1],"19":[0,0,0,0,0,0],"20":[0,0],"21":[0,0],"22":[2,1,1,0,0,2],"23":[1,1],"24":[2,1,1],"25":[0,0,0,0,0,0],"26":[0,0],"27":[0,0],"28":[0,0,0,0,0,0],"29":[0,0],"30":[0,0]},"inputSourceMap":{"version":3,"sources":["Ordercontroller.js"],"names":["util","Util","OrderController","req","res","OrderService","getAllOrder","allOrder","length","setSuccess","send","setError","body","TableId","statusOrder","newOrder","addOrder","createdOrder","message","alteredOrder","id","params","Number","updateOrder","getOrder","theOrder","deleteOrder","orderToDelete","getOrderItens","theItens","getAllOrdersItens","allOrdersItens","getOrderItem","theOrderItem","ProductId","OrderId","statusItem","newOrderItem","addOrderItens","createdOrderItem","alteredOrderItem","updateOrderItem","deleteOrderItem","orderItemToDelete"],"mappings":";;;;;;;;;;;;;;;;;AAAA;;AACA;;AAEA,IAAMA,IAAI,GAAG,IAAIC,iBAAJ,EAAb;;IAEMC,e;;;;;;;;;;;;oDACqBC,G,EAAKC,G;;;;;;;;uBAEHC,yBAAaC,WAAb,E;;;AAAjBC,gBAAAA,Q;;AACN,oBAAIA,QAAQ,CAACC,MAAT,GAAkB,CAAtB,EAAyB;AACvBR,kBAAAA,IAAI,CAACS,UAAL,CAAgB,GAAhB,EAAqB,iBAArB,EAAwCF,QAAxC;AACD,iBAFD,MAEO;AACLP,kBAAAA,IAAI,CAACS,UAAL,CAAgB,GAAhB,EAAqB,gBAArB;AACD;;iDACMT,IAAI,CAACU,IAAL,CAAUN,GAAV,C;;;;;AAEPJ,gBAAAA,IAAI,CAACW,QAAL,CAAc,GAAd;iDACOX,IAAI,CAACU,IAAL,CAAUN,GAAV,C;;;;;;;;;;;;;;;;;;;;;qDAIWD,G,EAAKC,G;;;;;;sBACrB,CAACD,GAAG,CAACS,IAAJ,CAASC,OAAV,IAAqB,CAACV,GAAG,CAACS,IAAJ,CAASE,W;;;;;AACjCd,gBAAAA,IAAI,CAACW,QAAL,CAAc,GAAd,EAAmB,iCAAnB;kDACOX,IAAI,CAACU,IAAL,CAAUN,GAAV,C;;;AAEHW,gBAAAA,Q,GAAWZ,GAAG,CAACS,I;;;uBAEQP,yBAAaW,QAAb,CAAsBD,QAAtB,C;;;AAArBE,gBAAAA,Y;AACNjB,gBAAAA,IAAI,CAACS,UAAL,CAAgB,GAAhB,EAAqB,cAArB,EAAqCQ,YAArC;kDACOjB,IAAI,CAACU,IAAL,CAAUN,GAAV,C;;;;;AAEPJ,gBAAAA,IAAI,CAACW,QAAL,CAAc,GAAd,EAAmB,aAAMO,OAAzB;kDACOlB,IAAI,CAACU,IAAL,CAAUN,GAAV,C;;;;;;;;;;;;;;;;;;;;;qDAIeD,G,EAAKC,G;;;;;;AACvBe,gBAAAA,Y,GAAehB,GAAG,CAACS,I;AACjBQ,gBAAAA,E,GAAOjB,GAAG,CAACkB,M,CAAXD,E;;oBACHE,MAAM,CAACF,EAAD,C;;;;;AACTpB,gBAAAA,IAAI,CAACW,QAAL,CAAc,GAAd,EAAmB,oCAAnB;kDACOX,IAAI,CAACU,IAAL,CAAUN,GAAV,C;;;;;uBAGmBC,yBAAakB,WAAb,CAAyBH,EAAzB,EAA6BD,YAA7B,C;;;AAApBI,gBAAAA,W;;AACN,oBAAI,CAACA,WAAL,EAAkB;AAChBvB,kBAAAA,IAAI,CAACW,QAAL,CAAc,GAAd,2CAAqDS,EAArD;AACD,iBAFD,MAEO;AACLpB,kBAAAA,IAAI,CAACS,UAAL,CAAgB,GAAhB,EAAqB,eAArB,EAAsCc,WAAtC;AACD;;kDACMvB,IAAI,CAACU,IAAL,CAAUN,GAAV,C;;;;;AAEPJ,gBAAAA,IAAI,CAACW,QAAL,CAAc,GAAd;kDACOX,IAAI,CAACU,IAAL,CAAUN,GAAV,C;;;;;;;;;;;;;;;;;;;;;qDAIWD,G,EAAKC,G;;;;;;AACjBgB,gBAAAA,E,GAAOjB,GAAG,CAACkB,M,CAAXD,E;;oBAEHE,MAAM,CAACF,EAAD,C;;;;;AACTpB,gBAAAA,IAAI,CAACW,QAAL,CAAc,GAAd,EAAmB,oCAAnB;kDACOX,IAAI,CAACU,IAAL,CAAUN,GAAV,C;;;;;uBAGgBC,yBAAamB,QAAb,CAAsBJ,EAAtB,C;;;AAAjBK,gBAAAA,Q;;AAEN,oBAAI,CAACA,QAAL,EAAe;AACbzB,kBAAAA,IAAI,CAACW,QAAL,CAAc,GAAd,0CAAoDS,EAApD;AACD,iBAFD,MAEO;AACLpB,kBAAAA,IAAI,CAACS,UAAL,CAAgB,GAAhB,EAAqB,aAArB,EAAoCgB,QAApC;AACD;;kDACMzB,IAAI,CAACU,IAAL,CAAUN,GAAV,C;;;;;AAEPJ,gBAAAA,IAAI,CAACW,QAAL,CAAc,GAAd;kDACOX,IAAI,CAACU,IAAL,CAAUN,GAAV,C;;;;;;;;;;;;;;;;;;;;;qDAIcD,G,EAAKC,G;;;;;;AACpBgB,gBAAAA,E,GAAOjB,GAAG,CAACkB,M,CAAXD,E;;oBAEHE,MAAM,CAACF,EAAD,C;;;;;AACTpB,gBAAAA,IAAI,CAACW,QAAL,CAAc,GAAd,EAAmB,gCAAnB;kDACOX,IAAI,CAACU,IAAL,CAAUN,GAAV,C;;;;;uBAIqBC,yBAAaqB,WAAb,CAAyBN,EAAzB,C;;;AAAtBO,gBAAAA,a;;AAEN,oBAAIA,aAAJ,EAAmB;AACjB3B,kBAAAA,IAAI,CAACS,UAAL,CAAgB,GAAhB,EAAqB,eAArB;AACD,iBAFD,MAEO;AACLT,kBAAAA,IAAI,CAACW,QAAL,CAAc,GAAd,8BAAwCS,EAAxC;AACD;;kDACMpB,IAAI,CAACU,IAAL,CAAUN,GAAV,C;;;;;AAEPJ,gBAAAA,IAAI,CAACW,QAAL,CAAc,GAAd;kDACOX,IAAI,CAACU,IAAL,CAAUN,GAAV,C;;;;;;;;;;;;;;;;;;;;;qDAIgBD,G,EAAKC,G;;;;;;AACxBgB,gBAAAA,E,GAAKjB,GAAG,CAACkB,MAAJ,CAAWD,E;;oBACjBE,MAAM,CAACF,EAAD,C;;;;;AACTpB,gBAAAA,IAAI,CAACW,QAAL,CAAc,GAAd,EAAmB,oCAAnB;kDACOX,IAAI,CAACU,IAAL,CAAUN,GAAV,C;;;;;uBAGgBC,yBAAauB,aAAb,CAA2BR,EAA3B,C;;;AAAjBS,gBAAAA,Q;;AACN,oBAAI,CAACA,QAAL,EAAe;AACb7B,kBAAAA,IAAI,CAACW,QAAL,CAAc,GAAd,0CAAoDS,EAApD;AACD,iBAFD,MAEO;AACLpB,kBAAAA,IAAI,CAACS,UAAL,CAAgB,GAAhB,EAAqB,mBAArB,EAA0CoB,QAA1C;AACD;;kDACM7B,IAAI,CAACU,IAAL,CAAUN,GAAV,C;;;;;AAEPJ,gBAAAA,IAAI,CAACW,QAAL,CAAc,GAAd;kDACOX,IAAI,CAACU,IAAL,CAAUN,GAAV,C;;;;;;;;;;;;;;;;;;;;;qDAIoBD,G,EAAKC,G;;;;;;;;uBAEHC,yBAAayB,iBAAb,E;;;AAAvBC,gBAAAA,c;;AACN,oBAAIA,cAAc,CAACvB,MAAf,GAAwB,CAA5B,EAA+B;AAC7BR,kBAAAA,IAAI,CAACS,UAAL,CAAgB,GAAhB,EAAqB,uBAArB,EAA8CsB,cAA9C;AACD,iBAFD,MAEO;AACL/B,kBAAAA,IAAI,CAACS,UAAL,CAAgB,GAAhB,EAAqB,sBAArB;AACD;;kDACMT,IAAI,CAACU,IAAL,CAAUN,GAAV,C;;;;;AAEPJ,gBAAAA,IAAI,CAACW,QAAL,CAAc,GAAd;kDACOX,IAAI,CAACU,IAAL,CAAUN,GAAV,C;;;;;;;;;;;;;;;;;;;;;qDAIeD,G,EAAKC,G;;;;;;AACrBgB,gBAAAA,E,GAAOjB,GAAG,CAACkB,M,CAAXD,E;;oBAEHE,MAAM,CAACF,EAAD,C;;;;;AACTpB,gBAAAA,IAAI,CAACW,QAAL,CAAc,GAAd,EAAmB,oCAAnB;kDACOX,IAAI,CAACU,IAAL,CAAUN,GAAV,C;;;;;uBAGoBC,yBAAa2B,YAAb,CAA0BZ,EAA1B,C;;;AAArBa,gBAAAA,Y;;AAEN,oBAAI,CAACA,YAAL,EAAmB;AACjBjC,kBAAAA,IAAI,CAACW,QAAL,CAAc,GAAd,0CAAoDS,EAApD;AACD,iBAFD,MAEO;AACLpB,kBAAAA,IAAI,CAACS,UAAL,CAAgB,GAAhB,EAAqB,aAArB,EAAoCwB,YAApC;AACD;;kDACMjC,IAAI,CAACU,IAAL,CAAUN,GAAV,C;;;;;AAEPJ,gBAAAA,IAAI,CAACW,QAAL,CAAc,GAAd;kDACOX,IAAI,CAACU,IAAL,CAAUN,GAAV,C;;;;;;;;;;;;;;;;;;;;;qDAIgBD,G,EAAKC,G;;;;;;sBAC1B,CAACD,GAAG,CAACS,IAAJ,CAASsB,SAAV,IAAuB,CAAC/B,GAAG,CAACS,IAAJ,CAASuB,OAAjC,IAA4C,CAAChC,GAAG,CAACS,IAAJ,CAASwB,U;;;;;AACxDpC,gBAAAA,IAAI,CAACW,QAAL,CAAc,GAAd,EAAmB,iCAAnB;kDACOX,IAAI,CAACU,IAAL,CAAUN,GAAV,C;;;AAEHiC,gBAAAA,Y,GAAelC,GAAG,CAACS,I;;;uBAEQP,yBAAaiC,aAAb,CAA2BD,YAA3B,C;;;AAAzBE,gBAAAA,gB;AACNvC,gBAAAA,IAAI,CAACS,UAAL,CAAgB,GAAhB,EAAqB,mBAArB,EAA0C8B,gBAA1C;kDACOvC,IAAI,CAACU,IAAL,CAAUN,GAAV,C;;;;;AAEPJ,gBAAAA,IAAI,CAACW,QAAL,CAAc,GAAd,EAAmB,aAAMO,OAAzB;kDACOlB,IAAI,CAACU,IAAL,CAAUN,GAAV,C;;;;;;;;;;;;;;;;;;;;;sDAIkBD,G,EAAKC,G;;;;;;;AAC1BoC,gBAAAA,gB,GAAmBrC,GAAG,CAACS,I;AACrBQ,gBAAAA,E,GAAOjB,GAAG,CAACkB,M,CAAXD,E;;oBACHE,MAAM,CAACF,EAAD,C;;;;;AACTpB,gBAAAA,IAAI,CAACW,QAAL,CAAc,GAAd,EAAmB,oCAAnB;mDACOX,IAAI,CAACU,IAAL,CAAUN,GAAV,C;;;;;uBAGuBC,yBAAaoC,eAAb,CAA6BrB,EAA7B,EAAiCoB,gBAAjC,C;;;AAAxBC,gBAAAA,iB;;AACN,oBAAI,CAACA,iBAAL,EAAsB;AACpBzC,kBAAAA,IAAI,CAACW,QAAL,CAAc,GAAd,2CAAqDS,EAArD;AACD,iBAFD,MAEO;AACLpB,kBAAAA,IAAI,CAACS,UAAL,CAAgB,GAAhB,EAAqB,oBAArB,EAA2CgC,iBAA3C;AACD;;mDACMzC,IAAI,CAACU,IAAL,CAAUN,GAAV,C;;;;;AAEPJ,gBAAAA,IAAI,CAACW,QAAL,CAAc,GAAd;mDACOX,IAAI,CAACU,IAAL,CAAUN,GAAV,C;;;;;;;;;;;;;;;;;;;;;sDAIkBD,G,EAAKC,G;;;;;;AACxBgB,gBAAAA,E,GAAOjB,GAAG,CAACkB,M,CAAXD,E;;oBAEHE,MAAM,CAACF,EAAD,C;;;;;AACTpB,gBAAAA,IAAI,CAACW,QAAL,CAAc,GAAd,EAAmB,gCAAnB;mDACOX,IAAI,CAACU,IAAL,CAAUN,GAAV,C;;;;;uBAIyBC,yBAAaqC,eAAb,CAA6BtB,EAA7B,C;;;AAA1BuB,gBAAAA,iB;;AAEN,oBAAIA,iBAAJ,EAAuB;AACrB3C,kBAAAA,IAAI,CAACS,UAAL,CAAgB,GAAhB,EAAqB,oBAArB;AACD,iBAFD,MAEO;AACLT,kBAAAA,IAAI,CAACW,QAAL,CAAc,GAAd,mCAA6CS,EAA7C;AACD;;mDACMpB,IAAI,CAACU,IAAL,CAAUN,GAAV,C;;;;;AAEPJ,gBAAAA,IAAI,CAACW,QAAL,CAAc,GAAd;mDACOX,IAAI,CAACU,IAAL,CAAUN,GAAV,C;;;;;;;;;;;;;;;;;;;;eAKEF,e","sourceRoot":"/app/api/server/controllers","sourcesContent":["import OrderService from '../services/OrderService';\nimport Util from '../utils/Utils';\n\nconst util = new Util();\n\nclass OrderController {\n  static async getAllOrder(req, res) {\n    try {\n      const allOrder = await OrderService.getAllOrder()\n      if (allOrder.length > 0) {\n        util.setSuccess(200, 'Order retrieved', allOrder)\n      } else {\n        util.setSuccess(200, 'No Order found')\n      }\n      return util.send(res)\n    } catch (error) {\n      util.setError(400, error)\n      return util.send(res)\n    }\n  }\n\n  static async addOrder(req, res) {\n    if (!req.body.TableId || !req.body.statusOrder) {\n      util.setError(400, 'Please provide complete details')\n      return util.send(res)\n    }\n    const newOrder = req.body;\n    try {\n      const createdOrder = await OrderService.addOrder(newOrder)\n      util.setSuccess(201, 'Order Added!', createdOrder)\n      return util.send(res)\n    } catch (error) {\n      util.setError(400, error.message)\n      return util.send(res)\n    }\n  }\n\n  static async updatedOrder(req, res) {\n    const alteredOrder = req.body\n    const { id } = req.params\n    if (!Number(id)) {\n      util.setError(400, 'Please input a valid numeric value')\n      return util.send(res)\n    }\n    try {\n      const updateOrder = await OrderService.updateOrder(id, alteredOrder)\n      if (!updateOrder) {\n        util.setError(404, `Cannot find order with the id: ${id}`)\n      } else {\n        util.setSuccess(200, 'Order updated', updateOrder)\n      }\n      return util.send(res)\n    } catch (error) {\n      util.setError(404, error)\n      return util.send(res)\n    }\n  }\n\n  static async getOrder(req, res) {\n    const { id } = req.params;\n\n    if (!Number(id)) {\n      util.setError(400, 'Please input a valid numeric value')\n      return util.send(res)\n    }\n    try {\n      const theOrder = await OrderService.getOrder(id);\n\n      if (!theOrder) {\n        util.setError(404, `Cannot find Order with the id ${id}`)\n      } else {\n        util.setSuccess(200, 'Found Order', theOrder)\n      }\n      return util.send(res)\n    } catch (error) {\n      util.setError(404, error)\n      return util.send(res)\n    }\n  }\n\n  static async deleteOrder(req, res) {\n    const { id } = req.params;\n\n    if (!Number(id)) {\n      util.setError(400, 'Please provide a numeric value')\n      return util.send(res)\n    }\n\n    try {\n      const orderToDelete = await OrderService.deleteOrder(id);\n\n      if (orderToDelete) {\n        util.setSuccess(200, 'Order deleted')\n      } else {\n        util.setError(404, `Order with the id ${id} cannot be found`)\n      }\n      return util.send(res)\n    } catch (error) {\n      util.setError(400, error)\n      return util.send(res)\n    }\n  }\n\n  static async getOrderItens(req, res) {\n    const id = req.params.id;\n    if (!Number(id)) {\n      util.setError(400, 'Please input a valid numeric value');\n      return util.send(res)\n    }\n    try {\n      const theItens = await OrderService.getOrderItens(id);\n      if (!theItens) {\n        util.setError(404, `Cannot find Order with the id ${id}`)\n      } else {\n        util.setSuccess(200, 'Found Order itens', theItens)\n      }\n      return util.send(res)\n    } catch (error) {\n      util.setError(404, error)\n      return util.send(res)\n    }\n  }\n\n  static async getAllOrdersItens(req, res) {\n    try {\n      const allOrdersItens = await OrderService.getAllOrdersItens()\n      if (allOrdersItens.length > 0) {\n        util.setSuccess(200, 'Order itens retrieved', allOrdersItens)\n      } else {\n        util.setSuccess(200, 'No Order itens found')\n      }\n      return util.send(res)\n    } catch (error) {\n      util.setError(400, error)\n      return util.send(res)\n    }\n  }\n\n  static async getOrderItem(req, res) {\n    const { id } = req.params;\n\n    if (!Number(id)) {\n      util.setError(400, 'Please input a valid numeric value')\n      return util.send(res)\n    }\n    try {\n      const theOrderItem = await OrderService.getOrderItem(id);\n\n      if (!theOrderItem) {\n        util.setError(404, `Cannot find Order with the id ${id}`)\n      } else {\n        util.setSuccess(200, 'Found Order', theOrderItem)\n      }\n      return util.send(res)\n    } catch (error) {\n      util.setError(404, error)\n      return util.send(res)\n    }\n  }\n\n  static async addOrderItens(req, res) {\n    if (!req.body.ProductId || !req.body.OrderId || !req.body.statusItem) {\n      util.setError(400, 'Please provide complete details')\n      return util.send(res)\n    }\n    const newOrderItem = req.body;\n    try {\n      const createdOrderItem = await OrderService.addOrderItens(newOrderItem)\n      util.setSuccess(201, 'Order item Added!', createdOrderItem)\n      return util.send(res)\n    } catch (error) {\n      util.setError(400, error.message)\n      return util.send(res)\n    }\n  }\n\n  static async updateOrderItem(req, res) {\n    const alteredOrderItem = req.body\n    const { id } = req.params\n    if (!Number(id)) {\n      util.setError(400, 'Please input a valid numeric value')\n      return util.send(res)\n    }\n    try {\n      const updateOrderItem = await OrderService.updateOrderItem(id, alteredOrderItem)\n      if (!updateOrderItem) {\n        util.setError(404, `Cannot find order with the id: ${id}`)\n      } else {\n        util.setSuccess(200, 'Order item updated', updateOrderItem)\n      }\n      return util.send(res)\n    } catch (error) {\n      util.setError(404, error)\n      return util.send(res)\n    }\n  }\n\n  static async deleteOrderItem(req, res) {\n    const { id } = req.params;\n\n    if (!Number(id)) {\n      util.setError(400, 'Please provide a numeric value')\n      return util.send(res)\n    }\n\n    try {\n      const orderItemToDelete = await OrderService.deleteOrderItem(id);\n\n      if (orderItemToDelete) {\n        util.setSuccess(200, 'Order item deleted')\n      } else {\n        util.setError(404, `Order item with the id ${id} cannot be found`)\n      }\n      return util.send(res)\n    } catch (error) {\n      util.setError(400, error)\n      return util.send(res)\n    }\n  }\n}\n\nexport default OrderController;"]},"_coverageSchema":"1a1c01bbd47fc00a2c39e90264f33305004495a9","hash":"893a39b4b0b07fd28ca349705caa5a53bdcb2aeb","contentHash":"69cb6e08fbd6afde805178b41ba2cf35b6596f4c7a7e8b71dba307b3d37a5efc"},"/app/api/server/services/OrderService.js":{"path":"/app/api/server/services/OrderService.js","statementMap":{"0":{"start":{"line":3,"column":29},"end":{"line":3,"column":84}},"1":{"start":{"line":5,"column":0},"end":{"line":7,"column":3}},"2":{"start":{"line":8,"column":0},"end":{"line":8,"column":28}},"3":{"start":{"line":10,"column":19},"end":{"line":10,"column":80}},"4":{"start":{"line":12,"column":25},"end":{"line":12,"column":99}},"5":{"start":{"line":14,"column":23},"end":{"line":14,"column":95}},"6":{"start":{"line":16,"column":20},"end":{"line":16,"column":89}},"7":{"start":{"line":18,"column":14},"end":{"line":18,"column":62}},"8":{"start":{"line":22,"column":0},"end":{"line":537,"column":3}},"9":{"start":{"line":24,"column":4},"end":{"line":24,"column":57}},"10":{"start":{"line":27,"column":2},"end":{"line":535,"column":6}},"11":{"start":{"line":30,"column":25},"end":{"line":55,"column":9}},"12":{"start":{"line":33,"column":8},"end":{"line":54,"column":36}},"13":{"start":{"line":34,"column":10},"end":{"line":53,"column":11}},"14":{"start":{"line":35,"column":12},"end":{"line":52,"column":13}},"15":{"start":{"line":37,"column":16},"end":{"line":37,"column":34}},"16":{"start":{"line":38,"column":16},"end":{"line":38,"column":34}},"17":{"start":{"line":39,"column":16},"end":{"line":39,"column":58}},"18":{"start":{"line":42,"column":16},"end":{"line":42,"column":64}},"19":{"start":{"line":45,"column":16},"end":{"line":45,"column":34}},"20":{"start":{"line":46,"column":16},"end":{"line":46,"column":51}},"21":{"start":{"line":47,"column":16},"end":{"line":47,"column":34}},"22":{"start":{"line":51,"column":16},"end":{"line":51,"column":39}},"23":{"start":{"line":58,"column":8},"end":{"line":58,"column":51}},"24":{"start":{"line":61,"column":6},"end":{"line":61,"column":25}},"25":{"start":{"line":66,"column":22},"end":{"line":91,"column":9}},"26":{"start":{"line":69,"column":8},"end":{"line":90,"column":37}},"27":{"start":{"line":70,"column":10},"end":{"line":89,"column":11}},"28":{"start":{"line":71,"column":12},"end":{"line":88,"column":13}},"29":{"start":{"line":73,"column":16},"end":{"line":73,"column":35}},"30":{"start":{"line":74,"column":16},"end":{"line":74,"column":35}},"31":{"start":{"line":75,"column":16},"end":{"line":75,"column":65}},"32":{"start":{"line":78,"column":16},"end":{"line":78,"column":66}},"33":{"start":{"line":81,"column":16},"end":{"line":81,"column":35}},"34":{"start":{"line":82,"column":16},"end":{"line":82,"column":53}},"35":{"start":{"line":83,"column":16},"end":{"line":83,"column":35}},"36":{"start":{"line":87,"column":16},"end":{"line":87,"column":40}},"37":{"start":{"line":94,"column":8},"end":{"line":94,"column":48}},"38":{"start":{"line":97,"column":6},"end":{"line":97,"column":22}},"39":{"start":{"line":102,"column":26},"end":{"line":150,"column":9}},"40":{"start":{"line":106,"column":8},"end":{"line":149,"column":38}},"41":{"start":{"line":107,"column":10},"end":{"line":148,"column":11}},"42":{"start":{"line":108,"column":12},"end":{"line":147,"column":13}},"43":{"start":{"line":110,"column":16},"end":{"line":110,"column":35}},"44":{"start":{"line":111,"column":16},"end":{"line":111,"column":35}},"45":{"start":{"line":112,"column":16},"end":{"line":116,"column":19}},"46":{"start":{"line":119,"column":16},"end":{"line":119,"column":47}},"47":{"start":{"line":121,"column":16},"end":{"line":124,"column":17}},"48":{"start":{"line":122,"column":18},"end":{"line":122,"column":37}},"49":{"start":{"line":123,"column":18},"end":{"line":123,"column":24}},"50":{"start":{"line":126,"column":16},"end":{"line":126,"column":35}},"51":{"start":{"line":127,"column":16},"end":{"line":131,"column":19}},"52":{"start":{"line":134,"column":16},"end":{"line":134,"column":64}},"53":{"start":{"line":137,"column":16},"end":{"line":137,"column":56}},"54":{"start":{"line":140,"column":16},"end":{"line":140,"column":36}},"55":{"start":{"line":141,"column":16},"end":{"line":141,"column":53}},"56":{"start":{"line":142,"column":16},"end":{"line":142,"column":35}},"57":{"start":{"line":146,"column":16},"end":{"line":146,"column":40}},"58":{"start":{"line":153,"column":8},"end":{"line":153,"column":52}},"59":{"start":{"line":156,"column":6},"end":{"line":156,"column":25}},"60":{"start":{"line":161,"column":22},"end":{"line":192,"column":9}},"61":{"start":{"line":165,"column":8},"end":{"line":191,"column":37}},"62":{"start":{"line":166,"column":10},"end":{"line":190,"column":11}},"63":{"start":{"line":167,"column":12},"end":{"line":189,"column":13}},"64":{"start":{"line":169,"column":16},"end":{"line":169,"column":35}},"65":{"start":{"line":170,"column":16},"end":{"line":170,"column":35}},"66":{"start":{"line":171,"column":16},"end":{"line":175,"column":19}},"67":{"start":{"line":178,"column":16},"end":{"line":178,"column":42}},"68":{"start":{"line":179,"column":16},"end":{"line":179,"column":60}},"69":{"start":{"line":182,"column":16},"end":{"line":182,"column":35}},"70":{"start":{"line":183,"column":16},"end":{"line":183,"column":53}},"71":{"start":{"line":184,"column":16},"end":{"line":184,"column":35}},"72":{"start":{"line":188,"column":16},"end":{"line":188,"column":40}},"73":{"start":{"line":195,"column":8},"end":{"line":195,"column":48}},"74":{"start":{"line":198,"column":6},"end":{"line":198,"column":22}},"75":{"start":{"line":203,"column":25},"end":{"line":252,"column":9}},"76":{"start":{"line":207,"column":8},"end":{"line":251,"column":38}},"77":{"start":{"line":208,"column":10},"end":{"line":250,"column":11}},"78":{"start":{"line":209,"column":12},"end":{"line":249,"column":13}},"79":{"start":{"line":211,"column":16},"end":{"line":211,"column":35}},"80":{"start":{"line":212,"column":16},"end":{"line":212,"column":35}},"81":{"start":{"line":213,"column":16},"end":{"line":217,"column":19}},"82":{"start":{"line":220,"column":16},"end":{"line":220,"column":47}},"83":{"start":{"line":222,"column":16},"end":{"line":225,"column":17}},"84":{"start":{"line":223,"column":18},"end":{"line":223,"column":37}},"85":{"start":{"line":224,"column":18},"end":{"line":224,"column":24}},"86":{"start":{"line":227,"column":16},"end":{"line":227,"column":35}},"87":{"start":{"line":228,"column":16},"end":{"line":232,"column":19}},"88":{"start":{"line":235,"column":16},"end":{"line":235,"column":46}},"89":{"start":{"line":236,"column":16},"end":{"line":236,"column":64}},"90":{"start":{"line":239,"column":16},"end":{"line":239,"column":56}},"91":{"start":{"line":242,"column":16},"end":{"line":242,"column":36}},"92":{"start":{"line":243,"column":16},"end":{"line":243,"column":53}},"93":{"start":{"line":244,"column":16},"end":{"line":244,"column":35}},"94":{"start":{"line":248,"column":16},"end":{"line":248,"column":40}},"95":{"start":{"line":255,"column":8},"end":{"line":255,"column":51}},"96":{"start":{"line":258,"column":6},"end":{"line":258,"column":25}},"97":{"start":{"line":263,"column":27},"end":{"line":294,"column":9}},"98":{"start":{"line":267,"column":8},"end":{"line":293,"column":37}},"99":{"start":{"line":268,"column":10},"end":{"line":292,"column":11}},"100":{"start":{"line":269,"column":12},"end":{"line":291,"column":13}},"101":{"start":{"line":271,"column":16},"end":{"line":271,"column":35}},"102":{"start":{"line":272,"column":16},"end":{"line":272,"column":35}},"103":{"start":{"line":273,"column":16},"end":{"line":277,"column":19}},"104":{"start":{"line":280,"column":16},"end":{"line":280,"column":42}},"105":{"start":{"line":281,"column":16},"end":{"line":281,"column":60}},"106":{"start":{"line":284,"column":16},"end":{"line":284,"column":35}},"107":{"start":{"line":285,"column":16},"end":{"line":285,"column":53}},"108":{"start":{"line":286,"column":16},"end":{"line":286,"column":35}},"109":{"start":{"line":290,"column":16},"end":{"line":290,"column":40}},"110":{"start":{"line":297,"column":8},"end":{"line":297,"column":53}},"111":{"start":{"line":300,"column":6},"end":{"line":300,"column":27}},"112":{"start":{"line":305,"column":31},"end":{"line":330,"column":9}},"113":{"start":{"line":308,"column":8},"end":{"line":329,"column":37}},"114":{"start":{"line":309,"column":10},"end":{"line":328,"column":11}},"115":{"start":{"line":310,"column":12},"end":{"line":327,"column":13}},"116":{"start":{"line":312,"column":16},"end":{"line":312,"column":35}},"117":{"start":{"line":313,"column":16},"end":{"line":313,"column":35}},"118":{"start":{"line":314,"column":16},"end":{"line":314,"column":63}},"119":{"start":{"line":317,"column":16},"end":{"line":317,"column":66}},"120":{"start":{"line":320,"column":16},"end":{"line":320,"column":35}},"121":{"start":{"line":321,"column":16},"end":{"line":321,"column":53}},"122":{"start":{"line":322,"column":16},"end":{"line":322,"column":35}},"123":{"start":{"line":326,"column":16},"end":{"line":326,"column":40}},"124":{"start":{"line":333,"column":8},"end":{"line":333,"column":57}},"125":{"start":{"line":336,"column":6},"end":{"line":336,"column":31}},"126":{"start":{"line":341,"column":26},"end":{"line":372,"column":9}},"127":{"start":{"line":345,"column":8},"end":{"line":371,"column":37}},"128":{"start":{"line":346,"column":10},"end":{"line":370,"column":11}},"129":{"start":{"line":347,"column":12},"end":{"line":369,"column":13}},"130":{"start":{"line":349,"column":16},"end":{"line":349,"column":35}},"131":{"start":{"line":350,"column":16},"end":{"line":350,"column":35}},"132":{"start":{"line":351,"column":16},"end":{"line":355,"column":19}},"133":{"start":{"line":358,"column":16},"end":{"line":358,"column":46}},"134":{"start":{"line":359,"column":16},"end":{"line":359,"column":64}},"135":{"start":{"line":362,"column":16},"end":{"line":362,"column":35}},"136":{"start":{"line":363,"column":16},"end":{"line":363,"column":53}},"137":{"start":{"line":364,"column":16},"end":{"line":364,"column":35}},"138":{"start":{"line":368,"column":16},"end":{"line":368,"column":40}},"139":{"start":{"line":375,"column":8},"end":{"line":375,"column":52}},"140":{"start":{"line":378,"column":6},"end":{"line":378,"column":26}},"141":{"start":{"line":383,"column":27},"end":{"line":408,"column":9}},"142":{"start":{"line":386,"column":8},"end":{"line":407,"column":37}},"143":{"start":{"line":387,"column":10},"end":{"line":406,"column":11}},"144":{"start":{"line":388,"column":12},"end":{"line":405,"column":13}},"145":{"start":{"line":390,"column":16},"end":{"line":390,"column":35}},"146":{"start":{"line":391,"column":16},"end":{"line":391,"column":35}},"147":{"start":{"line":392,"column":16},"end":{"line":392,"column":74}},"148":{"start":{"line":395,"column":16},"end":{"line":395,"column":66}},"149":{"start":{"line":398,"column":16},"end":{"line":398,"column":35}},"150":{"start":{"line":399,"column":16},"end":{"line":399,"column":53}},"151":{"start":{"line":400,"column":16},"end":{"line":400,"column":35}},"152":{"start":{"line":404,"column":16},"end":{"line":404,"column":40}},"153":{"start":{"line":411,"column":8},"end":{"line":411,"column":53}},"154":{"start":{"line":414,"column":6},"end":{"line":414,"column":27}},"155":{"start":{"line":419,"column":30},"end":{"line":467,"column":9}},"156":{"start":{"line":423,"column":8},"end":{"line":466,"column":39}},"157":{"start":{"line":424,"column":10},"end":{"line":465,"column":11}},"158":{"start":{"line":425,"column":12},"end":{"line":464,"column":13}},"159":{"start":{"line":427,"column":16},"end":{"line":427,"column":36}},"160":{"start":{"line":428,"column":16},"end":{"line":428,"column":36}},"161":{"start":{"line":429,"column":16},"end":{"line":433,"column":19}},"162":{"start":{"line":436,"column":16},"end":{"line":436,"column":47}},"163":{"start":{"line":438,"column":16},"end":{"line":441,"column":17}},"164":{"start":{"line":439,"column":18},"end":{"line":439,"column":38}},"165":{"start":{"line":440,"column":18},"end":{"line":440,"column":24}},"166":{"start":{"line":443,"column":16},"end":{"line":443,"column":36}},"167":{"start":{"line":444,"column":16},"end":{"line":448,"column":19}},"168":{"start":{"line":451,"column":16},"end":{"line":451,"column":69}},"169":{"start":{"line":454,"column":16},"end":{"line":454,"column":57}},"170":{"start":{"line":457,"column":16},"end":{"line":457,"column":37}},"171":{"start":{"line":458,"column":16},"end":{"line":458,"column":55}},"172":{"start":{"line":459,"column":16},"end":{"line":459,"column":36}},"173":{"start":{"line":463,"column":16},"end":{"line":463,"column":41}},"174":{"start":{"line":470,"column":8},"end":{"line":470,"column":56}},"175":{"start":{"line":473,"column":6},"end":{"line":473,"column":29}},"176":{"start":{"line":478,"column":29},"end":{"line":527,"column":9}},"177":{"start":{"line":482,"column":8},"end":{"line":526,"column":39}},"178":{"start":{"line":483,"column":10},"end":{"line":525,"column":11}},"179":{"start":{"line":484,"column":12},"end":{"line":524,"column":13}},"180":{"start":{"line":486,"column":16},"end":{"line":486,"column":36}},"181":{"start":{"line":487,"column":16},"end":{"line":487,"column":36}},"182":{"start":{"line":488,"column":16},"end":{"line":492,"column":19}},"183":{"start":{"line":495,"column":16},"end":{"line":495,"column":47}},"184":{"start":{"line":497,"column":16},"end":{"line":500,"column":17}},"185":{"start":{"line":498,"column":18},"end":{"line":498,"column":38}},"186":{"start":{"line":499,"column":18},"end":{"line":499,"column":24}},"187":{"start":{"line":502,"column":16},"end":{"line":502,"column":36}},"188":{"start":{"line":503,"column":16},"end":{"line":507,"column":19}},"189":{"start":{"line":510,"column":16},"end":{"line":510,"column":51}},"190":{"start":{"line":511,"column":16},"end":{"line":511,"column":69}},"191":{"start":{"line":514,"column":16},"end":{"line":514,"column":57}},"192":{"start":{"line":517,"column":16},"end":{"line":517,"column":37}},"193":{"start":{"line":518,"column":16},"end":{"line":518,"column":55}},"194":{"start":{"line":519,"column":16},"end":{"line":519,"column":36}},"195":{"start":{"line":523,"column":16},"end":{"line":523,"column":41}},"196":{"start":{"line":530,"column":8},"end":{"line":530,"column":55}},"197":{"start":{"line":533,"column":6},"end":{"line":533,"column":29}},"198":{"start":{"line":536,"column":2},"end":{"line":536,"column":22}},"199":{"start":{"line":539,"column":15},"end":{"line":539,"column":27}},"200":{"start":{"line":540,"column":0},"end":{"line":540,"column":30}}},"fnMap":{"0":{"name":"(anonymous_0)","decl":{"start":{"line":22,"column":0},"end":{"line":22,"column":1}},"loc":{"start":{"line":22,"column":12},"end":{"line":537,"column":1}},"line":22},"1":{"name":"OrderService","decl":{"start":{"line":23,"column":11},"end":{"line":23,"column":23}},"loc":{"start":{"line":23,"column":26},"end":{"line":25,"column":3}},"line":23},"2":{"name":"(anonymous_2)","decl":{"start":{"line":29,"column":11},"end":{"line":29,"column":12}},"loc":{"start":{"line":29,"column":23},"end":{"line":62,"column":5}},"line":29},"3":{"name":"_callee","decl":{"start":{"line":32,"column":44},"end":{"line":32,"column":51}},"loc":{"start":{"line":32,"column":54},"end":{"line":55,"column":7}},"line":32},"4":{"name":"_callee$","decl":{"start":{"line":33,"column":53},"end":{"line":33,"column":61}},"loc":{"start":{"line":33,"column":72},"end":{"line":54,"column":9}},"line":33},"5":{"name":"getAllOrder","decl":{"start":{"line":57,"column":15},"end":{"line":57,"column":26}},"loc":{"start":{"line":57,"column":29},"end":{"line":59,"column":7}},"line":57},"6":{"name":"(anonymous_6)","decl":{"start":{"line":65,"column":11},"end":{"line":65,"column":12}},"loc":{"start":{"line":65,"column":23},"end":{"line":98,"column":5}},"line":65},"7":{"name":"_callee2","decl":{"start":{"line":68,"column":44},"end":{"line":68,"column":52}},"loc":{"start":{"line":68,"column":63},"end":{"line":91,"column":7}},"line":68},"8":{"name":"_callee2$","decl":{"start":{"line":69,"column":53},"end":{"line":69,"column":62}},"loc":{"start":{"line":69,"column":74},"end":{"line":90,"column":9}},"line":69},"9":{"name":"addOrder","decl":{"start":{"line":93,"column":15},"end":{"line":93,"column":23}},"loc":{"start":{"line":93,"column":28},"end":{"line":95,"column":7}},"line":93},"10":{"name":"(anonymous_10)","decl":{"start":{"line":101,"column":11},"end":{"line":101,"column":12}},"loc":{"start":{"line":101,"column":23},"end":{"line":157,"column":5}},"line":101},"11":{"name":"_callee3","decl":{"start":{"line":104,"column":44},"end":{"line":104,"column":52}},"loc":{"start":{"line":104,"column":71},"end":{"line":150,"column":7}},"line":104},"12":{"name":"_callee3$","decl":{"start":{"line":106,"column":53},"end":{"line":106,"column":62}},"loc":{"start":{"line":106,"column":74},"end":{"line":149,"column":9}},"line":106},"13":{"name":"updateOrder","decl":{"start":{"line":152,"column":15},"end":{"line":152,"column":26}},"loc":{"start":{"line":152,"column":37},"end":{"line":154,"column":7}},"line":152},"14":{"name":"(anonymous_14)","decl":{"start":{"line":160,"column":11},"end":{"line":160,"column":12}},"loc":{"start":{"line":160,"column":23},"end":{"line":199,"column":5}},"line":160},"15":{"name":"_callee4","decl":{"start":{"line":163,"column":44},"end":{"line":163,"column":52}},"loc":{"start":{"line":163,"column":57},"end":{"line":192,"column":7}},"line":163},"16":{"name":"_callee4$","decl":{"start":{"line":165,"column":53},"end":{"line":165,"column":62}},"loc":{"start":{"line":165,"column":74}
[...]
 updatedTable(req, res) {\n    const alteredTable = req.body\n    const { id } = req.params\n    if (!Number(id)) {\n      util.setError(400, 'Please input a valid numeric value')\n      return util.send(res)\n    }\n    try {\n      const updateTable = await TableService.updateTable(id, alteredTable)\n      if (!updateTable) {\n        util.setError(404, `Cannot find Table with the id: ${id}`)\n      } else {\n        util.setSuccess(200, 'Table updated', updateTable)\n      }\n      return util.send(res)\n    } catch (error) {\n      util.setError(404, error)\n      return util.send(res)\n    }\n  }\n\n  static async getTable(req, res) {\n    const { id } = req.params\n\n    if (!Number(id)) {\n      util.setError(400, 'Please input a valid numeric value')\n      return util.send(res)\n    }\n\n    try {\n      const theTable = await TableService.getTable(id)\n\n      if (!theTable) {\n        util.setError(404, `Cannot find Table with the id ${id}`);\n      } else {\n        util.setSuccess(200, 'Found Table', theTable);\n      }\n      return util.send(res)\n    } catch (error) {\n      util.setError(404, error);\n      return util.send(res)\n    }\n  }\n\n  static async deleteTable(req, res) {\n    const { id } = req.params\n\n    if (!Number(id)) {\n      util.setError(400, 'Please provide a numeric value');\n      return util.send(res)\n    }\n\n    try {\n      const tableToDelete = await TableService.deleteTable(id)\n\n      if (tableToDelete) {\n        util.setSuccess(200, 'Table deleted')\n      } else {\n        util.setError(404, `Table with the id ${id} cannot be found`)\n      }\n      return util.send(res)\n    } catch (error) {\n      util.setError(400, error)\n      return util.send(res)\n    }\n  }\n}\n\nexport default TableController;"]},"_coverageSchema":"1a1c01bbd47fc00a2c39e90264f33305004495a9","hash":"ac59fe01f66c92f4a78397365d6aca6680d48036","contentHash":"4a4526c88fad0778ac81da009f564071a8185f2c6cc7698d890d154acbefda56"},"/app/api/server/services/TableService.js":{"path":"/app/api/server/services/TableService.js","statementMap":{"0":{"start":{"line":3,"column":29},"end":{"line":3,"column":84}},"1":{"start":{"line":5,"column":0},"end":{"line":7,"column":3}},"2":{"start":{"line":8,"column":0},"end":{"line":8,"column":28}},"3":{"start":{"line":10,"column":19},"end":{"line":10,"column":80}},"4":{"start":{"line":12,"column":25},"end":{"line":12,"column":99}},"5":{"start":{"line":14,"column":23},"end":{"line":14,"column":95}},"6":{"start":{"line":16,"column":20},"end":{"line":16,"column":89}},"7":{"start":{"line":18,"column":14},"end":{"line":18,"column":62}},"8":{"start":{"line":22,"column":0},"end":{"line":262,"column":3}},"9":{"start":{"line":24,"column":4},"end":{"line":24,"column":57}},"10":{"start":{"line":27,"column":2},"end":{"line":260,"column":6}},"11":{"start":{"line":30,"column":25},"end":{"line":55,"column":9}},"12":{"start":{"line":33,"column":8},"end":{"line":54,"column":36}},"13":{"start":{"line":34,"column":10},"end":{"line":53,"column":11}},"14":{"start":{"line":35,"column":12},"end":{"line":52,"column":13}},"15":{"start":{"line":37,"column":16},"end":{"line":37,"column":34}},"16":{"start":{"line":38,"column":16},"end":{"line":38,"column":34}},"17":{"start":{"line":39,"column":16},"end":{"line":39,"column":58}},"18":{"start":{"line":42,"column":16},"end":{"line":42,"column":64}},"19":{"start":{"line":45,"column":16},"end":{"line":45,"column":34}},"20":{"start":{"line":46,"column":16},"end":{"line":46,"column":51}},"21":{"start":{"line":47,"column":16},"end":{"line":47,"column":34}},"22":{"start":{"line":51,"column":16},"end":{"line":51,"column":39}},"23":{"start":{"line":58,"column":8},"end":{"line":58,"column":51}},"24":{"start":{"line":61,"column":6},"end":{"line":61,"column":25}},"25":{"start":{"line":66,"column":22},"end":{"line":91,"column":9}},"26":{"start":{"line":69,"column":8},"end":{"line":90,"column":37}},"27":{"start":{"line":70,"column":10},"end":{"line":89,"column":11}},"28":{"start":{"line":71,"column":12},"end":{"line":88,"column":13}},"29":{"start":{"line":73,"column":16},"end":{"line":73,"column":35}},"30":{"start":{"line":74,"column":16},"end":{"line":74,"column":35}},"31":{"start":{"line":75,"column":16},"end":{"line":75,"column":65}},"32":{"start":{"line":78,"column":16},"end":{"line":78,"column":66}},"33":{"start":{"line":81,"column":16},"end":{"line":81,"column":35}},"34":{"start":{"line":82,"column":16},"end":{"line":82,"column":53}},"35":{"start":{"line":83,"column":16},"end":{"line":83,"column":35}},"36":{"start":{"line":87,"column":16},"end":{"line":87,"column":40}},"37":{"start":{"line":94,"column":8},"end":{"line":94,"column":48}},"38":{"start":{"line":97,"column":6},"end":{"line":97,"column":22}},"39":{"start":{"line":102,"column":26},"end":{"line":150,"column":9}},"40":{"start":{"line":106,"column":8},"end":{"line":149,"column":38}},"41":{"start":{"line":107,"column":10},"end":{"line":148,"column":11}},"42":{"start":{"line":108,"column":12},"end":{"line":147,"column":13}},"43":{"start":{"line":110,"column":16},"end":{"line":110,"column":35}},"44":{"start":{"line":111,"column":16},"end":{"line":111,"column":35}},"45":{"start":{"line":112,"column":16},"end":{"line":116,"column":19}},"46":{"start":{"line":119,"column":16},"end":{"line":119,"column":47}},"47":{"start":{"line":121,"column":16},"end":{"line":124,"column":17}},"48":{"start":{"line":122,"column":18},"end":{"line":122,"column":37}},"49":{"start":{"line":123,"column":18},"end":{"line":123,"column":24}},"50":{"start":{"line":126,"column":16},"end":{"line":126,"column":35}},"51":{"start":{"line":127,"column":16},"end":{"line":131,"column":19}},"52":{"start":{"line":134,"column":16},"end":{"line":134,"column":64}},"53":{"start":{"line":137,"column":16},"end":{"line":137,"column":56}},"54":{"start":{"line":140,"column":16},"end":{"line":140,"column":36}},"55":{"start":{"line":141,"column":16},"end":{"line":141,"column":53}},"56":{"start":{"line":142,"column":16},"end":{"line":142,"column":35}},"57":{"start":{"line":146,"column":16},"end":{"line":146,"column":40}},"58":{"start":{"line":153,"column":8},"end":{"line":153,"column":52}},"59":{"start":{"line":156,"column":6},"end":{"line":156,"column":25}},"60":{"start":{"line":161,"column":22},"end":{"line":192,"column":9}},"61":{"start":{"line":165,"column":8},"end":{"line":191,"column":37}},"62":{"start":{"line":166,"column":10},"end":{"line":190,"column":11}},"63":{"start":{"line":167,"column":12},"end":{"line":189,"column":13}},"64":{"start":{"line":169,"column":16},"end":{"line":169,"column":35}},"65":{"start":{"line":170,"column":16},"end":{"line":170,"column":35}},"66":{"start":{"line":171,"column":16},"end":{"line":175,"column":19}},"67":{"start":{"line":178,"column":16},"end":{"line":178,"column":42}},"68":{"start":{"line":179,"column":16},"end":{"line":179,"column":60}},"69":{"start":{"line":182,"column":16},"end":{"line":182,"column":35}},"70":{"start":{"line":183,"column":16},"end":{"line":183,"column":53}},"71":{"start":{"line":184,"column":16},"end":{"line":184,"column":35}},"72":{"start":{"line":188,"column":16},"end":{"line":188,"column":40}},"73":{"start":{"line":195,"column":8},"end":{"line":195,"column":48}},"74":{"start":{"line":198,"column":6},"end":{"line":198,"column":22}},"75":{"start":{"line":203,"column":25},"end":{"line":252,"column":9}},"76":{"start":{"line":207,"column":8},"end":{"line":251,"column":38}},"77":{"start":{"line":208,"column":10},"end":{"line":250,"column":11}},"78":{"start":{"line":209,"column":12},"end":{"line":249,"column":13}},"79":{"start":{"line":211,"column":16},"end":{"line":211,"column":35}},"80":{"start":{"line":212,"column":16},"end":{"line":212,"column":35}},"81":{"start":{"line":213,"column":16},"end":{"line":217,"column":19}},"82":{"start":{"line":220,"column":16},"end":{"line":220,"column":47}},"83":{"start":{"line":222,"column":16},"end":{"line":225,"column":17}},"84":{"start":{"line":223,"column":18},"end":{"line":223,"column":37}},"85":{"start":{"line":224,"column":18},"end":{"line":224,"column":24}},"86":{"start":{"line":227,"column":16},"end":{"line":227,"column":35}},"87":{"start":{"line":228,"column":16},"end":{"line":232,"column":19}},"88":{"start":{"line":235,"column":16},"end":{"line":235,"column":46}},"89":{"start":{"line":236,"column":16},"end":{"line":236,"column":64}},"90":{"start":{"line":239,"column":16},"end":{"line":239,"column":56}},"91":{"start":{"line":242,"column":16},"end":{"line":242,"column":36}},"92":{"start":{"line":243,"column":16},"end":{"line":243,"column":53}},"93":{"start":{"line":244,"column":16},"end":{"line":244,"column":35}},"94":{"start":{"line":248,"column":16},"end":{"line":248,"column":40}},"95":{"start":{"line":255,"column":8},"end":{"line":255,"column":51}},"96":{"start":{"line":258,"column":6},"end":{"line":258,"column":25}},"97":{"start":{"line":261,"column":2},"end":{"line":261,"column":22}},"98":{"start":{"line":264,"column":15},"end":{"line":264,"column":27}},"99":{"start":{"line":265,"column":0},"end":{"line":265,"column":30}}},"fnMap":{"0":{"name":"(anonymous_0)","decl":{"start":{"line":22,"column":0},"end":{"line":22,"column":1}},"loc":{"start":{"line":22,"column":12},"end":{"line":262,"column":1}},"line":22},"1":{"name":"TableService","decl":{"start":{"line":23,"column":11},"end":{"line":23,"column":23}},"loc":{"start":{"line":23,"column":26},"end":{"line":25,"column":3}},"line":23},"2":{"name":"(anonymous_2)","decl":{"start":{"line":29,"column":11},"end":{"line":29,"column":12}},"loc":{"start":{"line":29,"column":23},"end":{"line":62,"column":5}},"line":29},"3":{"name":"_callee","decl":{"start":{"line":32,"column":44},"end":{"line":32,"column":51}},"loc":{"start":{"line":32,"column":54},"end":{"line":55,"column":7}},"line":32},"4":{"name":"_callee$","decl":{"start":{"line":33,"column":53},"end":{"line":33,"column":61}},"loc":{"start":{"line":33,"column":72},"end":{"line":54,"column":9}},"line":33},"5":{"name":"getAllTable","decl":{"start":{"line":57,"column":15},"end":{"line":57,"column":26}},"loc":{"start":{"line":57,"column":29},"end":{"line":59,"column":7}},"line":57},"6":{"name":"(anonymous_6)","decl":{"start":{"line":65,"column":11},"end":{"line":65,"column":12}},"loc":{"start":{"line":65,"column":23},"end":{"line":98,"column":5}},"line":65},"7":{"name":"_callee2","decl":{"start":{"line":68,"column":44},"end":{"line":68,"column":52}},"loc":{"start":{"line":68,"column":63},"end":{"line":91,"column":7}},"line":68},"8":{"name":"_callee2$","decl":{"start":{"line":69,"column":53},"end":{"line":69,"column":62}},"loc":{"start":{"line":69,"column":74},"end":{"line":90,"column":9}},"line":69},"9":{"name":"addTable","decl":{"start":{"line":93,"column":15},"end":{"line":93,"column":23}},"loc":{"start":{"line":93,"column":28},"end":{"line":95,"column":7}},"line":93},"10":{"name":"(anonymous_10)","decl":{"start":{"line":101,"column":11},"end":{"line":101,"column":12}},"loc":{"start":{"line":101,"column":23},"end":{"line":157,"column":5}},"line":101},"11":{"name":"_callee3","decl":{"start":{"line":104,"column":44},"end":{"line":104,"column":52}},"loc":{"start":{"line":104,"column":71},"end":{"line":150,"column":7}},"line":104},"12":{"name":"_callee3$","decl":{"start":{"line":106,"column":53},"end":{"line":106,"column":62}},"loc":{"start":{"line":106,"column":74},"end":{"line":149,"column":9}},"line":106},"13":{"name":"updateTable","decl":{"start":{"line":152,"column":15},"end":{"line":152,"column":26}},"loc":{"start":{"line":152,"column":37},"end":{"line":154,"column":7}},"line":152},"14":{"name":"(anonymous_14)","decl":{"start":{"line":160,"column":11},"end":{"line":160,"column":12}},"loc":{"start":{"line":160,"column":23},"end":{"line":199,"column":5}},"line":160},"15":{"name":"_callee4","decl":{"start":{"line":163,"column":44},"end":{"line":163,"column":52}},"loc":{"start":{"line":163,"column":57},"end":{"line":192,"column":7}},"line":163},"16":{"name":"_callee4$","decl":{"start":{"line":165,"column":53},"end":{"line":165,"column":62}},"loc":{"start":{"line":165,"column":74},"end":{"line":191,"column":9}},"line":165},"17":{"name":"getTable","decl":{"start":{"line":194,"column":15},"end":{"line":194,"column":23}},"loc":{"start":{"line":194,"column":29},"end":{"line":196,"column":7}},"line":194},"18":{"name":"(anonymous_18)","decl":{"start":{"line":202,"column":11},"end":{"line":202,"column":12}},"loc":{"start":{"line":202,"column":23},"end":{"line":259,"column":5}},"line":202},"19":{"name":"_callee5","decl":{"start":{"line":205,"column":44},"end":{"line":205,"column":52}},"loc":{"start":{"line":205,"column":57},"end":{"line":252,"column":7}},"line":205},"20":{"name":"_callee5$","decl":{"start":{"line":207,"column":53},"end":{"line":207,"column":62}},"loc":{"start":{"line":207,"column":74},"end":{"line":251,"column":9}},"line":207},"21":{"name":"deleteTable","decl":{"start":{"line":254,"column":15},"end":{"line":254,"column":26}},"loc":{"start":{"line":254,"column":32},"end":{"line":256,"column":7}},"line":254}},"branchMap":{"0":{"loc":{"start":{"line":35,"column":12},"end":{"line":52,"column":13}},"type":"switch","locations":[{"start":{"line":36,"column":14},"end":{"line":39,"column":58}},{"start":{"line":41,"column":14},"end":{"line":42,"column":64}},{"start":{"line":44,"column":14},"end":{"line":47,"column":34}},{"start":{"line":49,"column":14},"end":{"line":49,"column":21}},{"start":{"line":50,"column":14},"end":{"line":51,"column":39}}],"line":35},"1":{"loc":{"start":{"line":71,"column":12},"end":{"line":88,"column":13}},"type":"switch","locations":[{"start":{"line":72,"column":14},"end":{"line":75,"column":65}},{"start":{"line":77,"column":14},"end":{"line":78,"column":66}},{"start":{"line":80,"column":14},"end":{"line":83,"column":35}},{"start":{"line":85,"column":14},"end":{"line":85,"column":21}},{"start":{"line":86,"column":14},"end":{"line":87,"column":40}}],"line":71},"2":{"loc":{"start":{"line":108,"column":12},"end":{"line":147,"column":13}},"type":"switch","locations":[{"start":{"line":109,"column":14},"end":{"line":116,"column":19}},{"start":{"line":118,"column":14},"end":{"line":131,"column":19}},{"start":{"line":133,"column":14},"end":{"line":134,"column":64}},{"start":{"line":136,"column":14},"end":{"line":137,"column":56}},{"start":{"line":139,"column":14},"end":{"line":142,"column":35}},{"start":{"line":144,"column":14},"end":{"line":144,"column":22}},{"start":{"line":145,"column":14},"end":{"line":146,"column":40}}],"line":108},"3":{"loc":{"start":{"line":121,"column":16},"end":{"line":124,"column":17}},"type":"if","locations":[{"start":{"line":121,"column":16},"end":{"line":124,"column":17}},{"start":{"line":121,"column":16},"end":{"line":124,"column":17}}],"line":121},"4":{"loc":{"start":{"line":167,"column":12},"end":{"line":189,"column":13}},"type":"switch","locations":[{"start":{"line":168,"column":14},"end":{"line":175,"column":19}},{"start":{"line":177,"column":14},"end":{"line":179,"column":60}},{"start":{"line":181,"column":14},"end":{"line":184,"column":35}},{"start":{"line":186,"column":14},"end":{"line":186,"column":22}},{"start":{"line":187,"column":14},"end":{"line":188,"column":40}}],"line":167},"5":{"loc":{"start":{"line":209,"column":12},"end":{"line":249,"column":13}},"type":"switch","locations":[{"start":{"line":210,"column":14},"end":{"line":217,"column":19}},{"start":{"line":219,"column":14},"end":{"line":232,"column":19}},{"start":{"line":234,"column":14},"end":{"line":236,"column":64}},{"start":{"line":238,"column":14},"end":{"line":239,"column":56}},{"start":{"line":241,"column":14},"end":{"line":244,"column":35}},{"start":{"line":246,"column":14},"end":{"line":246,"column":22}},{"start":{"line":247,"column":14},"end":{"line":248,"column":40}}],"line":209},"6":{"loc":{"start":{"line":222,"column":16},"end":{"line":225,"column":17}},"type":"if","locations":[{"start":{"line":222,"column":16},"end":{"line":225,"column":17}},{"start":{"line":222,"column":16},"end":{"line":225,"column":17}}],"line":222}},"s":{"0":1,"1":1,"2":1,"3":1,"4":1,"5":1,"6":1,"7":1,"8":1,"9":0,"10":1,"11":1,"12":2,"13":6,"14":6,"15":2,"16":2,"17":2,"18":2,"19":0,"20":0,"21":0,"22":2,"23":2,"24":1,"25":1,"26":5,"27":15,"28":15,"29":5,"30":5,"31":5,"32":5,"33":0,"34":0,"35":0,"36":5,"37":5,"38":1,"39":1,"40":2,"41":7,"42":8,"43":2,"44":2,"45":2,"46":2,"47":2,"48":1,"49":1,"50":1,"51":1,"52":1,"53":1,"54":0,"55":0,"56":0,"57":2,"58":2,"59":1,"60":1,"61":2,"62":6,"63":6,"64":2,"65":2,"66":2,"67":2,"68":2,"69":0,"70":0,"71":0,"72":2,"73":2,"74":1,"75":1,"76":2,"77":7,"78":8,"79":2,"80":2,"81":2,"82":2,"83":2,"84":1,"85":1,"86":1,"87":1,"88":1,"89":1,"90":1,"91":0,"92":0,"93":0,"94":2,"95":2,"96":1,"97":1,"98":1,"99":1},"f":{"0":1,"1":0,"2":1,"3":2,"4":6,"5":2,"6":1,"7":5,"8":15,"9":5,"10":1,"11":2,"12":7,"13":2,"14":1,"15":2,"16":6,"17":2,"18":1,"19":2,"20":7,"21":2},"b":{"0":[2,2,0,0,2],"1":[5,5,0,0,5],"2":[2,2,1,1,0,0,2],"3":[1,1],"4":[2,2,0,0,2],"5":[2,2,1,1,0,0,2],"6":[1,1]},"inputSourceMap":{"version":3,"sources":["TableService.js"],"names":["TableService","database","Table","findAll","newTable","create","id","updateTable","findOne","where","Number","tableToUpdate","update","theTable","tableToDelete","destroy","deletedTable"],"mappings":";;;;;;;;;;;;;;;;;AAAA;;IAEMA,Y;;;;;;;;;;;;;;;;;;;uBAGaC,mBAASC,KAAT,CAAeC,OAAf,E;;;;;;;;;;;;;;;;;;;;;;;;;;;;;qDAMKC,Q;;;;;;;uBAELH,mBAASC,KAAT,CAAeG,MAAf,CAAsBD,QAAtB,C;;;;;;;;;;;;;;;;;;;;;;;;;;;;;qDAMQE,E,EAAIC,Y;;;;;;;;uBAEGN,mBAASC,KAAT,CAAeM,OAAf,CAAuB;AACjDC,kBAAAA,KAAK,EAAE;AAAEH,oBAAAA,EAAE,EAAEI,MAAM,CAACJ,EAAD;AAAZ;AAD0C,iBAAvB,C;;;AAAtBK,gBAAAA,a;;qBAIFA,a;;;;;;uBACIV,mBAASC,KAAT,CAAeU,MAAf,CAAsBL,YAAtB,EAAmC;AAAEE,kBAAAA,KAAK,EAAE;AAAEH,oBAAAA,EAAE,EAAEI,MAAM,CAACJ,EAAD;AAAZ;AAAT,iBAAnC,C;;;kDACCC,Y;;;kDAEF,I;;;;;;;;;;;;;;;;;;;;;;;;;;qDAMWD,E;;;;;;;;uBAEKL,mBAASC,KAAT,CAAeM,OAAf,CAAuB;AAC5CC,kBAAAA,KAAK,EAAE;AAAEH,oBAAAA,EAAE,EAAEI,MAAM,CAACJ,EAAD;AAAZ;AADqC,iBAAvB,C;;;AAAjBO,gBAAAA,Q;kDAICA,Q;;;;;;;;;;;;;;;;;;;;;;;;;;qDAMcP,E;;;;;;;;uBAEOL,mBAASC,KAAT,CAAeM,OAAf,CAAuB;AAAEC,kBAAAA,KAAK,EAAE;AAAEH,oBAAAA,EAAE,EAAEI,MAAM,CAACJ,EAAD;AAAZ;AAAT,iBAAvB,C;;;AAAtBQ,gBAAAA,a;;qBAEFA,a;;;;;;uBACyBb,mBAASC,KAAT,CAAea,OAAf,CAAuB;AAChDN,kBAAAA,KAAK,EAAE;AAAEH,oBAAAA,EAAE,EAAEI,MAAM,CAACJ,EAAD;AAAZ;AADyC,iBAAvB,C;;;AAArBU,gBAAAA,Y;kDAGCA,Y;;;kDAEF,I;;;;;;;;;;;;;;;;;;;;;;;;;eAOEhB,Y","sourceRoot":"/app/api/server/services","sourcesContent":["import database from '../src/models';\n\nclass TableService {\n  static async getAllTable() {\n    try {\n      return await database.Table.findAll()\n    } catch (error) {\n      throw error\n    }\n  }\n\n  static async addTable(newTable) {\n    try {\n      return await database.Table.create(newTable)\n    } catch (error) {\n      throw error\n    }\n  }\n\n  static async updateTable(id, updateTable) {\n    try {\n      const tableToUpdate = await database.Table.findOne({\n        where: { id: Number(id) }\n      })\n\n      if (tableToUpdate) {\n        await database.Table.update(updateTable, { where: { id: Number(id) } })\n        return updateTable;\n      }\n      return null;\n    } catch (error) {\n      throw error\n    }\n  }\n\n  static async getTable(id) {\n    try {\n      const theTable = await database.Table.findOne({\n        where: { id: Number(id) }\n      })\n\n      return theTable;\n    } catch (error) {\n      throw error\n    }\n  }\n\n  static async deleteTable(id) {\n    try {\n      const tableToDelete = await database.Table.findOne({ where: { id: Number(id) } })\n\n      if (tableToDelete) {\n        const deletedTable = await database.Table.destroy({\n          where: { id: Number(id) }\n        })\n        return deletedTable;\n      }\n      return null\n    } catch (error) {\n      throw error\n    }\n  }\n}\n\nexport default TableService;"]},"_coverageSchema":"1a1c01bbd47fc00a2c39e90264f33305004495a9","hash":"6fccc6cc8ada5d7f92d1230f9d4f6207ebb28029","contentHash":"2b137f12815d6487a9ce48a27ee23445a08951ab1505064c925e4329d0434f6a"}}