{"/app/api/index.js":{"path":"/app/api/index.js","statementMap":{"0":{"start":{"line":3,"column":29},"end":{"line":3,"column":84}},"1":{"start":{"line":5,"column":0},"end":{"line":7,"column":3}},"2":{"start":{"line":8,"column":0},"end":{"line":8,"column":28}},"3":{"start":{"line":10,"column":15},"end":{"line":10,"column":57}},"4":{"start":{"line":12,"column":18},"end":{"line":12,"column":64}},"5":{"start":{"line":14,"column":21},"end":{"line":14,"column":85}},"6":{"start":{"line":16,"column":19},"end":{"line":16,"column":81}},"7":{"start":{"line":18,"column":24},"end":{"line":18,"column":91}},"8":{"start":{"line":20,"column":19},"end":{"line":20,"column":81}},"9":{"start":{"line":22,"column":10},"end":{"line":22,"column":36}},"10":{"start":{"line":23,"column":0},"end":{"line":23,"column":39}},"11":{"start":{"line":24,"column":0},"end":{"line":26,"column":4}},"12":{"start":{"line":27,"column":11},"end":{"line":27,"column":35}},"13":{"start":{"line":28,"column":0},"end":{"line":28,"column":52}},"14":{"start":{"line":29,"column":0},"end":{"line":29,"column":48}},"15":{"start":{"line":30,"column":0},"end":{"line":30,"column":58}},"16":{"start":{"line":31,"column":0},"end":{"line":31,"column":48}},"17":{"start":{"line":32,"column":0},"end":{"line":36,"column":3}},"18":{"start":{"line":33,"column":2},"end":{"line":35,"column":5}},"19":{"start":{"line":37,"column":0},"end":{"line":39,"column":3}},"20":{"start":{"line":38,"column":2},"end":{"line":38,"column":57}},"21":{"start":{"line":40,"column":15},"end":{"line":40,"column":18}},"22":{"start":{"line":41,"column":0},"end":{"line":41,"column":30}}},"fnMap":{"0":{"name":"(anonymous_0)","decl":{"start":{"line":32,"column":13},"end":{"line":32,"column":14}},"loc":{"start":{"line":32,"column":33},"end":{"line":36,"column":1}},"line":32},"1":{"name":"(anonymous_1)","decl":{"start":{"line":37,"column":17},"end":{"line":37,"column":18}},"loc":{"start":{"line":37,"column":29},"end":{"line":39,"column":1}},"line":37}},"branchMap":{"0":{"loc":{"start":{"line":27,"column":11},"end":{"line":27,"column":35}},"type":"binary-expr","locations":[{"start":{"line":27,"column":11},"end":{"line":27,"column":27}},{"start":{"line":27,"column":31},"end":{"line":27,"column":35}}],"line":27}},"s":{"0":1,"1":1,"2":1,"3":1,"4":1,"5":1,"6":1,"7":1,"8":1,"9":1,"10":1,"11":1,"12":1,"13":1,"14":1,"15":1,"16":1,"17":1,"18":0,"19":1,"20":1,"21":1,"22":1},"f":{"0":0,"1":1},"b":{"0":[1,1]},"inputSourceMap":{"version":3,"sources":["index.js"],"names":["app","use","bodyParser","json","urlencoded","extended","port","process","env","PORT","productRoutes","orderRoutes","orderItemsRoutes","tableRoutes","get","req","res","status","send","message","listen","console","log"],"mappings":";;;;;;;;;AAAA;;AACA;;AACA;;AACA;;AACA;;AACA;;AAEA,IAAMA,GAAG,GAAG,0BAAZ;AACAA,GAAG,CAACC,GAAJ,CAAQC,uBAAWC,IAAX,EAAR;AACAH,GAAG,CAACC,GAAJ,CAAQC,uBAAWE,UAAX,CAAsB;AAAEC,EAAAA,QAAQ,EAAE;AAAZ,CAAtB,CAAR;AAEA,IAAMC,IAAI,GAAGC,OAAO,CAACC,GAAR,CAAYC,IAAZ,IAAoB,IAAjC;AAEAT,GAAG,CAACC,GAAJ,CAAQ,eAAR,EAAyBS,yBAAzB;AACAV,GAAG,CAACC,GAAJ,CAAQ,aAAR,EAAuBU,uBAAvB;AACAX,GAAG,CAACC,GAAJ,CAAQ,kBAAR,EAA4BW,4BAA5B;AACAZ,GAAG,CAACC,GAAJ,CAAQ,aAAR,EAAuBY,uBAAvB;AAEAb,GAAG,CAACc,GAAJ,CAAQ,GAAR,EAAa,UAACC,GAAD,EAAMC,GAAN;AAAA,SAAcA,GAAG,CAACC,MAAJ,CAAW,GAAX,EAAgBC,IAAhB,CAAqB;AAC7CC,IAAAA,OAAO,EAAE;AADoC,GAArB,CAAd;AAAA,CAAb;AAIAnB,GAAG,CAACoB,MAAJ,CAAWd,IAAX,EAAiB,YAAM;AACpBe,EAAAA,OAAO,CAACC,GAAR,qCAAyChB,IAAzC;AACF,CAFD;eAIeN,G","sourceRoot":"/app/api","sourcesContent":["import express from 'express'\nimport bodyParser from 'body-parser'\nimport productRoutes from './server/routes/ProductRoutes';\nimport orderRoutes from './server/routes/OrderRoutes';\nimport orderItemsRoutes from './server/routes/OrderItemsRoutes';\nimport tableRoutes from './server/routes/TableRoutes';\n\nconst app = express()\napp.use(bodyParser.json())\napp.use(bodyParser.urlencoded({ extended: false }))\n\nconst port = process.env.PORT || 3000\n\napp.use('/api/products', productRoutes);\napp.use('/api/orders', orderRoutes);\napp.use('/api/order-items', orderItemsRoutes);\napp.use('/api/tables', tableRoutes);\n\napp.get('*', (req, res) => res.status(200).send({\n   message: 'Esta é a API da nossa hamburgueria.'\n}))\n\napp.listen(port, () => {\n   console.log(`Server is running on PORT ${port}`)\n})\n\nexport default app"]},"_coverageSchema":"1a1c01bbd47fc00a2c39e90264f33305004495a9","hash":"75db57458d2f871df170effadb5309ad9d96c0b6","contentHash":"c7741fd0432637e3d195d9cfbb7cc17daf858416dbe7dcfc5770b9e833742090"},"/app/api/server/routes/ProductRoutes.js":{"path":"/app/api/server/routes/ProductRoutes.js","statementMap":{"0":{"start":{"line":3,"column":29},"end":{"line":3,"column":84}},"1":{"start":{"line":5,"column":0},"end":{"line":7,"column":3}},"2":{"start":{"line":8,"column":0},"end":{"line":8,"column":28}},"3":{"start":{"line":10,"column":15},"end":{"line":10,"column":33}},"4":{"start":{"line":12,"column":25},"end":{"line":12,"column":92}},"5":{"start":{"line":14,"column":13},"end":{"line":14,"column":35}},"6":{"start":{"line":15,"column":0},"end":{"line":15,"column":62}},"7":{"start":{"line":16,"column":0},"end":{"line":16,"column":59}},"8":{"start":{"line":17,"column":0},"end":{"line":17,"column":61}},"9":{"start":{"line":18,"column":0},"end":{"line":18,"column":65}},"10":{"start":{"line":19,"column":0},"end":{"line":19,"column":70}},"11":{"start":{"line":20,"column":15},"end":{"line":20,"column":21}},"12":{"start":{"line":21,"column":0},"end":{"line":21,"column":30}}},"fnMap":{},"branchMap":{},"s":{"0":1,"1":1,"2":1,"3":1,"4":1,"5":1,"6":1,"7":1,"8":1,"9":1,"10":1,"11":1,"12":1},"f":{},"b":{},"inputSourceMap":{"version":3,"sources":["ProductRoutes.js"],"names":["router","get","ProductController","getAllProducts","post","addProduct","getProduct","put","updatedProduct","deleteProduct"],"mappings":";;;;;;;;;AAAA;;AACA;;AAEA,IAAMA,MAAM,GAAG,sBAAf;AACAA,MAAM,CAACC,GAAP,CAAW,GAAX,EAAgBC,8BAAkBC,cAAlC;AACAH,MAAM,CAACI,IAAP,CAAY,GAAZ,EAAiBF,8BAAkBG,UAAnC;AACAL,MAAM,CAACC,GAAP,CAAW,MAAX,EAAmBC,8BAAkBI,UAArC;AACAN,MAAM,CAACO,GAAP,CAAW,MAAX,EAAmBL,8BAAkBM,cAArC;AACAR,MAAM,UAAN,CAAc,MAAd,EAAsBE,8BAAkBO,aAAxC;eACeT,M","sourceRoot":"/app/api/server/routes","sourcesContent":["import { Router } from 'express'\nimport ProductController from '../controllers/ProductController'\n\nconst router = Router()\nrouter.get('/', ProductController.getAllProducts)\nrouter.post('/', ProductController.addProduct)\nrouter.get('/:id', ProductController.getProduct)\nrouter.put('/:id', ProductController.updatedProduct)\nrouter.delete('/:id', ProductController.deleteProduct)\nexport default router"]},"_coverageSchema":"1a1c01bbd47fc00a2c39e90264f33305004495a9","hash":"3c995e3df1e6c42349febfa314c02767c595b447","contentHash":"0b5b24549fe4be91fbfa0c3bb6acd997b353bfff929d1eaaf2e77c3c0f0e369c"},"/app/api/server/controllers/ProductController.js":{"path":"/app/api/server/controllers/ProductController.js","statementMap":{"0":{"start":{"line":3,"column":29},"end":{"line":3,"column":84}},"1":{"start":{"line":5,"column":0},"end":{"line":7,"column":3}},"2":{"start":{"line":8,"column":0},"end":{"line":8,"column":28}},"3":{"start":{"line":10,"column":19},"end":{"line":10,"column":80}},"4":{"start":{"line":12,"column":25},"end":{"line":12,"column":99}},"5":{"start":{"line":14,"column":23},"end":{"line":14,"column":95}},"6":{"start":{"line":16,"column":20},"end":{"line":16,"column":89}},"7":{"start":{"line":18,"column":22},"end":{"line":18,"column":83}},"8":{"start":{"line":20,"column":13},"end":{"line":20,"column":62}},"9":{"start":{"line":22,"column":11},"end":{"line":22,"column":34}},"10":{"start":{"line":26,"column":0},"end":{"line":301,"column":3}},"11":{"start":{"line":28,"column":4},"end":{"line":28,"column":62}},"12":{"start":{"line":31,"column":2},"end":{"line":299,"column":6}},"13":{"start":{"line":34,"column":28},"end":{"line":69,"column":9}},"14":{"start":{"line":38,"column":8},"end":{"line":68,"column":36}},"15":{"start":{"line":39,"column":10},"end":{"line":67,"column":11}},"16":{"start":{"line":40,"column":12},"end":{"line":66,"column":13}},"17":{"start":{"line":42,"column":16},"end":{"line":42,"column":34}},"18":{"start":{"line":43,"column":16},"end":{"line":43,"column":34}},"19":{"start":{"line":44,"column":16},"end":{"line":44,"column":67}},"20":{"start":{"line":47,"column":16},"end":{"line":47,"column":44}},"21":{"start":{"line":49,"column":16},"end":{"line":53,"column":17}},"22":{"start":{"line":50,"column":18},"end":{"line":50,"column":74}},"23":{"start":{"line":52,"column":18},"end":{"line":52,"column":59}},"24":{"start":{"line":55,"column":16},"end":{"line":55,"column":65}},"25":{"start":{"line":58,"column":16},"end":{"line":58,"column":34}},"26":{"start":{"line":59,"column":16},"end":{"line":59,"column":51}},"27":{"start":{"line":60,"column":16},"end":{"line":60,"column":48}},"28":{"start":{"line":61,"column":16},"end":{"line":61,"column":65}},"29":{"start":{"line":65,"column":16},"end":{"line":65,"column":39}},"30":{"start":{"line":72,"column":8},"end":{"line":72,"column":54}},"31":{"start":{"line":75,"column":6},"end":{"line":75,"column":28}},"32":{"start":{"line":80,"column":24},"end":{"line":119,"column":9}},"33":{"start":{"line":84,"column":8},"end":{"line":118,"column":38}},"34":{"start":{"line":85,"column":10},"end":{"line":117,"column":11}},"35":{"start":{"line":86,"column":12},"end":{"line":116,"column":13}},"36":{"start":{"line":88,"column":16},"end":{"line":91,"column":17}},"37":{"start":{"line":89,"column":18},"end":{"line":89,"column":37}},"38":{"start":{"line":90,"column":18},"end":{"line":90,"column":24}},"39":{"start":{"line":93,"column":16},"end":{"line":93,"column":70}},"40":{"start":{"line":94,"column":16},"end":{"line":94,"column":66}},"41":{"start":{"line":97,"column":16},"end":{"line":97,"column":38}},"42":{"start":{"line":98,"column":16},"end":{"line":98,"column":35}},"43":{"start":{"line":99,"column":16},"end":{"line":99,"column":35}},"44":{"start":{"line":100,"column":16},"end":{"line":100,"column":73}},"45":{"start":{"line":103,"column":16},"end":{"line":103,"column":48}},"46":{"start":{"line":104,"column":16},"end":{"line":104,"column":71}},"47":{"start":{"line":105,"column":16},"end":{"line":105,"column":66}},"48":{"start":{"line":108,"column":16},"end":{"line":108,"column":36}},"49":{"start":{"line":109,"column":16},"end":{"line":109,"column":53}},"50":{"start":{"line":110,"column":16},"end":{"line":110,"column":57}},"51":{"start":{"line":111,"column":16},"end":{"line":111,"column":66}},"52":{"start":{"line":115,"column":16},"end":{"line":115,"column":40}},"53":{"start":{"line":122,"column":8},"end":{"line":122,"column":50}},"54":{"start":{"line":125,"column":6},"end":{"line":125,"column":24}},"55":{"start":{"line":130,"column":28},"end":{"line":177,"column":9}},"56":{"start":{"line":134,"column":8},"end":{"line":176,"column":38}},"57":{"start":{"line":135,"column":10},"end":{"line":175,"column":11}},"58":{"start":{"line":136,"column":12},"end":{"line":174,"column":13}},"59":{"start":{"line":138,"column":16},"end":{"line":138,"column":42}},"60":{"start":{"line":139,"column":16},"end":{"line":139,"column":35}},"61":{"start":{"line":141,"column":16},"end":{"line":144,"column":17}},"62":{"start":{"line":142,"column":18},"end":{"line":142,"column":37}},"63":{"start":{"line":143,"column":18},"end":{"line":143,"column":24}},"64":{"start":{"line":146,"column":16},"end":{"line":146,"column":73}},"65":{"start":{"line":147,"column":16},"end":{"line":147,"column":66}},"66":{"start":{"line":150,"column":16},"end":{"line":150,"column":35}},"67":{"start":{"line":151,"column":16},"end":{"line":151,"column":35}},"68":{"start":{"line":152,"column":16},"end":{"line":152,"column":84}},"69":{"start":{"line":155,"column":16},"end":{"line":155,"column":47}},"70":{"start":{"line":157,"column":16},"end":{"line":161,"column":17}},"71":{"start":{"line":158,"column":18},"end":{"line":158,"column":85}},"72":{"start":{"line":160,"column":18},"end":{"line":160,"column":73}},"73":{"start":{"line":163,"column":16},"end":{"line":163,"column":66}},"74":{"start":{"line":166,"column":16},"end":{"line":166,"column":36}},"75":{"start":{"line":167,"column":16},"end":{"line":167,"column":53}},"76":{"start":{"line":168,"column":16},"end":{"line":168,"column":49}},"77":{"start":{"line":169,"column":16},"end":{"line":169,"column":66}},"78":{"start":{"line":173,"column":16},"end":{"line":173,"column":40}},"79":{"start":{"line":180,"column":8},"end":{"line":180,"column":54}},"80":{"start":{"line":183,"column":6},"end":{"line":183,"column":28}},"81":{"start":{"line":188,"column":24},"end":{"line":234,"column":9}},"82":{"start":{"line":192,"column":8},"end":{"line":233,"column":38}},"83":{"start":{"line":193,"column":10},"end":{"line":232,"column":11}},"84":{"start":{"line":194,"column":12},"end":{"line":231,"column":13}},"85":{"start":{"line":196,"column":16},"end":{"line":196,"column":35}},"86":{"start":{"line":198,"column":16},"end":{"line":201,"column":17}},"87":{"start":{"line":199,"column":18},"end":{"line":199,"column":37}},"88":{"start":{"line":200,"column":18},"end":{"line":200,"column":24}},"89":{"start":{"line":203,"column":16},"end":{"line":203,"column":73}},"90":{"start":{"line":204,"column":16},"end":{"line":204,"column":66}},"91":{"start":{"line":207,"column":16},"end":{"line":207,"column":35}},"92":{"start":{"line":208,"column":16},"end":{"line":208,"column":35}},"93":{"start":{"line":209,"column":16},"end":{"line":209,"column":65}},"94":{"start":{"line":212,"column":16},"end":{"line":212,"column":44}},"95":{"start":{"line":214,"column":16},"end":{"line":218,"column":17}},"96":{"start":{"line":215,"column":18},"end":{"line":215,"column":84}},"97":{"start":{"line":217,"column":18},"end":{"line":217,"column":68}},"98":{"start":{"line":220,"column":16},"end":{"line":220,"column":66}},"99":{"start":{"line":223,"column":16},"end":{"line":223,"column":36}},"100":{"start":{"line":224,"column":16},"end":{"line":224,"column":53}},"101":{"start":{"line":225,"column":16},"end":{"line":225,"column":49}},"102":{"start":{"line":226,"column":16},"end":{"line":226,"column":66}},"103":{"start":{"line":230,"column":16},"end":{"line":230,"column":40}},"104":{"start":{"line":237,"column":8},"end":{"line":237,"column":50}},"105":{"start":{"line":240,"column":6},"end":{"line":240,"column":24}},"106":{"start":{"line":245,"column":27},"end":{"line":291,"column":9}},"107":{"start":{"line":249,"column":8},"end":{"line":290,"column":38}},"108":{"start":{"line":250,"column":10},"end":{"line":289,"column":11}},"109":{"start":{"line":251,"column":12},"end":{"line":288,"column":13}},"110":{"start":{"line":253,"column":16},"end":{"line":253,"column":35}},"111":{"start":{"line":255,"column":16},"end":{"line":258,"column":17}},"112":{"start":{"line":256,"column":18},"end":{"line":256,"column":37}},"113":{"start":{"line":257,"column":18},"end":{"line":257,"column":24}},"114":{"start":{"line":260,"column":16},"end":{"line":260,"column":69}},"115":{"start":{"line":261,"column":16},"end":{"line":261,"column":66}},"116":{"start":{"line":264,"column":16},"end":{"line":264,"column":35}},"117":{"start":{"line":265,"column":16},"end":{"line":265,"column":35}},"118":{"start":{"line":266,"column":16},"end":{"line":266,"column":68}},"119":{"start":{"line":269,"column":16},"end":{"line":269,"column":49}},"120":{"start":{"line":271,"column":16},"end":{"line":275,"column":17}},"121":{"start":{"line":272,"column":18},"end":{"line":272,"column":58}},"122":{"start":{"line":274,"column":18},"end":{"line":274,"column":92}},"123":{"start":{"line":277,"column":16},"end":{"line":277,"column":66}},"124":{"start":{"line":280,"column":16},"end":{"line":280,"column":36}},"125":{"start":{"line":281,"column":16},"end":{"line":281,"column":53}},"126":{"start":{"line":282,"column":16},"end":{"line":282,"column":49}},"127":{"start":{"line":283,"column":16},"end":{"line":283,"column":66}},"128":{"start":{"line":287,"column":16},"end":{"line":287,"column":40}},"129":{"start":{"line":294,"column":8},"end":{"line":294,"column":53}},"130":{"start":{"line":297,"column":6},"end":{"line":297,"column":27}},"131":{"start":{"line":300,"column":2},"end":{"line":300,"column":27}},"132":{"start":{"line":303,"column":15},"end":{"line":303,"column":32}},"133":{"start":{"line":304,"column":0},"end":{"line":304,"column":30}}},"fnMap":{"0":{"name":"(anonymous_0)","decl":{"start":{"line":26,"column":0},"end":{"line":26,"column":1}},"loc":{"start":{"line":26,"column":12},"end":{"line":301,"column":1}},"line":26},"1":{"name":"ProductController","decl":{"start":{"line":27,"column":11},"end":{"line":27,"column":28}},"loc":{"start":{"line":27,"column":31},"end":{"line":29,"column":3}},"line":27},"2":{"name":"(anonymous_2)","decl":{"start":{"line":33,"column":11},"end":{"line":33,"column":12}},"loc":{"start":{"line":33,"column":23},"end":{"line":76,"column":5}},"line":33},"3":{"name":"_callee","decl":{"start":{"line":36,"column":44},"end":{"line":36,"column":51}},"loc":{"start":{"line":36,"column":62},"end":{"line":69,"column":7}},"line":36},"4":{"name":"_callee$","decl":{"start":{"line":38,"column":53},"end":{"line":38,"column":61}},"loc":{"start":{"line":38,"column":72},"end":{"line":68,"column":9}},"line":38},"5":{"name":"getAllProducts","decl":{"start":{"line":71,"column":15},"end":{"line":71,"column":29}},"loc":{"start":{"line":71,"column":39},"end":{"line":73,"column":7}},"line":71},"6":{"name":"(anonymous_6)","decl":{"start":{"line":79,"column":11},"end":{"line":79,"column":12}},"loc":{"start":{"line":79,"column":23},"end":{"line":126,"column":5}},"line":79},"7":{"name":"_callee2","decl":{"start":{"line":82,"column":44},"end":{"line":82,"column":52}},"loc":{"start":{"line":82,"column":63},"end":{"line":119,"column":7}},"line":82},"8":{"name":"_callee2$","decl":{"start":{"line":84,"column":53},"end":{"line":84,"column":62}},"loc":{"start":{"line":84,"column":74},"end":{"line":118,"column":9}},"line":84},"9":{"name":"addProduct","decl":{"start":{"line":121,"column":15},"end":{"line":121,"column":25}},"loc":{"start":{"line":121,"column":36},"end":{"line":123,"column":7}},"line":121},"10":{"name":"(anonymous_10)","decl":{"start":{"line":129,"column":11},"end":{"line":129,"column":12}},"loc":{"start":{"line":129,"column":23},"end":{"line":184,"column":5}},"line":129},"11":{"name":"_callee3","decl":{"start":{"line":132,"column":44},"end":{"line":132,"column":52}},"loc":{"start":{"line":132,"column":63},"end":{"line":177,"column":7}},"line":132},"12":{"name":"_callee3$","decl":{"start":{"line":134,"column":53},"end":{"line":134,"column":62}},"loc":{"start":{"line":134,"column":74},"end":{"line":176,"column":9}},"line":134},"13":{"name":"updatedProduct","decl":{"start":{"line":179,"column":15},"end":{"line":179,"column":29}},"loc":{"start":{"line":179,"column":40},"end":{"line":181,"column":7}},"line":179},"14":{"name":"(anonymous_14)","decl":{"start":{"line":187,"column":11},"end":{"line":187,"column":12}},"loc":{"start":{"line":187,"column":23},"end":{"line":241,"column":5}},"line":187},"15":{"name":"_callee4","decl":{"start":{"line":190,"column":44},"end":{"line":190,"column":52}},"loc":{"start":{"line":190,"column":63},"end":{"line":234,"column":7}},"line":190},"16":{"name":"_callee4$","decl":{"start":{"line":192,"column":53},"end":{"line":192,"column":62}},"loc":{"start":{"line":192,"column":74},"end":{"line":233,"column":9}},"line":192},"17":{"name":"getProduct","decl":{"start":{"line":236,"column":15},"end":{"line":236,"column":25}},"loc":{"start":{"line":236,"column":36},"end":{"line":238,"column":7}},"line":236},"18":{"name":"(anonymous_18)","decl":{"start":{"line":244,"column":11},"end":{"line":244,"column":12}},"loc":{"start":{"line":244,"column":23},"end":{"line":298,"column":5}},"line":244},"19":{"name":"_callee5","decl":{"start":{"line":247,"column":44},"end":{"line":247,"column":52}},"loc":{"start":{"line":247,"column":63},"end":{"line":291,"column":7}},"line":247},"20":{"name":"_callee5$","decl":{"start":{"line":249,"column":53},"end":{"line":249,"column":62}},"loc":{"start":{"line":249,"column":74},"end":{"line":290,"column":9}},"line":249},"21":{"name":"deleteProduct","decl":{"start":{"line":293,"column":15},"end":{"line":293,"column":28}},"loc":{"start":{"line":293,"column":40},"end":{"line":295,"column":7}},"line":293}},"branchMap":{"0":{"loc":{"start":{"line":40,"column":12},"end":{"line":66,"column":13}},"type":"switch","locations":[{"start":{"line":41,"column":14},"end":{"line":44,"column":67}},{"start":{"line":46,"column":14},"end":{"line":55,"column":65}},{"start":{"line":57,"column":14},"end":{"line":61,"column":65}},{"start":{"line":63,"column":14},"end":{"line":63,"column":22}},{"start":{"line":64,"column":14},"end":{"line":65,"column":39}}],"line":40},"1":{"loc":{"start":{"line":49,"column":16},"end":{"line":53,"column":17}},"type":"if","locations":[{"start":{"line":49,"column":16},"end":{"line":53,"column":17}},{"start":{"line":49,"column":16},"end":{"line":53,"column":17}}],"line":49},"2":{"loc":{"start":{"line":86,"column":12},"end":{"line":116,"column":13}},"type":"switch","locations":[{"start":{"line":87,"column":14},"end":{"line":94,"column":66}},{"start":{"line":96,"column":14},"end":{"line":100,"column":73}},{"start":{"line":102,"column":14},"end":{"line":105,"column":66}},{"start":{"line":107,"column":14},"end":{"line":111,"column":66}},{"start":{"line":113,"column":14},"end":{"line":113,"column":22}},{"start":{"line":114,"column":14},"end":{"line":115,"column":40}}],"line":86},"3":{"loc":{"start":{"line":88,"column":16},"end":{"line":91,"column":17}},"type":"if","locations":[{"start":{"line":88,"column":16},"end":{"line":91,"column":17}},{"start":{"line":88,"column":16},"end":{"line":91,"column":17}}],"line":88},"4":{"loc":{"start":{"line":88,"column":22},"end":{"line":88,"column":124}},"type":"binary-expr","locations":[{"start":{"line":88,"column":22},"end":{"line":88,"column":36}},{"start":{"line":88,"column":40},"end":{"line":88,"column":55}},{"start":{"line":88,"column":59},"end":{"line":88,"column":81}},{"start":{"line":88,"column":85},"end":{"line":88,"column":124}}],"line":88},"5":{"loc":{"start":{"line":136,"column":12},"end":{"line":174,"column":13}},"type":"switch","locations":[{"start":{"line":137,"column":14},"end":{"line":147,"column":66}},{"start":{"line":149,"column":14},"end":{"line":152,"column":84}},{"start":{"line":154,"column":14},"end":{"line":163,"column":66}},{"start":{"line":165,"column":14},"end":{"line":169,"column":66}},{"start":{"line":171,"column":14},"end":{"line":171,"column":22}},{"start":{"line":172,"column":14},"end":{"line":173,"column":40}}],"line":136},"6":{"loc":{"start":{"line":141,"column":16},"end":{"line":144,"column":17}},"type":"if","locations":[{"start":{"line":141,"column":16},"end":{"line":144,"column":17}},{"start":{"line":141,"column":16},"end":{"line":144,"column":17}}],"line":141},"7":{"loc":{"start":{"line":157,"column":16},"end":{"line":161,"column":17}},"type":"if","locations":[{"start":{"line":157,"column":16},"end":{"line":161,"column":17}},{"start":{"line":157,"column":16},"end":{"line":161,"column":17}}],"line":157},"8":{"loc":{"start":{"line":194,"column":12},"end":{"line":231,"column":13}},"type":"switch","locations":[{"start":{"line":195,"column":14},"end":{"line":204,"column":66}},{"start":{"line":206,"column":14},"end":{"line":209,"column":65}},{"start":{"line":211,"column":14},"end":{"line":220,"column":66}},{"start":{"line":222,"column":14},"end":{"line":226,"column":66}},{"start":{"line":228,"column":14},"end":{"line":228,"column":22}},{"start":{"line":229,"column":14},"end":{"line":230,"column":40}}],"line":194},"9":{"loc":{"start":{"line":198,"column":16},"end":{"line":201,"column":17}},"type":"if","locations":[{"start":{"line":198,"column":16},"end":{"line":201,"column":17}},{"start":{"line":198,"column":16},"end":{"line":201,"column":17}}],"line":198},"10":{"loc":{"start":{"line":214,"column":16},"end":{"line":218,"column":17}},"type":"if","locations":[{"start":{"line":214,"column":16},"end":{"line":218,"column":17}},{"start":{"line":214,"column":16},"end":{"line":218,"column":17}}],"line":214},"11":{"loc":{"start":{"line":251,"column":12},"end":{"line":288,"column":13}},"type":"switch","locations":[{"start":{"line":252,"column":14},"end":{"line":261,"column":66}},{"start":{"line":263,"column":14},"end":{"line":266,"column":68}},{"start":{"line":268,"column":14},"end":{"line":277,"column":66}},{"start":{"line":279,"column":14},"end":{"line":283,"column":66}},{"start":{"line":285,"column":14},"end":{"line":285,"column":22}},{"start":{"line":286,"column":14},"end":{"line":287,"column":40}}],"line":251},"12":{"loc":{"start":{"line":255,"column":16},"end":{"line":258,"column":17}},"type":"if","locations":[{"start":{"line":255,"column":16},"end":{"line":258,"column":17}},{"start":{"line":255,"column":16},"end":{"line":258,"column":17}}],"line":255},"13":{"loc":{"start":{"line":271,"column":16},"end":{"line":275,"column":17}},"type":"if","locations":[{"start":{"line":271,"column":16},"end":{"line":275,"column":17}},{"start":{"line":271,"column":16},"end":{"line":275,"column":17}}],"line":271}},"s":{"0":1,"1":1,"2":1,"3":1,"4":1,"5":1,"6":1,"7":1,"8":1,"9":1,"10":1,"11":0,"12":1,"13":1,"14":1,"15":3,"16":3,"17":1,"18":1,"19":1,"20":1,"21":1,"22":1,"23":0,"24":1,"25":0,"26":0,"27":0,"28":0,"29":1,"30":1,"31":1,"32":1,"33":3,"34":8,"35":10,"36":3,"37":2,"38":2,"39":1,"40":1,"41":2,"42":2,"43":2,"44":2,"45":2,"46":2,"47":2,"48":0,"49":0,"50":0,"51":0,"52":3,"53":3,"54":1,"55":1,"56":3,"57":8,"58":10,"59":3,"60":3,"61":3,"62":2,"63":2,"64":1,"65":1,"66":2,"67":2,"68":2,"69":2,"70":2,"71":1,"72":1,"73":2,"74":0,"75":0,"76":0,"77":0,"78":3,"79":3,"80":1,"81":1,"82":3,"83":8,"84":10,"85":3,"86":3,"87":2,"88":2,"89":1,"90":1,"91":2,"92":2,"93":2,"94":2,"95":2,"96":1,"97":1,"98":2,"99":0,"100":0,"101":0,"102":0,"103":3,"104":3,"105":1,"106":1,"107":3,"108":8,"109":10,"110":3,"111":3,"112":2,"113":2,"114":1,"115":1,"116":2,"117":2,"118":2,"119":2,"120":2,"121":1,"122":1,"123":2,"124":0,"125":0,"126":0,"127":0,"128":3,"129":3,"130":1,"131":1,"132":1,"133":1},"f":{"0":1,"1":0,"2":1,"3":1,"4":3,"5":1,"6":1,"7":3,"8":8,"9":3,"10":1,"11":3,"12":8,"13":3,"14":1,"15":3,"16":8,"17":3,"18":1,"19":3,"20":8,"21":3},"b":{"0":[1,1,0,0,1],"1":[1,0],"2":[3,2,2,0,0,3],"3":[2,1],"4":[3,2,2,2],"5":[3,2,2,0,0,3],"6":[2,1],"7":[1,1],"8":[3,2,2,0,0,3],"9":[2,1],"10":[1,1],"11":[3,2,2,0,0,3],"12":[2,1],"13":[1,1]},"inputSourceMap":{"version":3,"sources":["ProductController.js"],"names":["util","Util","ProductController","req","res","ProductService","getAllProducts","allProducts","length","setSuccess","send","setError","body","name","price","product_type","breakfast","newProduct","addProduct","createdProduct","message","alteredProduct","id","params","Number","updateProduct","getProduct","theProduct","deleteProduct","productToDelete"],"mappings":";;;;;;;;;;;;;;;;;AAAA;;AACA;;AAEA,IAAMA,IAAI,GAAG,IAAIC,iBAAJ,EAAb;;IAEMC,iB;;;;;;;;;;;;oDACwBC,G,EAAKC,G;;;;;;;;uBAEHC,2BAAeC,cAAf,E;;;AAApBC,gBAAAA,W;;AACN,oBAAIA,WAAW,CAACC,MAAZ,GAAqB,CAAzB,EAA4B;AAC1BR,kBAAAA,IAAI,CAACS,UAAL,CAAgB,GAAhB,EAAqB,oBAArB,EAA2CF,WAA3C;AACD,iBAFD,MAEO;AACLP,kBAAAA,IAAI,CAACS,UAAL,CAAgB,GAAhB,EAAqB,kBAArB;AACD;;iDACMT,IAAI,CAACU,IAAL,CAAUN,GAAV,C;;;;;AAEPJ,gBAAAA,IAAI,CAACW,QAAL,CAAc,GAAd;iDACOX,IAAI,CAACU,IAAL,CAAUN,GAAV,C;;;;;;;;;;;;;;;;;;;;;qDAIaD,G,EAAKC,G;;;;;;sBACvB,CAACD,GAAG,CAACS,IAAJ,CAASC,IAAV,IAAkB,CAACV,GAAG,CAACS,IAAJ,CAASE,KAA5B,IAAqC,CAACX,GAAG,CAACS,IAAJ,CAASG,YAA/C,IAA+D,OAAOZ,GAAG,CAACS,IAAJ,CAASI,SAAhB,KAA8B,S;;;;;AAC/FhB,gBAAAA,IAAI,CAACW,QAAL,CAAc,GAAd,EAAmB,iCAAnB;kDACOX,IAAI,CAACU,IAAL,CAAUN,GAAV,C;;;AAEHa,gBAAAA,U,GAAad,GAAG,CAACS,I;;;uBAEQP,2BAAea,UAAf,CAA0BD,UAA1B,C;;;AAAvBE,gBAAAA,c;AACNnB,gBAAAA,IAAI,CAACS,UAAL,CAAgB,GAAhB,EAAqB,gBAArB,EAAuCU,cAAvC;kDACOnB,IAAI,CAACU,IAAL,CAAUN,GAAV,C;;;;;AAEPJ,gBAAAA,IAAI,CAACW,QAAL,CAAc,GAAd,EAAmB,aAAMS,OAAzB;kDACOpB,IAAI,CAACU,IAAL,CAAUN,GAAV,C;;;;;;;;;;;;;;;;;;;;;qDAIiBD,G,EAAKC,G;;;;;;AACzBiB,gBAAAA,c,GAAiBlB,GAAG,CAACS,I;AACnBU,gBAAAA,E,GAAOnB,GAAG,CAACoB,M,CAAXD,E;;oBACHE,MAAM,CAACF,EAAD,C;;;;;AACTtB,gBAAAA,IAAI,CAACW,QAAL,CAAc,GAAd,EAAmB,oCAAnB;kDACOX,IAAI,CAACU,IAAL,CAAUN,GAAV,C;;;;;uBAGqBC,2BAAeoB,aAAf,CAA6BH,EAA7B,EAAiCD,cAAjC,C;;;AAAtBI,gBAAAA,a;;AACN,oBAAI,CAACA,aAAL,EAAoB;AAClBzB,kBAAAA,IAAI,CAACW,QAAL,CAAc,GAAd,6CAAuDW,EAAvD;AACD,iBAFD,MAEO;AACLtB,kBAAAA,IAAI,CAACS,UAAL,CAAgB,GAAhB,EAAqB,iBAArB,EAAwCgB,aAAxC;AACD;;kDACMzB,IAAI,CAACU,IAAL,CAAUN,GAAV,C;;;;;AAEPJ,gBAAAA,IAAI,CAACW,QAAL,CAAc,GAAd;kDACOX,IAAI,CAACU,IAAL,CAAUN,GAAV,C;;;;;;;;;;;;;;;;;;;;;qDAIaD,G,EAAKC,G;;;;;;AACnBkB,gBAAAA,E,GAAOnB,GAAG,CAACoB,M,CAAXD,E;;oBAEHE,MAAM,CAACF,EAAD,C;;;;;AACTtB,gBAAAA,IAAI,CAACW,QAAL,CAAc,GAAd,EAAmB,oCAAnB;kDACOX,IAAI,CAACU,IAAL,CAAUN,GAAV,C;;;;;uBAIkBC,2BAAeqB,UAAf,CAA0BJ,EAA1B,C;;;AAAnBK,gBAAAA,U;;AAEN,oBAAI,CAACA,UAAL,EAAiB;AACf3B,kBAAAA,IAAI,CAACW,QAAL,CAAc,GAAd,4CAAsDW,EAAtD;AACD,iBAFD,MAEO;AACLtB,kBAAAA,IAAI,CAACS,UAAL,CAAgB,GAAhB,EAAqB,eAArB,EAAsCkB,UAAtC;AACD;;kDACM3B,IAAI,CAACU,IAAL,CAAUN,GAAV,C;;;;;AAEPJ,gBAAAA,IAAI,CAACW,QAAL,CAAc,GAAd;kDACOX,IAAI,CAACU,IAAL,CAAUN,GAAV,C;;;;;;;;;;;;;;;;;;;;;qDAIgBD,G,EAAKC,G;;;;;;AACtBkB,gBAAAA,E,GAAOnB,GAAG,CAACoB,M,CAAXD,E;;oBAEHE,MAAM,CAACF,EAAD,C;;;;;AACTtB,gBAAAA,IAAI,CAACW,QAAL,CAAc,GAAd,EAAmB,gCAAnB;kDACOX,IAAI,CAACU,IAAL,CAAUN,GAAV,C;;;;;uBAIuBC,2BAAeuB,aAAf,CAA6BN,EAA7B,C;;;AAAxBO,gBAAAA,e;;AAEN,oBAAIA,eAAJ,EAAqB;AACnB7B,kBAAAA,IAAI,CAACS,UAAL,CAAgB,GAAhB,EAAqB,iBAArB;AACD,iBAFD,MAEO;AACLT,kBAAAA,IAAI,CAACW,QAAL,CAAc,GAAd,gCAA0CW,EAA1C;AACD;;kDACMtB,IAAI,CAACU,IAAL,CAAUN,GAAV,C;;;;;AAEPJ,gBAAAA,IAAI,CAACW,QAAL,CAAc,GAAd;kDACOX,IAAI,CAACU,IAAL,CAAUN,GAAV,C;;;;;;;;;;;;;;;;;;;;eAKEF,iB","sourceRoot":"/app/api/server/controllers","sourcesContent":["import ProductService from '../services/ProductService'\nimport Util from '../utils/Utils'\n\nconst util = new Util()\n\nclass ProductController {\n  static async getAllProducts(req, res) {\n    try {\n      const allProducts = await ProductService.getAllProducts()\n      if (allProducts.length > 0) {\n        util.setSuccess(200, 'Products retrieved', allProducts)\n      } else {\n        util.setSuccess(200, 'No Product found')\n      }\n      return util.send(res)\n    } catch (error) {\n      util.setError(400, error)\n      return util.send(res)\n    }\n  }\n\n  static async addProduct(req, res) {\n    if (!req.body.name || !req.body.price || !req.body.product_type || typeof req.body.breakfast !== 'boolean') {\n      util.setError(400, 'Please provide complete details')\n      return util.send(res)\n    }\n    const newProduct = req.body\n    try {\n      const createdProduct = await ProductService.addProduct(newProduct)\n      util.setSuccess(201, 'Product Added!', createdProduct)\n      return util.send(res)\n    } catch (error) {\n      util.setError(400, error.message)\n      return util.send(res)\n    }\n  }\n\n  static async updatedProduct(req, res) {\n    const alteredProduct = req.body\n    const { id } = req.params\n    if (!Number(id)) {\n      util.setError(400, 'Please input a valid numeric value')\n      return util.send(res)\n    }\n    try {\n      const updateProduct = await ProductService.updateProduct(id, alteredProduct)\n      if (!updateProduct) {\n        util.setError(404, `Cannot find Product with the id: ${id}`)\n      } else {\n        util.setSuccess(200, 'Product updated', updateProduct)\n      }\n      return util.send(res)\n    } catch (error) {\n      util.setError(404, error)\n      return util.send(res)\n    }\n  }\n\n  static async getProduct(req, res) {\n    const { id } = req.params\n\n    if (!Number(id)) {\n      util.setError(400, 'Please input a valid numeric value')\n      return util.send(res)\n    }\n\n    try {\n      const theProduct = await ProductService.getProduct(id)\n\n      if (!theProduct) {\n        util.setError(404, `Cannot find Product with the id ${id}`)\n      } else {\n        util.setSuccess(200, 'Found Product', theProduct)\n      }\n      return util.send(res)\n    } catch (error) {\n      util.setError(404, error)\n      return util.send(res)\n    }\n  }\n\n  static async deleteProduct(req, res) {\n    const { id } = req.params\n\n    if (!Number(id)) {\n      util.setError(400, 'Please provide a numeric value')\n      return util.send(res)\n    }\n\n    try {\n      const productToDelete = await ProductService.deleteProduct(id)\n\n      if (productToDelete) {\n        util.setSuccess(200, 'Product deleted')\n      } else {\n        util.setError(404, `Product with the id ${id} cannot be found`)\n      }\n      return util.send(res)\n    } catch (error) {\n      util.setError(400, error)\n      return util.send(res)\n    }\n  }\n}\n\nexport default ProductController"]},"_coverageSchema":"1a1c01bbd47fc00a2c39e90264f33305004495a9","hash":"9175f69c0bb4a87f3d568a05ed0778711a9efd7f","contentHash":"00b5ea33051c692eb30b5eebe90f83da0dd1b47e38a883ca006e29966127acaf"},"/app/api/server/services/ProductService.js":{"path":"/app/api/server/services/ProductService.js","statementMap":{"0":{"start":{"line":3,"column":29},"end":{"line":3,"column":84}},"1":{"start":{"line":5,"column":0},"end":{"line":7,"column":3}},"2":{"start":{"line":8,"column":0},"end":{"line":8,"column":28}},"3":{"start":{"line":10,"column":19},"end":{"line":10,"column":80}},"4":{"start":{"line":12,"column":25},"end":{"line":12,"column":99}},"5":{"start":{"line":14,"column":23},"end":{"line":14,"column":95}},"6":{"start":{"line":16,"column":20},"end":{"line":16,"column":89}},"7":{"start":{"line":18,"column":14},"end":{"line":18,"column":62}},"8":{"start":{"line":22,"column":0},"end":{"line":262,"column":3}},"9":{"start":{"line":24,"column":4},"end":{"line":24,"column":59}},"10":{"start":{"line":27,"column":2},"end":{"line":260,"column":6}},"11":{"start":{"line":30,"column":28},"end":{"line":55,"column":9}},"12":{"start":{"line":33,"column":8},"end":{"line":54,"column":36}},"13":{"start":{"line":34,"column":10},"end":{"line":53,"column":11}},"14":{"start":{"line":35,"column":12},"end":{"line":52,"column":13}},"15":{"start":{"line":37,"column":16},"end":{"line":37,"column":34}},"16":{"start":{"line":38,"column":16},"end":{"line":38,"column":34}},"17":{"start":{"line":39,"column":16},"end":{"line":39,"column":60}},"18":{"start":{"line":42,"column":16},"end":{"line":42,"column":64}},"19":{"start":{"line":45,"column":16},"end":{"line":45,"column":34}},"20":{"start":{"line":46,"column":16},"end":{"line":46,"column":51}},"21":{"start":{"line":47,"column":16},"end":{"line":47,"column":34}},"22":{"start":{"line":51,"column":16},"end":{"line":51,"column":39}},"23":{"start":{"line":58,"column":8},"end":{"line":58,"column":54}},"24":{"start":{"line":61,"column":6},"end":{"line":61,"column":28}},"25":{"start":{"line":66,"column":24},"end":{"line":91,"column":9}},"26":{"start":{"line":69,"column":8},"end":{"line":90,"column":37}},"27":{"start":{"line":70,"column":10},"end":{"line":89,"column":11}},"28":{"start":{"line":71,"column":12},"end":{"line":88,"column":13}},"29":{"start":{"line":73,"column":16},"end":{"line":73,"column":35}},"30":{"start":{"line":74,"column":16},"end":{"line":74,"column":35}},"31":{"start":{"line":75,"column":16},"end":{"line":75,"column":69}},"32":{"start":{"line":78,"column":16},"end":{"line":78,"column":66}},"33":{"start":{"line":81,"column":16},"end":{"line":81,"column":35}},"34":{"start":{"line":82,"column":16},"end":{"line":82,"column":53}},"35":{"start":{"line":83,"column":16},"end":{"line":83,"column":35}},"36":{"start":{"line":87,"column":16},"end":{"line":87,"column":40}},"37":{"start":{"line":94,"column":8},"end":{"line":94,"column":50}},"38":{"start":{"line":97,"column":6},"end":{"line":97,"column":24}},"39":{"start":{"line":102,"column":28},"end":{"line":150,"column":9}},"40":{"start":{"line":106,"column":8},"end":{"line":149,"column":38}},"41":{"start":{"line":107,"column":10},"end":{"line":148,"column":11}},"42":{"start":{"line":108,"column":12},"end":{"line":147,"column":13}},"43":{"start":{"line":110,"column":16},"end":{"line":110,"column":35}},"44":{"start":{"line":111,"column":16},"end":{"line":111,"column":35}},"45":{"start":{"line":112,"column":16},"end":{"line":116,"column":19}},"46":{"start":{"line":119,"column":16},"end":{"line":119,"column":49}},"47":{"start":{"line":121,"column":16},"end":{"line":124,"column":17}},"48":{"start":{"line":122,"column":18},"end":{"line":122,"column":37}},"49":{"start":{"line":123,"column":18},"end":{"line":123,"column":24}},"50":{"start":{"line":126,"column":16},"end":{"line":126,"column":35}},"51":{"start":{"line":127,"column":16},"end":{"line":131,"column":19}},"52":{"start":{"line":134,"column":16},"end":{"line":134,"column":66}},"53":{"start":{"line":137,"column":16},"end":{"line":137,"column":56}},"54":{"start":{"line":140,"column":16},"end":{"line":140,"column":36}},"55":{"start":{"line":141,"column":16},"end":{"line":141,"column":53}},"56":{"start":{"line":142,"column":16},"end":{"line":142,"column":35}},"57":{"start":{"line":146,"column":16},"end":{"line":146,"column":40}},"58":{"start":{"line":153,"column":8},"end":{"line":153,"column":54}},"59":{"start":{"line":156,"column":6},"end":{"line":156,"column":27}},"60":{"start":{"line":161,"column":24},"end":{"line":192,"column":9}},"61":{"start":{"line":165,"column":8},"end":{"line":191,"column":37}},"62":{"start":{"line":166,"column":10},"end":{"line":190,"column":11}},"63":{"start":{"line":167,"column":12},"end":{"line":189,"column":13}},"64":{"start":{"line":169,"column":16},"end":{"line":169,"column":35}},"65":{"start":{"line":170,"column":16},"end":{"line":170,"column":35}},"66":{"start":{"line":171,"column":16},"end":{"line":175,"column":19}},"67":{"start":{"line":178,"column":16},"end":{"line":178,"column":44}},"68":{"start":{"line":179,"column":16},"end":{"line":179,"column":62}},"69":{"start":{"line":182,"column":16},"end":{"line":182,"column":35}},"70":{"start":{"line":183,"column":16},"end":{"line":183,"column":53}},"71":{"start":{"line":184,"column":16},"end":{"line":184,"column":35}},"72":{"start":{"line":188,"column":16},"end":{"line":188,"column":40}},"73":{"start":{"line":195,"column":8},"end":{"line":195,"column":50}},"74":{"start":{"line":198,"column":6},"end":{"line":198,"column":24}},"75":{"start":{"line":203,"column":27},"end":{"line":252,"column":9}},"76":{"start":{"line":207,"column":8},"end":{"line":251,"column":38}},"77":{"start":{"line":208,"column":10},"end":{"line":250,"column":11}},"78":{"start":{"line":209,"column":12},"end":{"line":249,"column":13}},"79":{"start":{"line":211,"column":16},"end":{"line":211,"column":35}},"80":{"start":{"line":212,"column":16},"end":{"line":212,"column":35}},"81":{"start":{"line":213,"column":16},"end":{"line":217,"column":19}},"82":{"start":{"line":220,"column":16},"end":{"line":220,"column":49}},"83":{"start":{"line":222,"column":16},"end":{"line":225,"column":17}},"84":{"start":{"line":223,"column":18},"end":{"line":223,"column":37}},"85":{"start":{"line":224,"column":18},"end":{"line":224,"column":24}},"86":{"start":{"line":227,"column":16},"end":{"line":227,"column":35}},"87":{"start":{"line":228,"column":16},"end":{"line":232,"column":19}},"88":{"start":{"line":235,"column":16},"end":{"line":235,"column":48}},"89":{"start":{"line":236,"column":16},"end":{"line":236,"column":66}},"90":{"start":{"line":239,"column":16},"end":{"line":239,"column":56}},"91":{"start":{"line":242,"column":16},"end":{"line":242,"column":36}},"92":{"start":{"line":243,"column":16},"end":{"line":243,"column":53}},"93":{"start":{"line":244,"column":16},"end":{"line":244,"column":35}},"94":{"start":{"line":248,"column":16},"end":{"line":248,"column":40}},"95":{"start":{"line":255,"column":8},"end":{"line":255,"column":53}},"96":{"start":{"line":258,"column":6},"end":{"line":258,"column":27}},"97":{"start":{"line":261,"column":2},"end":{"line":261,"column":24}},"98":{"start":{"line":264,"column":15},"end":{"line":264,"column":29}},"99":{"start":{"line":265,"column":0},"end":{"line":265,"column":30}}},"fnMap":{"0":{"name":"(anonymous_0)","decl":{"start":{"line":22,"column":0},"end":{"line":22,"column":1}},"loc":{"start":{"line":22,"column":12},"end":{"line":262,"column":1}},"line":22},"1":{"name":"ProductService","decl":{"start":{"line":23,"column":11},"end":{"line":23,"column":25}},"loc":{"start":{"line":23,"column":28},"end":{"line":25,"column":3}},"line":23},"2":{"name":"(anonymous_2)","decl":{"start":{"line":29,"column":11},"end":{"line":29,"column":12}},"loc":{"start":{"line":29,"column":23},"end":{"line":62,"column":5}},"line":29},"3":{"name":"_callee","decl":{"start":{"line":32,"column":44},"end":{"line":32,"column":51}},"loc":{"start":{"line":32,"column":54},"end":{"line":55,"column":7}},"line":32},"4":{"name":"_callee$","decl":{"start":{"line":33,"column":53},"end":{"line":33,"column":61}},"loc":{"start":{"line":33,"column":72},"end":{"line":54,"column":9}},"line":33},"5":{"name":"getAllProducts","decl":{"start":{"line":57,"column":15},"end":{"line":57,"column":29}},"loc":{"start":{"line":57,"column":32},"end":{"line":59,"column":7}},"line":57},"6":{"name":"(anonymous_6)","decl":{"start":{"line":65,"column":11},"end":{"line":65,"column":12}},"loc":{"start":{"line":65,"column":23},"end":{"line":98,"column":5}},"line":65},"7":{"name":"_callee2","decl":{"start":{"line":68,"column":44},"end":{"line":68,"column":52}},"loc":{"start":{"line":68,"column":65},"end":{"line":91,"column":7}},"line":68},"8":{"name":"_callee2$","decl":{"start":{"line":69,"column":53},"end":{"line":69,"column":62}},"loc":{"start":{"line":69,"column":74},"end":{"line":90,"column":9}},"line":69},"9":{"name":"addProduct","decl":{"start":{"line":93,"column":15},"end":{"line":93,"column":25}},"loc":{"start":{"line":93,"column":30},"end":{"line":95,"column":7}},"line":93},"10":{"name":"(anonymous_10)","decl":{"start":{"line":101,"column":11},"end":{"line":101,"column":12}},"loc":{"start":{"line":101,"column":23},"end":{"line":157,"column":5}},"line":101},"11":{"name":"_callee3","decl":{"start":{"line":104,"column":44},"end":{"line":104,"column":52}},"loc":{"start":{"line":104,"column":73},"end":{"line":150,"column":7}},"line":104},"12":{"name":"_callee3$","decl":{"start":{"line":106,"column":53},"end":{"line":106,"column":62}},"loc":{"start":{"line":106,"column":74},"end":{"line":149,"column":9}},"line":106},"13":{"name":"updateProduct","decl":{"start":{"line":152,"column":15},"end":{"line":152,"column":28}},"loc":{"start":{"line":152,"column":39},"end":{"line":154,"column":7}},"line":152},"14":{"name":"(anonymous_14)","decl":{"start":{"line":160,"column":11},"end":{"line":160,"column":12}},"loc":{"start":{"line":160,"column":23},"end":{"line":199,"column":5}},"line":160},"15":{"name":"_callee4","decl":{"start":{"line":163,"column":44},"end":{"line":163,"column":52}},"loc":{"start":{"line":163,"column":57},"end":{"line":192,"column":7}},"line":163},"16":{"name":"_callee4$","decl":{"start":{"line":165,"column":53},"end":{"line":165,"column":62}},"loc":{"start":{"line":165,"column":74},"end":{"line":191,"column":9}},"line":165},"17":{"name":"getProduct","decl":{"start":{"line":194,"column":15},"end":{"line":194,"column":25}},"loc":{"start":{"line":194,"column":31},"end":{"line":196,"column":7}},"line":194},"18":{"name":"(anonymous_18)","decl":{"start":{"line":202,"column":11},"end":{"line":202,"column":12}},"loc":{"start":{"line":202,"column":23},"end":{"line":259,"column":5}},"line":202},"19":{"name":"_callee5","decl":{"start":{"line":205,"column":44},"end":{"line":205,"column":52}},"loc":{"start":{"line":205,"column":57},"end":{"line":252,"column":7}},"line":205},"20":{"name":"_callee5$","decl":{"start":{"line":207,"column":53},"end":{"line":207,"column":62}},"loc":{"start":{"line":207,"column":74},"end":{"line":251,"column":9}},"line":207},"21":{"name":"deleteProduct","decl":{"start":{"line":254,"column":15},"end":{"line":254,"column":28}},"loc":{"start":{"line":254,"column":34},"end":{"line":256,"column":7}},"line":254}},"branchMap":{"0":{"loc":{"start":{"line":35,"column":12},"end":{"line":52,"column":13}},"type":"switch","locations":[{"start":{"line":36,"column":14},"end":{"line":39,"column":60}},{"start":{"line":41,"column":14},"end":{"line":42,"column":64}},{"start":{"line":44,"column":14},"end":{"line":47,"column":34}},{"start":{"line":49,"column":14},"end":{"line":49,"column":21}},{"start":{"line":50,"column":14},"end":{"line":51,"column":39}}],"line":35},"1":{"loc":{"start":{"line":71,"column":12},"end":{"line":88,"column":13}},"type":"switch","locations":[{"start":{"line":72,"column":14},"end":{"line":75,"column":69}},{"start":{"line":77,"column":14},"end":{"line":78,"column":66}},{"start":{"line":80,"column":14},"end":{"line":83,"column":35}},{"start":{"line":85,"column":14},"end":{"line":85,"column":21}},{"start":{"line":86,"column":14},"end":{"line":87,"column":40}}],"line":71},"2":{"loc":{"start":{"line":108,"column":12},"end":{"line":147,"column":13}},"type":"switch","locations":[{"start":{"line":109,"column":14},"end":{"line":116,"column":19}},{"start":{"line":118,"column":14},"end":{"line":131,"column":19}},{"start":{"line":133,"column":14},"end":{"line":134,"column":66}},{"start":{"line":136,"column":14},"end":{"line":137,"column":56}},{"start":{"line":139,"column":14},"end":{"line":142,"column":35}},{"start":{"line":144,"column":14},"end":{"line":144,"column":22}},{"start":{"line":145,"column":14},"end":{"line":146,"column":40}}],"line":108},"3":{"loc":{"start":{"line":121,"column":16},"end":{"line":124,"column":17}},"type":"if","locations":[{"start":{"line":121,"column":16},"end":{"line":124,"column":17}},{"start":{"line":121,"column":16},"end":{"line":124,"column":17}}],"line":121},"4":{"loc":{"start":{"line":167,"column":12},"end":{"line":189,"column":13}},"type":"switch","locations":[{"start":{"line":168,"column":14},"end":{"line":175,"column":19}},{"start":{"line":177,"column":14},"end":{"line":179,"column":62}},{"start":{"line":181,"column":14},"end":{"line":184,"column":35}},{"start":{"line":186,"column":14},"end":{"line":186,"column":22}},{"start":{"line":187,"column":14},"end":{"line":188,"column":40}}],"line":167},"5":{"loc":{"start":{"line":209,"column":12},"end":{"line":249,"column":13}},"type":"switch","locations":[{"start":{"line":210,"column":14},"end":{"line":217,"column":19}},{"start":{"line":219,"column":14},"end":{"line":232,"column":19}},{"start":{"line":234,"column":14},"end":{"line":236,"column":66}},{"start":{"line":238,"column":14},"end":{"line":239,"column":56}},{"start":{"line":241,"column":14},"end":{"line":244,"column":35}},{"start":{"line":246,"column":14},"end":{"line":246,"column":22}},{"start":{"line":247,"column":14},"end":{"line":248,"column":40}}],"line":209},"6":{"loc":{"start":{"line":222,"column":16},"end":{"line":225,"column":17}},"type":"if","locations":[{"start":{"line":222,"column":16},"end":{"line":225,"column":17}},{"start":{"line":222,"column":16},"end":{"line":225,"column":17}}],"line":222}},"s":{"0":1,"1":1,"2":1,"3":1,"4":1,"5":1,"6":1,"7":1,"8":1,"9":0,"10":1,"11":1,"12":1,"13":3,"14":3,"15":1,"16":1,"17":1,"18":1,"19":0,"20":0,"21":0,"22":1,"23":1,"24":1,"25":1,"26":2,"27":6,"28":6,"29":2,"30":2,"31":2,"32":2,"33":0,"34":0,"35":0,"36":2,"37":2,"38":1,"39":1,"40":2,"41":7,"42":8,"43":2,"44":2,"45":2,"46":2,"47":2,"48":1,"49":1,"50":1,"51":1,"52":1,"53":1,"54":0,"55":0,"56":0,"57":2,"58":2,"59":1,"60":1,"61":2,"62":6,"63":6,"64":2,"65":2,"66":2,"67":2,"68":2,"69":0,"70":0,"71":0,"72":2,"73":2,"74":1,"75":1,"76":2,"77":7,"78":8,"79":2,"80":2,"81":2,"82":2,"83":2,"84":1,"85":1,"86":1,"87":1,"88":1,"89":1,"90":1,"91":0,"92":0,"93":0,"94":2,"95":2,"96":1,"97":1,"98":1,"99":1},"f":{"0":1,"1":0,"2":1,"3":1,"4":3,"5":1,"6":1,"7":2,"8":6,"9":2,"10":1,"11":2,"12":7,"13":2,"14":1,"15":2,"16":6,"17":2,"18":1,"19":2,"20":7,"21":2},"b":{"0":[1,1,0,0,1],"1":[2,2,0,0,2],"2":[2,2,1,1,0,0,2],"3":[1,1],"4":[2,2,0,0,2],"5":[2,2,1,1,0,0,2],"6":[1,1]},"inputSourceMap":{"version":3,"sources":["ProductService.js"],"names":["ProductService","database","Product","findAll","newProduct","create","id","updateProduct","findOne","where","Number","productToUpdate","update","theProduct","productToDelete","destroy","deletedProduct"],"mappings":";;;;;;;;;;;;;;;;;AAAA;;IAEMA,c;;;;;;;;;;;;;;;;;;;uBAGaC,mBAASC,OAAT,CAAiBC,OAAjB,E;;;;;;;;;;;;;;;;;;;;;;;;;;;;;qDAMOC,U;;;;;;;uBAEPH,mBAASC,OAAT,CAAiBG,MAAjB,CAAwBD,UAAxB,C;;;;;;;;;;;;;;;;;;;;;;;;;;;;;qDAMUE,E,EAAIC,c;;;;;;;;uBAEGN,mBAASC,OAAT,CAAiBM,OAAjB,CAAyB;AACrDC,kBAAAA,KAAK,EAAE;AAAEH,oBAAAA,EAAE,EAAEI,MAAM,CAACJ,EAAD;AAAZ;AAD8C,iBAAzB,C;;;AAAxBK,gBAAAA,e;;qBAIFA,e;;;;;;uBACIV,mBAASC,OAAT,CAAiBU,MAAjB,CAAwBL,cAAxB,EAAuC;AAAEE,kBAAAA,KAAK,EAAE;AAAEH,oBAAAA,EAAE,EAAEI,MAAM,CAACJ,EAAD;AAAZ;AAAT,iBAAvC,C;;;kDAECC,c;;;kDAEF,I;;;;;;;;;;;;;;;;;;;;;;;;;;qDAMaD,E;;;;;;;;uBAEKL,mBAASC,OAAT,CAAiBM,OAAjB,CAAyB;AAChDC,kBAAAA,KAAK,EAAE;AAAEH,oBAAAA,EAAE,EAAEI,MAAM,CAACJ,EAAD;AAAZ;AADyC,iBAAzB,C;;;AAAnBO,gBAAAA,U;kDAICA,U;;;;;;;;;;;;;;;;;;;;;;;;;;qDAMgBP,E;;;;;;;;uBAEOL,mBAASC,OAAT,CAAiBM,OAAjB,CAAyB;AAAEC,kBAAAA,KAAK,EAAE;AAAEH,oBAAAA,EAAE,EAAEI,MAAM,CAACJ,EAAD;AAAZ;AAAT,iBAAzB,C;;;AAAxBQ,gBAAAA,e;;qBAEFA,e;;;;;;uBAC2Bb,mBAASC,OAAT,CAAiBa,OAAjB,CAAyB;AACpDN,kBAAAA,KAAK,EAAE;AAAEH,oBAAAA,EAAE,EAAEI,MAAM,CAACJ,EAAD;AAAZ;AAD6C,iBAAzB,C;;;AAAvBU,gBAAAA,c;kDAGCA,c;;;kDAEF,I;;;;;;;;;;;;;;;;;;;;;;;;;eAOEhB,c","sourceRoot":"/app/api/server/services","sourcesContent":["import database from '../src/models'\n\nclass ProductService {\n  static async getAllProducts() {\n    try {\n      return await database.Product.findAll()\n    } catch (error) {\n      throw error\n    }\n  }\n\n  static async addProduct(newProduct) {\n    try {\n      return await database.Product.create(newProduct)\n    } catch (error) {\n      throw error\n    }\n  }\n\n  static async updateProduct(id, updateProduct) {\n    try {\n      const productToUpdate = await database.Product.findOne({\n        where: { id: Number(id) }\n      })\n\n      if (productToUpdate) {\n        await database.Product.update(updateProduct, { where: { id: Number(id) } })\n\n        return updateProduct\n      }\n      return null\n    } catch (error) {\n      throw error\n    }\n  }\n\n  static async getProduct(id) {\n    try {\n      const theProduct = await database.Product.findOne({\n        where: { id: Number(id) }\n      })\n\n      return theProduct\n    } catch (error) {\n      throw error\n    }\n  }\n\n  static async deleteProduct(id) {\n    try {\n      const productToDelete = await database.Product.findOne({ where: { id: Number(id) } })\n\n      if (productToDelete) {\n        const deletedProduct = await database.Product.destroy({\n          where: { id: Number(id) }\n        })\n        return deletedProduct\n      }\n      return null\n    } catch (error) {\n      throw error\n    }\n  }\n}\n\nexport default ProductService"]},"_coverageSchema":"1a1c01bbd47fc00a2c39e90264f33305004495a9","hash":"84ecd541bc1647062610d3be6da654f729c30d2d","contentHash":"3e96fae11bdd520bc4edd4e9278681a8e4fdeb1e9d52c6ff3762365250fb124f"},"/app/api/server/src/models/index.js":{"path":"/app/api/server/src/models/index.js","statementMap":{"0":{"start":{"line":3,"column":29},"end":{"line":3,"column":84}},"1":{"start":{"line":5,"column":0},"end":{"line":7,"column":3}},"2":{"start":{"line":8,"column":0},"end":{"line":8,"column":28}},"3":{"start":{"line":10,"column":10},"end":{"line":10,"column":47}},"4":{"start":{"line":12,"column":12},"end":{"line":12,"column":51}},"5":{"start":{"line":14,"column":17},"end":{"line":14,"column":61}},"6":{"start":{"line":16,"column":14},"end":{"line":16,"column":65}},"7":{"start":{"line":18,"column":15},"end":{"line":18,"column":52}},"8":{"start":{"line":20,"column":10},"end":{"line":20,"column":69}},"9":{"start":{"line":21,"column":13},"end":{"line":21,"column":36}},"10":{"start":{"line":22,"column":0},"end":{"line":22,"column":46}},"11":{"start":{"line":23,"column":9},"end":{"line":23,"column":11}},"12":{"start":{"line":26,"column":0},"end":{"line":40,"column":1}},"13":{"start":{"line":27,"column":2},"end":{"line":27,"column":86}},"14":{"start":{"line":28,"column":2},"end":{"line":37,"column":5}},"15":{"start":{"line":39,"column":2},"end":{"line":39,"column":99}},"16":{"start":{"line":42,"column":0},"end":{"line":47,"column":3}},"17":{"start":{"line":43,"column":2},"end":{"line":43,"column":82}},"18":{"start":{"line":45,"column":14},"end":{"line":45,"column":73}},"19":{"start":{"line":46,"column":2},"end":{"line":46,"column":25}},"20":{"start":{"line":49,"column":0},"end":{"line":53,"column":3}},"21":{"start":{"line":50,"column":2},"end":{"line":52,"column":3}},"22":{"start":{"line":51,"column":4},"end":{"line":51,"column":32}},"23":{"start":{"line":54,"column":0},"end":{"line":54,"column":25}},"24":{"start":{"line":55,"column":0},"end":{"line":55,"column":37}},"25":{"start":{"line":56,"column":15},"end":{"line":56,"column":17}},"26":{"start":{"line":57,"column":0},"end":{"line":57,"column":30}}},"fnMap":{"0":{"name":"(anonymous_0)","decl":{"start":{"line":42,"column":45},"end":{"line":42,"column":46}},"loc":{"start":{"line":42,"column":61},"end":{"line":44,"column":1}},"line":42},"1":{"name":"(anonymous_1)","decl":{"start":{"line":44,"column":11},"end":{"line":44,"column":12}},"loc":{"start":{"line":44,"column":27},"end":{"line":47,"column":1}},"line":44},"2":{"name":"(anonymous_2)","decl":{"start":{"line":49,"column":24},"end":{"line":49,"column":25}},"loc":{"start":{"line":49,"column":45},"end":{"line":53,"column":1}},"line":49}},"branchMap":{"0":{"loc":{"start":{"line":20,"column":10},"end":{"line":20,"column":69}},"type":"cond-expr","locations":[{"start":{"line":20,"column":33},"end":{"line":20,"column":53}},{"start":{"line":20,"column":56},"end":{"line":20,"column":69}}],"line":20},"1":{"loc":{"start":{"line":26,"column":0},"end":{"line":40,"column":1}},"type":"if","locations":[{"start":{"line":26,"column":0},"end":{"line":40,"column":1}},{"start":{"line":26,"column":0},"end":{"line":40,"column":1}}],"line":26},"2":{"loc":{"start":{"line":43,"column":9},"end":{"line":43,"column":81}},"type":"binary-expr","locations":[{"start":{"line":43,"column":9},"end":{"line":43,"column":32}},{"start":{"line":43,"column":36},"end":{"line":43,"column":53}},{"start":{"line":43,"column":57},"end":{"line":43,"column":81}}],"line":43},"3":{"loc":{"start":{"line":50,"column":2},"end":{"line":52,"column":3}},"type":"if","locations":[{"start":{"line":50,"column":2},"end":{"line":52,"column":3}},{"start":{"line":50,"column":2},"end":{"line":52,"column":3}}],"line":50}},"s":{"0":1,"1":1,"2":1,"3":1,"4":1,"5":1,"6":1,"7":1,"8":1,"9":1,"10":1,"11":1,"12":1,"13":0,"14":0,"15":1,"16":1,"17":5,"18":4,"19":4,"20":1,"21":4,"22":4,"23":1,"24":1,"25":1,"26":1},"f":{"0":5,"1":4,"2":4},"b":{"0":[1,0],"1":[0,1],"2":[5,5,4],"3":[4,0]},"inputSourceMap":{"version":3,"sources":["index.js"],"names":["basename","path","__filename","env","process","NODE_ENV","config","configJson","console","log","db","sequelize","environment","Sequelize","use_env_variable","DB_NAME","DB_USER","DB_PASS","host","DB_HOST","port","DB_PORT","dialect","dialectOption","ssl","logging","database","username","password","fs","readdirSync","__dirname","filter","file","indexOf","slice","forEach","model","join","name","Object","keys","modelName","associate"],"mappings":";;;;;;;;;AAAA;;AACA;;AACA;;AACA;;AAEA,IAAMA,QAAQ,GAAGC,iBAAKD,QAAL,CAAcE,UAAd,CAAjB;;AACA,IAAMC,GAAG,GAAGC,OAAO,CAACD,GAAR,CAAYE,QAAZ,GAAuBD,OAAO,CAACD,GAAR,CAAYE,QAAnC,GAA8C,aAA1D;AAEA,IAAMC,MAAM,GAAGC,mBAAWJ,GAAX,CAAf;AAEAK,OAAO,CAACC,GAAR,CAAY,2BAAZ,EAAyCN,GAAzC;AAEA,IAAMO,EAAE,GAAG,EAAX;AAEA,IAAIC,SAAJ;;AACA,IAAIL,MAAM,CAACM,WAAP,KAAuB,YAA3B,EAAyC;AACvCD,EAAAA,SAAS,GAAG,IAAIE,qBAAJ,CACRT,OAAO,CAACD,GAAR,CAAYG,MAAM,CAACQ,gBAAnB,CADQ,EAC8BR,MAD9B,CAAZ;AAGAK,EAAAA,SAAS,GAAG,IAAIE,qBAAJ,CACVT,OAAO,CAACD,GAAR,CAAYY,OADF,EAEVX,OAAO,CAACD,GAAR,CAAYa,OAFF,EAGVZ,OAAO,CAACD,GAAR,CAAYc,OAHF,EAGW;AACnBC,IAAAA,IAAI,EAAEd,OAAO,CAACD,GAAR,CAAYgB,OADC;AAEnBC,IAAAA,IAAI,EAAEhB,OAAO,CAACD,GAAR,CAAYkB,OAFC;AAGnBC,IAAAA,OAAO,EAAE,UAHU;AAInBC,IAAAA,aAAa,EAAE;AACbC,MAAAA,GAAG,EAAE,IADQ;AAEb,gBAAQ;AAFK,KAJI;AAQnBC,IAAAA,OAAO,EAAE;AARU,GAHX,CAAZ;AAcD,CAlBD,MAkBO;AACLd,EAAAA,SAAS,GAAG,IAAIE,qBAAJ,CACTP,MAAM,CAACoB,QADE,EACQpB,MAAM,CAACqB,QADf,EACyBrB,MAAM,CAACsB,QADhC,EAC0CtB,MAD1C,CAAZ;AAGD;;AAEDuB,eACGC,WADH,CACeC,SADf,EAEGC,MAFH,CAEU,UAACC,IAAD,EAAU;AAChB,SAAQA,IAAI,CAACC,OAAL,CAAa,GAAb,MAAsB,CAAvB,IACCD,IAAI,KAAKjC,QADV,IACwBiC,IAAI,CAACE,KAAL,CAAW,CAAC,CAAZ,MAAmB,KADlD;AAED,CALH,EAMGC,OANH,CAMW,UAACH,IAAD,EAAU;AACjB,MAAMI,KAAK,GAAG1B,SAAS,UAAT,CAAiBV,iBAAKqC,IAAL,CAAUP,SAAV,EAAqBE,IAArB,CAAjB,CAAd;AACAvB,EAAAA,EAAE,CAAC2B,KAAK,CAACE,IAAP,CAAF,GAAiBF,KAAjB;AACD,CATH;;AAWAG,MAAM,CAACC,IAAP,CAAY/B,EAAZ,EAAgB0B,OAAhB,CAAwB,UAACM,SAAD,EAAe;AACrC,MAAIhC,EAAE,CAACgC,SAAD,CAAF,CAAcC,SAAlB,EAA6B;AAC3BjC,IAAAA,EAAE,CAACgC,SAAD,CAAF,CAAcC,SAAd,CAAwBjC,EAAxB;AACD;AACF,CAJD;AAMAA,EAAE,CAACC,SAAH,GAAeA,SAAf;AACAD,EAAE,CAACG,SAAH,GAAeA,qBAAf;eAEeH,E","sourceRoot":"/app/api/server/src/models","sourcesContent":["import fs from 'fs'\nimport path from 'path'\nimport Sequelize from 'sequelize'\nimport configJson from '../config/config'\n\nconst basename = path.basename(__filename)\nconst env = process.env.NODE_ENV ? process.env.NODE_ENV : 'development'\n\nconst config = configJson[env]\n\nconsole.log('this is the environment: ', env)\n\nconst db = {}\n\nlet sequelize\nif (config.environment === 'production') {\n  sequelize = new Sequelize(\n      process.env[config.use_env_variable], config\n    )\n  sequelize = new Sequelize(\n    process.env.DB_NAME,\n    process.env.DB_USER,\n    process.env.DB_PASS, {\n      host: process.env.DB_HOST,\n      port: process.env.DB_PORT,\n      dialect: 'postgres',\n      dialectOption: {\n        ssl: true,\n        native: true\n      },\n      logging: true\n    }\n  )\n} else {\n  sequelize = new Sequelize(\n     config.database, config.username, config.password, config\n  )\n}\n\nfs\n  .readdirSync(__dirname)\n  .filter((file) => {\n    return (file.indexOf('.') !== 0) &&\n           (file !== basename) && (file.slice(-3) === '.js')\n  })\n  .forEach((file) => {\n    const model = sequelize.import(path.join(__dirname, file))\n    db[model.name] = model\n  })\n\nObject.keys(db).forEach((modelName) => {\n  if (db[modelName].associate) {\n    db[modelName].associate(db)\n  }\n})\n\ndb.sequelize = sequelize\ndb.Sequelize = Sequelize\n\nexport default db"]},"_coverageSchema":"1a1c01bbd47fc00a2c39e90264f33305004495a9","hash":"27e83057626f7f95704f35c6abab8e8faa3d10b6","contentHash":"16515c9ed16acb6c4f4830c313b9a021b70698aac36110ae30a4debe9511d12c"},"/app/api/server/src/config/config.js":{"path":"/app/api/server/src/config/config.js","statementMap":{"0":{"start":{"line":3,"column":0},"end":{"line":28,"column":2}}},"fnMap":{},"branchMap":{},"s":{"0":1},"f":{},"b":{},"inputSourceMap":{"version":3,"sources":["config.js"],"names":["module","exports"],"mappings":";;AAAAA,MAAM,CAACC,OAAP,GAAiB;AACf,iBAAe;AACb,gBAAY,UADC;AAEb,gBAAY,IAFC;AAGb,gBAAY,kBAHC;AAIb,YAAQ,IAJK;AAKb,eAAW,UALE;AAMb,wBAAoB;AANP,GADA;AASf,UAAQ;AACN,gBAAY,UADN;AAEN,gBAAY,IAFN;AAGN,gBAAY,uBAHN;AAIN,YAAQ,IAJF;AAKN,eAAW,UALL;AAMN,wBAAoB;AANd,GATO;AAiBf,gBAAc;AACZ,gBAAY,UADA;AAEZ,gBAAY,IAFA;AAGZ,gBAAY,yBAHA;AAIZ,YAAQ,IAJI;AAKZ,eAAW,UALC;AAMZ,wBAAoB;AANR;AAjBC,CAAjB","sourceRoot":"/app/api/server/src/config","sourcesContent":["module.exports = {\n  \"development\": {\n    \"username\": \"postgres\",\n    \"password\": null,\n    \"database\": \"burger_queen_api\",\n    \"host\": \"db\",\n    \"dialect\": \"postgres\",\n    \"operatorsAliases\": false\n  },\n  \"test\": {\n    \"username\": \"postgres\",\n    \"password\": null,\n    \"database\": \"burger_queen_api_test\",\n    \"host\": \"db\",\n    \"dialect\": \"postgres\",\n    \"operatorsAliases\": false\n  },\n  \"production\": {\n    \"username\": \"postgres\",\n    \"password\": null,\n    \"database\": \"burger_queen_production\",\n    \"host\": \"db\",\n    \"dialect\": \"postgres\",\n    \"operatorsAliases\": false\n  }\n}"]},"_coverageSchema":"1a1c01bbd47fc00a2c39e90264f33305004495a9","hash":"56261c38b6f0a29cc6665e89ef0d5b0ee874621f","contentHash":"33d5920870d7587118e440b3dc50ec37451b2cd411b0021dbe992c8ae390f239"},"/app/api/server/src/models/order.js":{"path":"/app/api/server/src/models/order.js","statementMap":{"0":{"start":{"line":3,"column":0},"end":{"line":15,"column":2}},"1":{"start":{"line":4,"column":14},"end":{"line":8,"column":8}},"2":{"start":{"line":10,"column":2},"end":{"line":12,"column":4}},"3":{"start":{"line":11,"column":4},"end":{"line":11,"column":37}},"4":{"start":{"line":14,"column":2},"end":{"line":14,"column":15}}},"fnMap":{"0":{"name":"(anonymous_0)","decl":{"start":{"line":3,"column":17},"end":{"line":3,"column":18}},"loc":{"start":{"line":3,"column":49},"end":{"line":15,"column":1}},"line":3},"1":{"name":"(anonymous_1)","decl":{"start":{"line":10,"column":20},"end":{"line":10,"column":21}},"loc":{"start":{"line":10,"column":38},"end":{"line":12,"column":3}},"line":10}},"branchMap":{},"s":{"0":1,"1":1,"2":1,"3":1,"4":1},"f":{"0":1,"1":1},"b":{},"inputSourceMap":{"version":3,"sources":["order.js"],"names":["module","exports","sequelize","DataTypes","Order","define","client_name","STRING","table_number","INTEGER","status","associate","models","hasMany","OrderItems"],"mappings":"AAAA;;AACAA,MAAM,CAACC,OAAP,GAAiB,UAACC,SAAD,EAAYC,SAAZ,EAA0B;AACzC,MAAMC,KAAK,GAAGF,SAAS,CAACG,MAAV,CAAiB,OAAjB,EAA0B;AACtCC,IAAAA,WAAW,EAAEH,SAAS,CAACI,MADe;AAEtCC,IAAAA,YAAY,EAAEL,SAAS,CAACM,OAFc;AAGtCC,IAAAA,MAAM,EAAEP,SAAS,CAACI;AAHoB,GAA1B,EAIX,EAJW,CAAd;;AAKAH,EAAAA,KAAK,CAACO,SAAN,GAAkB,UAASC,MAAT,EAAiB;AACjCR,IAAAA,KAAK,CAACS,OAAN,CAAcD,MAAM,CAACE,UAArB;AACD,GAFD;;AAGA,SAAOV,KAAP;AACD,CAVD","sourceRoot":"/app/api/server/src/models","sourcesContent":["'use strict';\nmodule.exports = (sequelize, DataTypes) => {\n  const Order = sequelize.define('Order', {\n    client_name: DataTypes.STRING,\n    table_number: DataTypes.INTEGER,\n    status: DataTypes.STRING\n  }, {});\n  Order.associate = function(models) {\n    Order.hasMany(models.OrderItems)\n  };\n  return Order;\n};"]},"_coverageSchema":"1a1c01bbd47fc00a2c39e90264f33305004495a9","hash":"5675736283ed7ab9e21efb5e444703232684e530","contentHash":"f157d6212558fe92901c0cbe1099aa68a84160f612142003371c853f418ce791"},"/app/api/server/src/models/orderitems.js":{"path":"/app/api/server/src/models/orderitems.js","statementMap":{"0":{"start":{"line":3,"column":0},"end":{"line":16,"column":2}},"1":{"start":{"line":4,"column":19},"end":{"line":10,"column":8}},"2":{"start":{"line":12,"column":2},"end":{"line":13,"column":4}},"3":{"start":{"line":15,"column":2},"end":{"line":15,"column":20}}},"fnMap":{"0":{"name":"(anonymous_0)","decl":{"start":{"line":3,"column":17},"end":{"line":3,"column":18}},"loc":{"start":{"line":3,"column":49},"end":{"line":16,"column":1}},"line":3},"1":{"name":"(anonymous_1)","decl":{"start":{"line":12,"column":25},"end":{"line":12,"column":26}},"loc":{"start":{"line":12,"column":43},"end":{"line":13,"column":3}},"line":12}},"branchMap":{},"s":{"0":1,"1":1,"2":1,"3":1},"f":{"0":1,"1":1},"b":{},"inputSourceMap":{"version":3,"sources":["orderitems.js"],"names":["module","exports","sequelize","DataTypes","OrderItems","define","ProductId","INTEGER","OrderId","ExtrasId","qdt","options","STRING","associate","models"],"mappings":"AAAA;;AACAA,MAAM,CAACC,OAAP,GAAiB,UAACC,SAAD,EAAYC,SAAZ,EAA0B;AACzC,MAAMC,UAAU,GAAGF,SAAS,CAACG,MAAV,CAAiB,YAAjB,EAA+B;AAChDC,IAAAA,SAAS,EAAEH,SAAS,CAACI,OAD2B;AAEhDC,IAAAA,OAAO,EAAEL,SAAS,CAACI,OAF6B;AAGhDE,IAAAA,QAAQ,EAAEN,SAAS,CAACI,OAH4B;AAIhDG,IAAAA,GAAG,EAAEP,SAAS,CAACI,OAJiC;AAKhDI,IAAAA,OAAO,EAAER,SAAS,CAACS;AAL6B,GAA/B,EAMhB,EANgB,CAAnB;;AAOAR,EAAAA,UAAU,CAACS,SAAX,GAAuB,UAASC,MAAT,EAAiB,CACtC;AACD,GAFD;;AAGA,SAAOV,UAAP;AACD,CAZD","sourceRoot":"/app/api/server/src/models","sourcesContent":["'use strict';\nmodule.exports = (sequelize, DataTypes) => {\n  const OrderItems = sequelize.define('OrderItems', {\n    ProductId: DataTypes.INTEGER,\n    OrderId: DataTypes.INTEGER,\n    ExtrasId: DataTypes.INTEGER,\n    qdt: DataTypes.INTEGER,\n    options: DataTypes.STRING\n  }, {});\n  OrderItems.associate = function(models) {\n    // associations can be defined here\n  };\n  return OrderItems;\n};"]},"_coverageSchema":"1a1c01bbd47fc00a2c39e90264f33305004495a9","hash":"839a77f68b26709d52ba3bc0e78ef8d0d154d9df","contentHash":"a643935a903e09ab8cef9ec8aa6617e993320b4347873a8e092de23d0219a470"},"/app/api/server/src/models/product.js":{"path":"/app/api/server/src/models/product.js","statementMap":{"0":{"start":{"line":3,"column":0},"end":{"line":16,"column":2}},"1":{"start":{"line":4,"column":16},"end":{"line":9,"column":8}},"2":{"start":{"line":11,"column":2},"end":{"line":13,"column":4}},"3":{"start":{"line":12,"column":4},"end":{"line":12,"column":39}},"4":{"start":{"line":15,"column":2},"end":{"line":15,"column":17}}},"fnMap":{"0":{"name":"(anonymous_0)","decl":{"start":{"line":3,"column":17},"end":{"line":3,"column":18}},"loc":{"start":{"line":3,"column":49},"end":{"line":16,"column":1}},"line":3},"1":{"name":"(anonymous_1)","decl":{"start":{"line":11,"column":22},"end":{"line":11,"column":23}},"loc":{"start":{"line":11,"column":40},"end":{"line":13,"column":3}},"line":11}},"branchMap":{},"s":{"0":1,"1":1,"2":1,"3":1,"4":1},"f":{"0":1,"1":1},"b":{},"inputSourceMap":{"version":3,"sources":["product.js"],"names":["module","exports","sequelize","DataTypes","Product","define","name","STRING","breakfast","BOOLEAN","price","INTEGER","product_type","associate","models","hasMany","OrderItems"],"mappings":"AAAA;;AACAA,MAAM,CAACC,OAAP,GAAiB,UAACC,SAAD,EAAYC,SAAZ,EAA0B;AACzC,MAAMC,OAAO,GAAGF,SAAS,CAACG,MAAV,CAAiB,SAAjB,EAA4B;AAC1CC,IAAAA,IAAI,EAAEH,SAAS,CAACI,MAD0B;AAE1CC,IAAAA,SAAS,EAAEL,SAAS,CAACM,OAFqB;AAG1CC,IAAAA,KAAK,EAAEP,SAAS,CAACQ,OAHyB;AAI1CC,IAAAA,YAAY,EAAET,SAAS,CAACI;AAJkB,GAA5B,EAKb,EALa,CAAhB;;AAMAH,EAAAA,OAAO,CAACS,SAAR,GAAoB,UAASC,MAAT,EAAiB;AACnCV,IAAAA,OAAO,CAACW,OAAR,CAAgBD,MAAM,CAACE,UAAvB;AACD,GAFD;;AAGA,SAAOZ,OAAP;AACD,CAXD","sourceRoot":"/app/api/server/src/models","sourcesContent":["'use strict';\nmodule.exports = (sequelize, DataTypes) => {\n  const Product = sequelize.define('Product', {\n    name: DataTypes.STRING,\n    breakfast: DataTypes.BOOLEAN,\n    price: DataTypes.INTEGER,\n    product_type: DataTypes.STRING\n  }, {});\n  Product.associate = function(models) {\n    Product.hasMany(models.OrderItems)\n  };\n  return Product;\n};"]},"_coverageSchema":"1a1c01bbd47fc00a2c39e90264f33305004495a9","hash":"6fd9eefc93e2d2fcd9576fd691650a7335e59470","contentHash":"e1e4bf6351b32a317471fd2ab194a01d9d54458f75f6c35a4bc58901f233ef5e"},"/app/api/server/src/models/tables.js":{"path":"/app/api/server/src/models/tables.js","statementMap":{"0":{"start":{"line":3,"column":0},"end":{"line":13,"column":2}},"1":{"start":{"line":4,"column":15},"end":{"line":7,"column":8}},"2":{"start":{"line":9,"column":2},"end":{"line":10,"column":4}},"3":{"start":{"line":12,"column":2},"end":{"line":12,"column":16}}},"fnMap":{"0":{"name":"(anonymous_0)","decl":{"start":{"line":3,"column":17},"end":{"line":3,"column":18}},"loc":{"start":{"line":3,"column":49},"end":{"line":13,"column":1}},"line":3},"1":{"name":"(anonymous_1)","decl":{"start":{"line":9,"column":21},"end":{"line":9,"column":22}},"loc":{"start":{"line":9,"column":39},"end":{"line":10,"column":3}},"line":9}},"branchMap":{},"s":{"0":1,"1":1,"2":1,"3":1},"f":{"0":1,"1":1},"b":{},"inputSourceMap":{"version":3,"sources":["tables.js"],"names":["module","exports","sequelize","DataTypes","Tables","define","table_number","INTEGER","OrderId","associate","models"],"mappings":"AAAA;;AACAA,MAAM,CAACC,OAAP,GAAiB,UAACC,SAAD,EAAYC,SAAZ,EAA0B;AACzC,MAAMC,MAAM,GAAGF,SAAS,CAACG,MAAV,CAAiB,QAAjB,EAA2B;AACxCC,IAAAA,YAAY,EAAEH,SAAS,CAACI,OADgB;AAExCC,IAAAA,OAAO,EAAEL,SAAS,CAACI;AAFqB,GAA3B,EAGZ,EAHY,CAAf;;AAIAH,EAAAA,MAAM,CAACK,SAAP,GAAmB,UAASC,MAAT,EAAiB,CAClC;AACD,GAFD;;AAGA,SAAON,MAAP;AACD,CATD","sourceRoot":"/app/api/server/src/models","sourcesContent":["'use strict';\nmodule.exports = (sequelize, DataTypes) => {\n  const Tables = sequelize.define('Tables', {\n    table_number: DataTypes.INTEGER,\n    OrderId: DataTypes.INTEGER\n  }, {});\n  Tables.associate = function(models) {\n    // associations can be defined here\n  };\n  return Tables;\n};"]},"_coverageSchema":"1a1c01bbd47fc00a2c39e90264f33305004495a9","hash":"fd551e5d1fa324dd01aa7b3bf1977336abc0366f","contentHash":"89a05dbb04f64a6fac90dfc93cee30e2df33389b49246ed5b87e84d4415ea8fe"},"/app/api/server/utils/Utils.js":{"path":"/app/api/server/utils/Utils.js","statementMap":{"0":{"start":{"line":3,"column":29},"end":{"line":3,"column":84}},"1":{"start":{"line":5,"column":0},"end":{"line":7,"column":3}},"2":{"start":{"line":8,"column":0},"end":{"line":8,"column":28}},"3":{"start":{"line":10,"column":23},"end":{"line":10,"column":95}},"4":{"start":{"line":12,"column":20},"end":{"line":12,"column":89}},"5":{"start":{"line":16,"column":0},"end":{"line":60,"column":3}},"6":{"start":{"line":18,"column":4},"end":{"line":18,"column":49}},"7":{"start":{"line":19,"column":4},"end":{"line":19,"column":27}},"8":{"start":{"line":20,"column":4},"end":{"line":20,"column":21}},"9":{"start":{"line":21,"column":4},"end":{"line":21,"column":21}},"10":{"start":{"line":22,"column":4},"end":{"line":22,"column":24}},"11":{"start":{"line":25,"column":2},"end":{"line":58,"column":6}},"12":{"start":{"line":28,"column":6},"end":{"line":28,"column":35}},"13":{"start":{"line":29,"column":6},"end":{"line":29,"column":29}},"14":{"start":{"line":30,"column":6},"end":{"line":30,"column":23}},"15":{"start":{"line":31,"column":6},"end":{"line":31,"column":28}},"16":{"start":{"line":36,"column":6},"end":{"line":36,"column":35}},"17":{"start":{"line":37,"column":6},"end":{"line":37,"column":29}},"18":{"start":{"line":38,"column":6},"end":{"line":38,"column":26}},"19":{"start":{"line":43,"column":19},"end":{"line":47,"column":7}},"20":{"start":{"line":49,"column":6},"end":{"line":51,"column":7}},"21":{"start":{"line":50,"column":8},"end":{"line":50,"column":56}},"22":{"start":{"line":53,"column":6},"end":{"line":56,"column":9}},"23":{"start":{"line":59,"column":2},"end":{"line":59,"column":14}},"24":{"start":{"line":62,"column":0},"end":{"line":62,"column":26}}},"fnMap":{"0":{"name":"(anonymous_0)","decl":{"start":{"line":16,"column":0},"end":{"line":16,"column":1}},"loc":{"start":{"line":16,"column":12},"end":{"line":60,"column":1}},"line":16},"1":{"name":"Util","decl":{"start":{"line":17,"column":11},"end":{"line":17,"column":15}},"loc":{"start":{"line":17,"column":18},"end":{"line":23,"column":3}},"line":17},"2":{"name":"setSuccess","decl":{"start":{"line":27,"column":20},"end":{"line":27,"column":30}},"loc":{"start":{"line":27,"column":58},"end":{"line":32,"column":5}},"line":27},"3":{"name":"setError","decl":{"start":{"line":35,"column":20},"end":{"line":35,"column":28}},"loc":{"start":{"line":35,"column":50},"end":{"line":39,"column":5}},"line":35},"4":{"name":"send","decl":{"start":{"line":42,"column":20},"end":{"line":42,"column":24}},"loc":{"start":{"line":42,"column":30},"end":{"line":57,"column":5}},"line":42}},"branchMap":{"0":{"loc":{"start":{"line":49,"column":6},"end":{"line":51,"column":7}},"type":"if","locations":[{"start":{"line":49,"column":6},"end":{"line":51,"column":7}},{"start":{"line":49,"column":6},"end":{"line":51,"column":7}}],"line":49}},"s":{"0":1,"1":1,"2":1,"3":1,"4":1,"5":1,"6":4,"7":4,"8":4,"9":4,"10":4,"11":1,"12":23,"13":23,"14":23,"15":23,"16":28,"17":28,"18":28,"19":51,"20":51,"21":23,"22":28,"23":1,"24":1},"f":{"0":1,"1":4,"2":23,"3":28,"4":51},"b":{"0":[23,28]},"inputSourceMap":{"version":3,"sources":["Utils.js"],"names":["Util","statusCode","type","data","message","res","result","status","json"],"mappings":";;;;;;;;;;;;;IAAqBA,I;;;AACjB,kBAAc;AAAA;AACZ,SAAKC,UAAL,GAAkB,IAAlB;AACA,SAAKC,IAAL,GAAY,IAAZ;AACA,SAAKC,IAAL,GAAY,IAAZ;AACA,SAAKC,OAAL,GAAe,IAAf;AACD;;;;+BAEUH,U,EAAYG,O,EAASD,I,EAAM;AACpC,WAAKF,UAAL,GAAkBA,UAAlB;AACA,WAAKG,OAAL,GAAeA,OAAf;AACA,WAAKD,IAAL,GAAYA,IAAZ;AACA,WAAKD,IAAL,GAAY,SAAZ;AACD;;;6BAEQD,U,EAAYG,O,EAAS;AAC5B,WAAKH,UAAL,GAAkBA,UAAlB;AACA,WAAKG,OAAL,GAAeA,OAAf;AACA,WAAKF,IAAL,GAAY,OAAZ;AACD;;;yBAEIG,G,EAAK;AACR,UAAMC,MAAM,GAAG;AACbC,QAAAA,MAAM,EAAE,KAAKL,IADA;AAEbE,QAAAA,OAAO,EAAE,KAAKA,OAFD;AAGbD,QAAAA,IAAI,EAAE,KAAKA;AAHE,OAAf;;AAMA,UAAI,KAAKD,IAAL,KAAc,SAAlB,EAA6B;AAC3B,eAAOG,GAAG,CAACE,MAAJ,CAAW,KAAKN,UAAhB,EAA4BO,IAA5B,CAAiCF,MAAjC,CAAP;AACD;;AACD,aAAOD,GAAG,CAACE,MAAJ,CAAW,KAAKN,UAAhB,EAA4BO,IAA5B,CAAiC;AACtCD,QAAAA,MAAM,EAAE,KAAKL,IADyB;AAEtCE,QAAAA,OAAO,EAAE,KAAKA;AAFwB,OAAjC,CAAP;AAID","sourceRoot":"/app/api/server/utils","sourcesContent":["export default class Util {\n    constructor() {\n      this.statusCode = null\n      this.type = null\n      this.data = null\n      this.message = null\n    }\n  \n    setSuccess(statusCode, message, data) {\n      this.statusCode = statusCode\n      this.message = message\n      this.data = data\n      this.type = 'success'\n    }\n  \n    setError(statusCode, message) {\n      this.statusCode = statusCode\n      this.message = message\n      this.type = 'error'\n    }\n  \n    send(res) {\n      const result = {\n        status: this.type,\n        message: this.message,\n        data: this.data,\n      }\n  \n      if (this.type === 'success') {\n        return res.status(this.statusCode).json(result)\n      }\n      return res.status(this.statusCode).json({\n        status: this.type,\n        message: this.message,\n      })\n    }\n  }"]},"_coverageSchema":"1a1c01bbd47fc00a2c39e90264f33305004495a9","hash":"a61ca913dbfd1183093e510f8707126f4656daaa","contentHash":"9d2bf2405f951c56284e15f8f84812460ad147cbfe7f58c36e60b748878fcc99"},"/app/api/server/routes/OrderRoutes.js":{"path":"/app/api/server/routes/OrderRoutes.js","statementMap":{"0":{"start":{"line":3,"column":29},"end":{"line":3,"column":84}},"1":{"start":{"line":5,"column":0},"end":{"line":7,"column":3}},"2":{"start":{"line":8,"column":0},"end":{"line":8,"column":28}},"3":{"start":{"line":10,"column":15},"end":{"line":10,"column":33}},"4":{"start":{"line":12,"column":23},"end":{"line":12,"column":88}},"5":{"start":{"line":14,"column":13},"end":{"line":14,"column":35}},"6":{"start":{"line":15,"column":0},"end":{"line":15,"column":58}},"7":{"start":{"line":16,"column":0},"end":{"line":16,"column":55}},"8":{"start":{"line":17,"column":0},"end":{"line":17,"column":57}},"9":{"start":{"line":18,"column":0},"end":{"line":18,"column":61}},"10":{"start":{"line":19,"column":0},"end":{"line":19,"column":66}},"11":{"start":{"line":20,"column":15},"end":{"line":20,"column":21}},"12":{"start":{"line":21,"column":0},"end":{"line":21,"column":30}}},"fnMap":{},"branchMap":{},"s":{"0":1,"1":1,"2":1,"3":1,"4":1,"5":1,"6":1,"7":1,"8":1,"9":1,"10":1,"11":1,"12":1},"f":{},"b":{},"inputSourceMap":{"version":3,"sources":["OrderRoutes.js"],"names":["router","get","OrderController","getAllOrders","post","addOrder","getOrder","put","updatedOrder","deleteOrder"],"mappings":";;;;;;;;;AAAA;;AACA;;AAEA,IAAMA,MAAM,GAAG,sBAAf;AACAA,MAAM,CAACC,GAAP,CAAW,GAAX,EAAgBC,4BAAgBC,YAAhC;AACAH,MAAM,CAACI,IAAP,CAAY,GAAZ,EAAiBF,4BAAgBG,QAAjC;AACAL,MAAM,CAACC,GAAP,CAAW,MAAX,EAAmBC,4BAAgBI,QAAnC;AACAN,MAAM,CAACO,GAAP,CAAW,MAAX,EAAmBL,4BAAgBM,YAAnC;AACAR,MAAM,UAAN,CAAc,MAAd,EAAsBE,4BAAgBO,WAAtC;eACeT,M","sourceRoot":"/app/api/server/routes","sourcesContent":["import { Router } from 'express'\nimport OrderController from '../controllers/OrderController'\n\nconst router = Router()\nrouter.get('/', OrderController.getAllOrders)\nrouter.post('/', OrderController.addOrder)\nrouter.get('/:id', OrderController.getOrder)\nrouter.put('/:id', OrderController.updatedOrder)\nrouter.delete('/:id', OrderController.deleteOrder)\nexport default router"]},"_coverageSchema":"1a1c01bbd47fc00a2c39e90264f33305004495a9","hash":"77aa4ac8c33e52bd0060fce3d49b5b9ed6757f9a","contentHash":"c32a0a6dc993ac6e2917261f5d088be4907b06e7b03183c481716a3ddbcd579f"},"/app/api/server/controllers/OrderController.js":{"path":"/app/api/server/controllers/OrderController.js","statementMap":{"0":{"start":{"line":3,"column":29},"end":{"line":3,"column":84}},"1":{"start":{"line":5,"column":0},"end":{"line":7,"column":3}},"2":{"start":{"line":8,"column":0},"end":{"line":8,"column":28}},"3":{"start":{"line":10,"column":19},"end":{"line":10,"column":80}},"4":{"start":{"line":12,"column":25},"end":{"line":12,"column":99}},"5":{"start":{"line":14,"column":23},"end":{"line":14,"column":95}},"6":{"start":{"line":16,"column":20},"end":{"line":16,"column":89}},"7":{"start":{"line":18,"column":20},"end":{"line":18,"column":79}},"8":{"start":{"line":20,"column":13},"end":{"line":20,"column":62}},"9":{"start":{"line":22,"column":11},"end":{"line":22,"column":34}},"10":{"start":{"line":26,"column":0},"end":{"line":301,"column":3}},"11":{"start":{"line":28,"column":4},"end":{"line":28,"column":60}},"12":{"start":{"line":31,"column":2},"end":{"line":299,"column":6}},"13":{"start":{"line":34,"column":26},"end":{"line":69,"column":9}},"14":{"start":{"line":38,"column":8},"end":{"line":68,"column":36}},"15":{"start":{"line":39,"column":10},"end":{"line":67,"column":11}},"16":{"start":{"line":40,"column":12},"end":{"line":66,"column":13}},"17":{"start":{"line":42,"column":16},"end":{"line":42,"column":34}},"18":{"start":{"line":43,"column":16},"end":{"line":43,"column":34}},"19":{"start":{"line":44,"column":16},"end":{"line":44,"column":63}},"20":{"start":{"line":47,"column":16},"end":{"line":47,"column":42}},"21":{"start":{"line":49,"column":16},"end":{"line":53,"column":17}},"22":{"start":{"line":50,"column":18},"end":{"line":50,"column":70}},"23":{"start":{"line":52,"column":18},"end":{"line":52,"column":57}},"24":{"start":{"line":55,"column":16},"end":{"line":55,"column":65}},"25":{"start":{"line":58,"column":16},"end":{"line":58,"column":34}},"26":{"start":{"line":59,"column":16},"end":{"line":59,"column":51}},"27":{"start":{"line":60,"column":16},"end":{"line":60,"column":48}},"28":{"start":{"line":61,"column":16},"end":{"line":61,"column":65}},"29":{"start":{"line":65,"column":16},"end":{"line":65,"column":39}},"30":{"start":{"line":72,"column":8},"end":{"line":72,"column":52}},"31":{"start":{"line":75,"column":6},"end":{"line":75,"column":26}},"32":{"start":{"line":80,"column":22},"end":{"line":119,"column":9}},"33":{"start":{"line":84,"column":8},"end":{"line":118,"column":38}},"34":{"start":{"line":85,"column":10},"end":{"line":117,"column":11}},"35":{"start":{"line":86,"column":12},"end":{"line":116,"column":13}},"36":{"start":{"line":88,"column":16},"end":{"line":91,"column":17}},"37":{"start":{"line":89,"column":18},"end":{"line":89,"column":37}},"38":{"start":{"line":90,"column":18},"end":{"line":90,"column":24}},"39":{"start":{"line":93,"column":16},"end":{"line":93,"column":70}},"40":{"start":{"line":94,"column":16},"end":{"line":94,"column":66}},"41":{"start":{"line":97,"column":16},"end":{"line":97,"column":36}},"42":{"start":{"line":98,"column":16},"end":{"line":98,"column":35}},"43":{"start":{"line":99,"column":16},"end":{"line":99,"column":35}},"44":{"start":{"line":100,"column":16},"end":{"line":100,"column":67}},"45":{"start":{"line":103,"column":16},"end":{"line":103,"column":46}},"46":{"start":{"line":104,"column":16},"end":{"line":104,"column":67}},"47":{"start":{"line":105,"column":16},"end":{"line":105,"column":66}},"48":{"start":{"line":108,"column":16},"end":{"line":108,"column":36}},"49":{"start":{"line":109,"column":16},"end":{"line":109,"column":53}},"50":{"start":{"line":110,"column":16},"end":{"line":110,"column":57}},"51":{"start":{"line":111,"column":16},"end":{"line":111,"column":66}},"52":{"start":{"line":115,"column":16},"end":{"line":115,"column":40}},"53":{"start":{"line":122,"column":8},"end":{"line":122,"column":48}},"54":{"start":{"line":125,"column":6},"end":{"line":125,"column":22}},"55":{"start":{"line"
[...]
able) {\n        util.setError(404, `Cannot find table with the number: ${table_number}`)\n      } else {\n        util.setSuccess(200, 'Table updated', updateTable)\n      }\n      return util.send(res)\n    } catch (error) {\n      util.setError(404, error)\n      return util.send(res)\n    }\n  }\n\n  static async getTable(req, res) {\n    const { table_number } = req.params\n\n    if (!Number(table_number)) {\n      util.setError(400, 'Please input a valid numeric value')\n      return util.send(res)\n    }\n\n    try {\n      const theTable = await TableService.getTable(table_number)\n\n      if (theTable.length == 0) {\n        util.setError(404, `Cannot find table with the number ${table_number}`)\n      } else {\n        util.setSuccess(200, 'Found Table and',theTable)\n      }\n      return util.send(res)\n    } catch (error) {\n      util.setError(404, error)\n      return util.send(res)\n    }\n  }\n\n  static async deleteTable(req, res) {\n    const { table_number } = req.params\n\n    if (!Number(table_number)) {\n      util.setError(400, 'Please provide a numeric value')\n      return util.send(res)\n    }\n\n    try {\n      const tableToDelete = await TableService.deleteTable(table_number)\n\n      if (tableToDelete) {\n        util.setSuccess(200, 'Table deleted')\n      } else {\n        util.setError(404, `Table with the number ${table_number} cannot be found`)\n      }\n      return util.send(res)\n    } catch (error) {\n      util.setError(400, error)\n      return util.send(res)\n    }\n  }\n}\n\nexport default TableController"]},"_coverageSchema":"1a1c01bbd47fc00a2c39e90264f33305004495a9","hash":"46e4349415393a32279019d35111ea103be78789","contentHash":"5a3e9b0cdb43f634453383651692bf54d0f558c37d565c321aa1d3866283f7f1"},"/app/api/server/services/TableService.js":{"path":"/app/api/server/services/TableService.js","statementMap":{"0":{"start":{"line":3,"column":29},"end":{"line":3,"column":84}},"1":{"start":{"line":5,"column":0},"end":{"line":7,"column":3}},"2":{"start":{"line":8,"column":0},"end":{"line":8,"column":28}},"3":{"start":{"line":10,"column":19},"end":{"line":10,"column":80}},"4":{"start":{"line":12,"column":25},"end":{"line":12,"column":99}},"5":{"start":{"line":14,"column":23},"end":{"line":14,"column":95}},"6":{"start":{"line":16,"column":20},"end":{"line":16,"column":89}},"7":{"start":{"line":18,"column":14},"end":{"line":18,"column":62}},"8":{"start":{"line":22,"column":0},"end":{"line":262,"column":3}},"9":{"start":{"line":24,"column":4},"end":{"line":24,"column":57}},"10":{"start":{"line":27,"column":2},"end":{"line":260,"column":6}},"11":{"start":{"line":30,"column":26},"end":{"line":55,"column":9}},"12":{"start":{"line":33,"column":8},"end":{"line":54,"column":36}},"13":{"start":{"line":34,"column":10},"end":{"line":53,"column":11}},"14":{"start":{"line":35,"column":12},"end":{"line":52,"column":13}},"15":{"start":{"line":37,"column":16},"end":{"line":37,"column":34}},"16":{"start":{"line":38,"column":16},"end":{"line":38,"column":34}},"17":{"start":{"line":39,"column":16},"end":{"line":39,"column":59}},"18":{"start":{"line":42,"column":16},"end":{"line":42,"column":64}},"19":{"start":{"line":45,"column":16},"end":{"line":45,"column":34}},"20":{"start":{"line":46,"column":16},"end":{"line":46,"column":51}},"21":{"start":{"line":47,"column":16},"end":{"line":47,"column":34}},"22":{"start":{"line":51,"column":16},"end":{"line":51,"column":39}},"23":{"start":{"line":58,"column":8},"end":{"line":58,"column":52}},"24":{"start":{"line":61,"column":6},"end":{"line":61,"column":26}},"25":{"start":{"line":66,"column":22},"end":{"line":91,"column":9}},"26":{"start":{"line":69,"column":8},"end":{"line":90,"column":37}},"27":{"start":{"line":70,"column":10},"end":{"line":89,"column":11}},"28":{"start":{"line":71,"column":12},"end":{"line":88,"column":13}},"29":{"start":{"line":73,"column":16},"end":{"line":73,"column":35}},"30":{"start":{"line":74,"column":16},"end":{"line":74,"column":35}},"31":{"start":{"line":75,"column":16},"end":{"line":75,"column":66}},"32":{"start":{"line":78,"column":16},"end":{"line":78,"column":66}},"33":{"start":{"line":81,"column":16},"end":{"line":81,"column":35}},"34":{"start":{"line":82,"column":16},"end":{"line":82,"column":53}},"35":{"start":{"line":83,"column":16},"end":{"line":83,"column":35}},"36":{"start":{"line":87,"column":16},"end":{"line":87,"column":40}},"37":{"start":{"line":94,"column":8},"end":{"line":94,"column":48}},"38":{"start":{"line":97,"column":6},"end":{"line":97,"column":22}},"39":{"start":{"line":102,"column":26},"end":{"line":150,"column":9}},"40":{"start":{"line":106,"column":8},"end":{"line":149,"column":38}},"41":{"start":{"line":107,"column":10},"end":{"line":148,"column":11}},"42":{"start":{"line":108,"column":12},"end":{"line":147,"column":13}},"43":{"start":{"line":110,"column":16},"end":{"line":110,"column":35}},"44":{"start":{"line":111,"column":16},"end":{"line":111,"column":35}},"45":{"start":{"line":112,"column":16},"end":{"line":116,"column":19}},"46":{"start":{"line":119,"column":16},"end":{"line":119,"column":47}},"47":{"start":{"line":121,"column":16},"end":{"line":124,"column":17}},"48":{"start":{"line":122,"column":18},"end":{"line":122,"column":37}},"49":{"start":{"line":123,"column":18},"end":{"line":123,"column":24}},"50":{"start":{"line":126,"column":16},"end":{"line":126,"column":35}},"51":{"start":{"line":127,"column":16},"end":{"line":131,"column":19}},"52":{"start":{"line":134,"column":16},"end":{"line":134,"column":64}},"53":{"start":{"line":137,"column":16},"end":{"line":137,"column":56}},"54":{"start":{"line":140,"column":16},"end":{"line":140,"column":36}},"55":{"start":{"line":141,"column":16},"end":{"line":141,"column":53}},"56":{"start":{"line":142,"column":16},"end":{"line":142,"column":35}},"57":{"start":{"line":146,"column":16},"end":{"line":146,"column":40}},"58":{"start":{"line":153,"column":8},"end":{"line":153,"column":52}},"59":{"start":{"line":156,"column":6},"end":{"line":156,"column":25}},"60":{"start":{"line":161,"column":22},"end":{"line":192,"column":9}},"61":{"start":{"line":165,"column":8},"end":{"line":191,"column":37}},"62":{"start":{"line":166,"column":10},"end":{"line":190,"column":11}},"63":{"start":{"line":167,"column":12},"end":{"line":189,"column":13}},"64":{"start":{"line":169,"column":16},"end":{"line":169,"column":35}},"65":{"start":{"line":170,"column":16},"end":{"line":170,"column":35}},"66":{"start":{"line":171,"column":16},"end":{"line":175,"column":19}},"67":{"start":{"line":178,"column":16},"end":{"line":178,"column":42}},"68":{"start":{"line":179,"column":16},"end":{"line":179,"column":60}},"69":{"start":{"line":182,"column":16},"end":{"line":182,"column":35}},"70":{"start":{"line":183,"column":16},"end":{"line":183,"column":53}},"71":{"start":{"line":184,"column":16},"end":{"line":184,"column":35}},"72":{"start":{"line":188,"column":16},"end":{"line":188,"column":40}},"73":{"start":{"line":195,"column":8},"end":{"line":195,"column":48}},"74":{"start":{"line":198,"column":6},"end":{"line":198,"column":22}},"75":{"start":{"line":203,"column":25},"end":{"line":252,"column":9}},"76":{"start":{"line":207,"column":8},"end":{"line":251,"column":38}},"77":{"start":{"line":208,"column":10},"end":{"line":250,"column":11}},"78":{"start":{"line":209,"column":12},"end":{"line":249,"column":13}},"79":{"start":{"line":211,"column":16},"end":{"line":211,"column":35}},"80":{"start":{"line":212,"column":16},"end":{"line":212,"column":35}},"81":{"start":{"line":213,"column":16},"end":{"line":217,"column":19}},"82":{"start":{"line":220,"column":16},"end":{"line":220,"column":47}},"83":{"start":{"line":222,"column":16},"end":{"line":225,"column":17}},"84":{"start":{"line":223,"column":18},"end":{"line":223,"column":37}},"85":{"start":{"line":224,"column":18},"end":{"line":224,"column":24}},"86":{"start":{"line":227,"column":16},"end":{"line":227,"column":35}},"87":{"start":{"line":228,"column":16},"end":{"line":232,"column":19}},"88":{"start":{"line":235,"column":16},"end":{"line":235,"column":46}},"89":{"start":{"line":236,"column":16},"end":{"line":236,"column":64}},"90":{"start":{"line":239,"column":16},"end":{"line":239,"column":56}},"91":{"start":{"line":242,"column":16},"end":{"line":242,"column":36}},"92":{"start":{"line":243,"column":16},"end":{"line":243,"column":53}},"93":{"start":{"line":244,"column":16},"end":{"line":244,"column":35}},"94":{"start":{"line":248,"column":16},"end":{"line":248,"column":40}},"95":{"start":{"line":255,"column":8},"end":{"line":255,"column":51}},"96":{"start":{"line":258,"column":6},"end":{"line":258,"column":25}},"97":{"start":{"line":261,"column":2},"end":{"line":261,"column":22}},"98":{"start":{"line":264,"column":15},"end":{"line":264,"column":27}},"99":{"start":{"line":265,"column":0},"end":{"line":265,"column":30}}},"fnMap":{"0":{"name":"(anonymous_0)","decl":{"start":{"line":22,"column":0},"end":{"line":22,"column":1}},"loc":{"start":{"line":22,"column":12},"end":{"line":262,"column":1}},"line":22},"1":{"name":"Tableservice","decl":{"start":{"line":23,"column":11},"end":{"line":23,"column":23}},"loc":{"start":{"line":23,"column":26},"end":{"line":25,"column":3}},"line":23},"2":{"name":"(anonymous_2)","decl":{"start":{"line":29,"column":11},"end":{"line":29,"column":12}},"loc":{"start":{"line":29,"column":23},"end":{"line":62,"column":5}},"line":29},"3":{"name":"_callee","decl":{"start":{"line":32,"column":44},"end":{"line":32,"column":51}},"loc":{"start":{"line":32,"column":54},"end":{"line":55,"column":7}},"line":32},"4":{"name":"_callee$","decl":{"start":{"line":33,"column":53},"end":{"line":33,"column":61}},"loc":{"start":{"line":33,"column":72},"end":{"line":54,"column":9}},"line":33},"5":{"name":"getAllTables","decl":{"start":{"line":57,"column":15},"end":{"line":57,"column":27}},"loc":{"start":{"line":57,"column":30},"end":{"line":59,"column":7}},"line":57},"6":{"name":"(anonymous_6)","decl":{"start":{"line":65,"column":11},"end":{"line":65,"column":12}},"loc":{"start":{"line":65,"column":23},"end":{"line":98,"column":5}},"line":65},"7":{"name":"_callee2","decl":{"start":{"line":68,"column":44},"end":{"line":68,"column":52}},"loc":{"start":{"line":68,"column":63},"end":{"line":91,"column":7}},"line":68},"8":{"name":"_callee2$","decl":{"start":{"line":69,"column":53},"end":{"line":69,"column":62}},"loc":{"start":{"line":69,"column":74},"end":{"line":90,"column":9}},"line":69},"9":{"name":"addTable","decl":{"start":{"line":93,"column":15},"end":{"line":93,"column":23}},"loc":{"start":{"line":93,"column":28},"end":{"line":95,"column":7}},"line":93},"10":{"name":"(anonymous_10)","decl":{"start":{"line":101,"column":11},"end":{"line":101,"column":12}},"loc":{"start":{"line":101,"column":23},"end":{"line":157,"column":5}},"line":101},"11":{"name":"_callee3","decl":{"start":{"line":104,"column":44},"end":{"line":104,"column":52}},"loc":{"start":{"line":104,"column":80},"end":{"line":150,"column":7}},"line":104},"12":{"name":"_callee3$","decl":{"start":{"line":106,"column":53},"end":{"line":106,"column":62}},"loc":{"start":{"line":106,"column":74},"end":{"line":149,"column":9}},"line":106},"13":{"name":"updateTable","decl":{"start":{"line":152,"column":15},"end":{"line":152,"column":26}},"loc":{"start":{"line":152,"column":37},"end":{"line":154,"column":7}},"line":152},"14":{"name":"(anonymous_14)","decl":{"start":{"line":160,"column":11},"end":{"line":160,"column":12}},"loc":{"start":{"line":160,"column":23},"end":{"line":199,"column":5}},"line":160},"15":{"name":"_callee4","decl":{"start":{"line":163,"column":44},"end":{"line":163,"column":52}},"loc":{"start":{"line":163,"column":66},"end":{"line":192,"column":7}},"line":163},"16":{"name":"_callee4$","decl":{"start":{"line":165,"column":53},"end":{"line":165,"column":62}},"loc":{"start":{"line":165,"column":74},"end":{"line":191,"column":9}},"line":165},"17":{"name":"getTable","decl":{"start":{"line":194,"column":15},"end":{"line":194,"column":23}},"loc":{"start":{"line":194,"column":29},"end":{"line":196,"column":7}},"line":194},"18":{"name":"(anonymous_18)","decl":{"start":{"line":202,"column":11},"end":{"line":202,"column":12}},"loc":{"start":{"line":202,"column":23},"end":{"line":259,"column":5}},"line":202},"19":{"name":"_callee5","decl":{"start":{"line":205,"column":44},"end":{"line":205,"column":52}},"loc":{"start":{"line":205,"column":66},"end":{"line":252,"column":7}},"line":205},"20":{"name":"_callee5$","decl":{"start":{"line":207,"column":53},"end":{"line":207,"column":62}},"loc":{"start":{"line":207,"column":74},"end":{"line":251,"column":9}},"line":207},"21":{"name":"deleteTable","decl":{"start":{"line":254,"column":15},"end":{"line":254,"column":26}},"loc":{"start":{"line":254,"column":32},"end":{"line":256,"column":7}},"line":254}},"branchMap":{"0":{"loc":{"start":{"line":35,"column":12},"end":{"line":52,"column":13}},"type":"switch","locations":[{"start":{"line":36,"column":14},"end":{"line":39,"column":59}},{"start":{"line":41,"column":14},"end":{"line":42,"column":64}},{"start":{"line":44,"column":14},"end":{"line":47,"column":34}},{"start":{"line":49,"column":14},"end":{"line":49,"column":21}},{"start":{"line":50,"column":14},"end":{"line":51,"column":39}}],"line":35},"1":{"loc":{"start":{"line":71,"column":12},"end":{"line":88,"column":13}},"type":"switch","locations":[{"start":{"line":72,"column":14},"end":{"line":75,"column":66}},{"start":{"line":77,"column":14},"end":{"line":78,"column":66}},{"start":{"line":80,"column":14},"end":{"line":83,"column":35}},{"start":{"line":85,"column":14},"end":{"line":85,"column":21}},{"start":{"line":86,"column":14},"end":{"line":87,"column":40}}],"line":71},"2":{"loc":{"start":{"line":108,"column":12},"end":{"line":147,"column":13}},"type":"switch","locations":[{"start":{"line":109,"column":14},"end":{"line":116,"column":19}},{"start":{"line":118,"column":14},"end":{"line":131,"column":19}},{"start":{"line":133,"column":14},"end":{"line":134,"column":64}},{"start":{"line":136,"column":14},"end":{"line":137,"column":56}},{"start":{"line":139,"column":14},"end":{"line":142,"column":35}},{"start":{"line":144,"column":14},"end":{"line":144,"column":22}},{"start":{"line":145,"column":14},"end":{"line":146,"column":40}}],"line":108},"3":{"loc":{"start":{"line":121,"column":16},"end":{"line":124,"column":17}},"type":"if","locations":[{"start":{"line":121,"column":16},"end":{"line":124,"column":17}},{"start":{"line":121,"column":16},"end":{"line":124,"column":17}}],"line":121},"4":{"loc":{"start":{"line":167,"column":12},"end":{"line":189,"column":13}},"type":"switch","locations":[{"start":{"line":168,"column":14},"end":{"line":175,"column":19}},{"start":{"line":177,"column":14},"end":{"line":179,"column":60}},{"start":{"line":181,"column":14},"end":{"line":184,"column":35}},{"start":{"line":186,"column":14},"end":{"line":186,"column":22}},{"start":{"line":187,"column":14},"end":{"line":188,"column":40}}],"line":167},"5":{"loc":{"start":{"line":209,"column":12},"end":{"line":249,"column":13}},"type":"switch","locations":[{"start":{"line":210,"column":14},"end":{"line":217,"column":19}},{"start":{"line":219,"column":14},"end":{"line":232,"column":19}},{"start":{"line":234,"column":14},"end":{"line":236,"column":64}},{"start":{"line":238,"column":14},"end":{"line":239,"column":56}},{"start":{"line":241,"column":14},"end":{"line":244,"column":35}},{"start":{"line":246,"column":14},"end":{"line":246,"column":22}},{"start":{"line":247,"column":14},"end":{"line":248,"column":40}}],"line":209},"6":{"loc":{"start":{"line":222,"column":16},"end":{"line":225,"column":17}},"type":"if","locations":[{"start":{"line":222,"column":16},"end":{"line":225,"column":17}},{"start":{"line":222,"column":16},"end":{"line":225,"column":17}}],"line":222}},"s":{"0":1,"1":1,"2":1,"3":1,"4":1,"5":1,"6":1,"7":1,"8":1,"9":0,"10":1,"11":1,"12":1,"13":3,"14":3,"15":1,"16":1,"17":1,"18":1,"19":0,"20":0,"21":0,"22":1,"23":1,"24":1,"25":1,"26":1,"27":3,"28":3,"29":1,"30":1,"31":1,"32":1,"33":0,"34":0,"35":0,"36":1,"37":1,"38":1,"39":1,"40":2,"41":7,"42":8,"43":2,"44":2,"45":2,"46":2,"47":2,"48":1,"49":1,"50":1,"51":1,"52":1,"53":1,"54":0,"55":0,"56":0,"57":2,"58":2,"59":1,"60":1,"61":2,"62":6,"63":6,"64":2,"65":2,"66":2,"67":2,"68":2,"69":0,"70":0,"71":0,"72":2,"73":2,"74":1,"75":1,"76":2,"77":8,"78":8,"79":2,"80":2,"81":2,"82":2,"83":2,"84":0,"85":0,"86":2,"87":2,"88":2,"89":2,"90":0,"91":0,"92":0,"93":0,"94":2,"95":2,"96":1,"97":1,"98":1,"99":1},"f":{"0":1,"1":0,"2":1,"3":1,"4":3,"5":1,"6":1,"7":1,"8":3,"9":1,"10":1,"11":2,"12":7,"13":2,"14":1,"15":2,"16":6,"17":2,"18":1,"19":2,"20":8,"21":2},"b":{"0":[1,1,0,0,1],"1":[1,1,0,0,1],"2":[2,2,1,1,0,0,2],"3":[1,1],"4":[2,2,0,0,2],"5":[2,2,2,0,0,0,2],"6":[0,2]},"inputSourceMap":{"version":3,"sources":["TableService.js"],"names":["Tableservice","database","Tables","findAll","newTable","create","tableNumber","updateTable","where","table_number","Number","tableToUpdate","length","update","theTable","tableToDelete","destroy","deletedTable"],"mappings":";;;;;;;;;;;;;;;;;AAAA;;IAEMA,Y;;;;;;;;;;;;;;;;;;;uBAGaC,mBAASC,MAAT,CAAgBC,OAAhB,E;;;;;;;;;;;;;;;;;;;;;;;;;;;;;qDAMKC,Q;;;;;;;uBAELH,mBAASC,MAAT,CAAgBG,MAAhB,CAAuBD,QAAvB,C;;;;;;;;;;;;;;;;;;;;;;;;;;;;;qDAMQE,W,EAAaC,Y;;;;;;;;uBAENN,mBAASC,MAAT,CAAgBC,OAAhB,CAAwB;AAClDK,kBAAAA,KAAK,EAAE;AAAEC,oBAAAA,YAAY,EAAEC,MAAM,CAACJ,WAAD;AAAtB;AAD2C,iBAAxB,C;;;AAAtBK,gBAAAA,a;;sBAIFA,aAAa,CAACC,MAAd,GAAuB,C;;;;;;uBACnBX,mBAASC,MAAT,CAAgBW,MAAhB,CAAuBN,YAAvB,EAAoC;AAAEC,kBAAAA,KAAK,EAAE;AAAEC,oBAAAA,YAAY,EAAEC,MAAM,CAACJ,WAAD;AAAtB;AAAT,iBAApC,C;;;kDACCC,Y;;;kDAEF,I;;;;;;;;;;;;;;;;;;;;;;;;;;qDAMWD,W;;;;;;;;uBAEKL,mBAASC,MAAT,CAAgBC,OAAhB,CAAwB;AAC7CK,kBAAAA,KAAK,EAAE;AAAEC,oBAAAA,YAAY,EAAEC,MAAM,CAACJ,WAAD;AAAtB;AADsC,iBAAxB,C;;;AAAjBQ,gBAAAA,Q;kDAGCA,Q;;;;;;;;;;;;;;;;;;;;;;;;;;qDAMcR,W;;;;;;;;uBAEOL,mBAASC,MAAT,CAAgBC,OAAhB,CAAwB;AAAEK,kBAAAA,KAAK,EAAE;AAAEC,oBAAAA,YAAY,EAAEC,MAAM,CAACJ,WAAD;AAAtB;AAAT,iBAAxB,C;;;AAAtBS,gBAAAA,a;;qBAEFA,a;;;;;;uBACyBd,mBAASC,MAAT,CAAgBc,OAAhB,CAAwB;AACjDR,kBAAAA,KAAK,EAAE;AAAEC,oBAAAA,YAAY,EAAEC,MAAM,CAACJ,WAAD;AAAtB;AAD0C,iBAAxB,C;;;AAArBW,gBAAAA,Y;kDAGCA,Y;;;kDAEF,I;;;;;;;;;;;;;;;;;;;;;;;;;eAOEjB,Y","sourceRoot":"/app/api/server/services","sourcesContent":["import database from '../src/models'\n\nclass Tableservice {\n  static async getAllTables() {\n    try {\n      return await database.Tables.findAll()\n    } catch (error) {\n      throw error\n    }\n  }\n\n  static async addTable(newTable) {\n    try {\n      return await database.Tables.create(newTable)\n    } catch (error) {\n      throw error\n    }\n  }\n\n  static async updateTable(tableNumber, updateTable) {\n    try {\n      const tableToUpdate = await database.Tables.findAll({\n        where: { table_number: Number(tableNumber) }\n      })\n      \n      if (tableToUpdate.length > 0) {\n        await database.Tables.update(updateTable, { where: { table_number: Number(tableNumber) } })        \n        return updateTable\n      }\n      return null\n    } catch (error) {\n      throw error\n    }\n  }\n\n  static async getTable(tableNumber) {\n    try {\n      const theTable = await database.Tables.findAll({\n        where: { table_number: Number(tableNumber) }\n      })\n      return theTable\n    } catch (error) {\n      throw error\n    }\n  }\n\n  static async deleteTable(tableNumber) {\n    try {\n      const tableToDelete = await database.Tables.findAll({ where: { table_number: Number(tableNumber) } })\n\n      if (tableToDelete) {\n        const deletedTable = await database.Tables.destroy({\n          where: { table_number: Number(tableNumber) }\n        })\n        return deletedTable\n      }\n      return null\n    } catch (error) {\n      throw error\n    }\n  }\n}\n\nexport default Tableservice"]},"_coverageSchema":"1a1c01bbd47fc00a2c39e90264f33305004495a9","hash":"43ed17a97ae8f8bac97399de82a9dcef7778e8a4","contentHash":"4588fd7aa89a67fe3eeb24a9baf62a273e1ea1679683c5f53e74c600bb825252"}}